Traceback (most recent call last):
  File "/opt/hostedtoolcache/Python/3.12.13/x64/lib/python3.12/site-packages/jupyter_cache/executors/utils.py", line 58, in single_nb_execution
    executenb(
  File "/opt/hostedtoolcache/Python/3.12.13/x64/lib/python3.12/site-packages/nbclient/client.py", line 1323, in execute
    return NotebookClient(nb=nb, resources=resources, km=km, **kwargs).execute()
           ^^^^^^^^^^^^^^^^^^^^^^^^^^^^^^^^^^^^^^^^^^^^^^^^^^^^^^^^^^^^^^^^^^^^^
  File "/opt/hostedtoolcache/Python/3.12.13/x64/lib/python3.12/site-packages/jupyter_core/utils/__init__.py", line 165, in wrapped
    return loop.run_until_complete(inner)
           ^^^^^^^^^^^^^^^^^^^^^^^^^^^^^^
  File "/opt/hostedtoolcache/Python/3.12.13/x64/lib/python3.12/asyncio/base_events.py", line 691, in run_until_complete
    return future.result()
           ^^^^^^^^^^^^^^^
  File "/opt/hostedtoolcache/Python/3.12.13/x64/lib/python3.12/site-packages/nbclient/client.py", line 709, in async_execute
    await self.async_execute_cell(
  File "/opt/hostedtoolcache/Python/3.12.13/x64/lib/python3.12/site-packages/nbclient/client.py", line 1062, in async_execute_cell
    await self._check_raise_for_error(cell, cell_index, exec_reply)
  File "/opt/hostedtoolcache/Python/3.12.13/x64/lib/python3.12/site-packages/nbclient/client.py", line 918, in _check_raise_for_error
    raise CellExecutionError.from_cell_and_msg(cell, exec_reply_content)
nbclient.exceptions.CellExecutionError: An error occurred while executing the following cell:
------------------
# Recode level as integer
cleandf = rawdf.dropna().copy()
cleandf["level"] = cleandf["level"].astype(int)
# doesn't work
# cleandf.loc[:,"level"] = cleandf["level"].astype(int)
cleandf
------------------


[31m---------------------------------------------------------------------------[39m
[31mKeyError[39m                                  Traceback (most recent call last)
[36mFile [39m[32m/opt/hostedtoolcache/Python/3.12.13/x64/lib/python3.12/site-packages/pandas/core/indexes/base.py:3641[39m, in [36mIndex.get_loc[39m[34m(self, key)[39m
[32m   3640[39m [38;5;28;01mtry[39;00m:
[32m-> [39m[32m3641[39m     [38;5;28;01mreturn[39;00m [38;5;28;43mself[39;49m[43m.[49m[43m_engine[49m[43m.[49m[43mget_loc[49m[43m([49m[43mcasted_key[49m[43m)[49m
[32m   3642[39m [38;5;28;01mexcept[39;00m [38;5;167;01mKeyError[39;00m [38;5;28;01mas[39;00m err:

[36mFile [39m[32mpandas/_libs/index.pyx:168[39m, in [36mpandas._libs.index.IndexEngine.get_loc[39m[34m()[39m
[32m--> [39m[32m168[39m [33m'Could not get source, probably due dynamically evaluated source code.'[39m

[36mFile [39m[32mpandas/_libs/index.pyx:197[39m, in [36mpandas._libs.index.IndexEngine.get_loc[39m[34m()[39m
[32m--> [39m[32m197[39m [33m'Could not get source, probably due dynamically evaluated source code.'[39m

[36mFile [39m[32mpandas/_libs/hashtable_class_helper.pxi:7668[39m, in [36mpandas._libs.hashtable.PyObjectHashTable.get_item[39m[34m()[39m
[32m-> [39m[32m7668[39m [33m'Could not get source, probably due dynamically evaluated source code.'[39m

[36mFile [39m[32mpandas/_libs/hashtable_class_helper.pxi:7676[39m, in [36mpandas._libs.hashtable.PyObjectHashTable.get_item[39m[34m()[39m
[32m-> [39m[32m7676[39m [33m'Could not get source, probably due dynamically evaluated source code.'[39m

[31mKeyError[39m: 'level'

The above exception was the direct cause of the following exception:

[31mKeyError[39m                                  Traceback (most recent call last)
[36mCell[39m[36m [39m[32mIn[57][39m[32m, line 3[39m
[32m      1[39m [38;5;66;03m# Recode level as integer[39;00m
[32m      2[39m cleandf = rawdf.dropna().copy()
[32m----> [39m[32m3[39m cleandf[[33m"level"[39m] = cleandf[[33m"level"[39m].astype(int)
[32m      4[39m [38;5;66;03m# doesn't work[39;00m
[32m      5[39m [38;5;66;03m# cleandf.loc[:,"level"] = cleandf["level"].astype(int)[39;00m
[32m      6[39m cleandf

[36mFile [39m[32m/opt/hostedtoolcache/Python/3.12.13/x64/lib/python3.12/site-packages/pandas/core/frame.py:4378[39m, in [36mDataFrame.__getitem__[39m[34m(self, key)[39m
[32m   4374[39m 
[32m   4375[39m         [38;5;28;01mif[39;00m is_single_key:
[32m   4376[39m             [38;5;28;01mif[39;00m self.columns.nlevels > [32m1[39m:
[32m   4377[39m                 [38;5;28;01mreturn[39;00m self._getitem_multilevel(key)
[32m-> [39m[32m4378[39m             indexer = self.columns.get_loc(key)
[32m   4379[39m             [38;5;28;01mif[39;00m is_integer(indexer):
[32m   4380[39m                 indexer = [indexer]
[32m   4381[39m         [38;5;28;01melse[39;00m:

[36mFile [39m[32m/opt/hostedtoolcache/Python/3.12.13/x64/lib/python3.12/site-packages/pandas/core/indexes/base.py:3648[39m, in [36mIndex.get_loc[39m[34m(self, key)[39m
[32m   3643[39m     [38;5;28;01mif[39;00m [38;5;28misinstance[39m(casted_key, [38;5;28mslice[39m) [38;5;129;01mor[39;00m (
[32m   3644[39m         [38;5;28misinstance[39m(casted_key, abc.Iterable)
[32m   3645[39m         [38;5;129;01mand[39;00m [38;5;28many[39m([38;5;28misinstance[39m(x, [38;5;28mslice[39m) [38;5;28;01mfor[39;00m x [38;5;129;01min[39;00m casted_key)
[32m   3646[39m     ):
[32m   3647[39m         [38;5;28;01mraise[39;00m InvalidIndexError(key) [38;5;28;01mfrom[39;00m[38;5;250m [39m[34;01merr[39;00m
[32m-> [39m[32m3648[39m     [38;5;28;01mraise[39;00m [38;5;167;01mKeyError[39;00m(key) [38;5;28;01mfrom[39;00m[38;5;250m [39m[34;01merr[39;00m
[32m   3649[39m [38;5;28;01mexcept[39;00m [38;5;167;01mTypeError[39;00m:
[32m   3650[39m     [38;5;66;03m# If we have a listlike key, _check_indexing_error will raise[39;00m
[32m   3651[39m     [38;5;66;03m#  InvalidIndexError. Otherwise we fall through and re-raise[39;00m
[32m   3652[39m     [38;5;66;03m#  the TypeError.[39;00m
[32m   3653[39m     [38;5;28mself[39m._check_indexing_error(key)

[31mKeyError[39m: 'level'

