Traceback (most recent call last):
  File "/opt/hostedtoolcache/Python/3.12.13/x64/lib/python3.12/site-packages/jupyter_cache/executors/utils.py", line 58, in single_nb_execution
    executenb(
  File "/opt/hostedtoolcache/Python/3.12.13/x64/lib/python3.12/site-packages/nbclient/client.py", line 1323, in execute
    return NotebookClient(nb=nb, resources=resources, km=km, **kwargs).execute()
           ^^^^^^^^^^^^^^^^^^^^^^^^^^^^^^^^^^^^^^^^^^^^^^^^^^^^^^^^^^^^^^^^^^^^^
  File "/opt/hostedtoolcache/Python/3.12.13/x64/lib/python3.12/site-packages/jupyter_core/utils/__init__.py", line 165, in wrapped
    return loop.run_until_complete(inner)
           ^^^^^^^^^^^^^^^^^^^^^^^^^^^^^^
  File "/opt/hostedtoolcache/Python/3.12.13/x64/lib/python3.12/asyncio/base_events.py", line 691, in run_until_complete
    return future.result()
           ^^^^^^^^^^^^^^^
  File "/opt/hostedtoolcache/Python/3.12.13/x64/lib/python3.12/site-packages/nbclient/client.py", line 709, in async_execute
    await self.async_execute_cell(
  File "/opt/hostedtoolcache/Python/3.12.13/x64/lib/python3.12/site-packages/nbclient/client.py", line 1062, in async_execute_cell
    await self._check_raise_for_error(cell, cell_index, exec_reply)
  File "/opt/hostedtoolcache/Python/3.12.13/x64/lib/python3.12/site-packages/nbclient/client.py", line 918, in _check_raise_for_error
    raise CellExecutionError.from_cell_and_msg(cell, exec_reply_content)
nbclient.exceptions.CellExecutionError: An error occurred while executing the following cell:
------------------
from scipy.stats import ttest_ind

xS = data[data["group"]=="S"]["ELV"]
xNS = data[data["group"]=="NS"]["ELV"]

ttest_ind(xS, xNS, permutations=10000).pvalue
------------------


[31m---------------------------------------------------------------------------[39m
[31mTypeError[39m                                 Traceback (most recent call last)
[36mCell[39m[36m [39m[32mIn[21][39m[32m, line 6[39m
[32m      2[39m 
[32m      3[39m xS = data[data[[33m"group"[39m]==[33m"S"[39m][[33m"ELV"[39m]
[32m      4[39m xNS = data[data[[33m"group"[39m]==[33m"NS"[39m][[33m"ELV"[39m]
[32m      5[39m 
[32m----> [39m[32m6[39m ttest_ind(xS, xNS, permutations=[32m10000[39m).pvalue

[36mFile [39m[32m/opt/hostedtoolcache/Python/3.12.13/x64/lib/python3.12/site-packages/scipy/stats/_axis_nan_policy.py:592[39m, in [36m_axis_nan_policy_factory.<locals>.axis_nan_policy_decorator.<locals>.axis_nan_policy_wrapper[39m[34m(***failed resolving arguments***)[39m
[32m    589[39m     res = _add_reduced_axes(res, reduced_axes, keepdims)
[32m    590[39m     [38;5;28;01mreturn[39;00m tuple_to_result(*res)
[32m--> [39m[32m592[39m res = [43mhypotest_fun_out[49m[43m([49m[43m*[49m[43msamples[49m[43m,[49m[43m [49m[43m*[49m[43m*[49m[43mkwds[49m[43m)[49m
[32m    593[39m res = result_to_tuple(res, n_out)
[32m    594[39m res = _add_reduced_axes(res, reduced_axes, keepdims)

[31mTypeError[39m: ttest_ind() got an unexpected keyword argument 'permutations'

