Traceback (most recent call last):
  File "/opt/hostedtoolcache/Python/3.8.18/x64/lib/python3.8/site-packages/jupyter_cache/executors/utils.py", line 58, in single_nb_execution
    executenb(
  File "/opt/hostedtoolcache/Python/3.8.18/x64/lib/python3.8/site-packages/nbclient/client.py", line 1305, in execute
    return NotebookClient(nb=nb, resources=resources, km=km, **kwargs).execute()
  File "/opt/hostedtoolcache/Python/3.8.18/x64/lib/python3.8/site-packages/jupyter_core/utils/__init__.py", line 166, in wrapped
    return loop.run_until_complete(inner)
  File "/opt/hostedtoolcache/Python/3.8.18/x64/lib/python3.8/asyncio/base_events.py", line 616, in run_until_complete
    return future.result()
  File "/opt/hostedtoolcache/Python/3.8.18/x64/lib/python3.8/site-packages/nbclient/client.py", line 705, in async_execute
    await self.async_execute_cell(
  File "/opt/hostedtoolcache/Python/3.8.18/x64/lib/python3.8/site-packages/nbclient/client.py", line 1058, in async_execute_cell
    await self._check_raise_for_error(cell, cell_index, exec_reply)
  File "/opt/hostedtoolcache/Python/3.8.18/x64/lib/python3.8/site-packages/nbclient/client.py", line 914, in _check_raise_for_error
    raise CellExecutionError.from_cell_and_msg(cell, exec_reply_content)
nbclient.exceptions.CellExecutionError: An error occurred while executing the following cell:
------------------
# data points
sns.scatterplot(x='hours', y='ELV', data=df2)

# linear model for data
x = df2['hours'].values   # input = hours
ymodel = beta0 + beta1*x  # output = ELV
sns.lineplot(x, ymodel)
------------------


[0;31m---------------------------------------------------------------------------[0m
[0;31mTypeError[0m                                 Traceback (most recent call last)
Cell [0;32mIn[8], line 7[0m
[1;32m      5[0m x [38;5;241m=[39m df2[[38;5;124m'[39m[38;5;124mhours[39m[38;5;124m'[39m][38;5;241m.[39mvalues   [38;5;66;03m# input = hours[39;00m
[1;32m      6[0m ymodel [38;5;241m=[39m beta0 [38;5;241m+[39m beta1[38;5;241m*[39mx  [38;5;66;03m# output = ELV[39;00m
[0;32m----> 7[0m [43msns[49m[38;5;241;43m.[39;49m[43mlineplot[49m[43m([49m[43mx[49m[43m,[49m[43m [49m[43mymodel[49m[43m)[49m

[0;31mTypeError[0m: lineplot() takes from 0 to 1 positional arguments but 2 were given

