Traceback (most recent call last):
  File "/opt/hostedtoolcache/Python/3.10.16/x64/lib/python3.10/site-packages/jupyter_cache/executors/utils.py", line 58, in single_nb_execution
    executenb(
  File "/opt/hostedtoolcache/Python/3.10.16/x64/lib/python3.10/site-packages/nbclient/client.py", line 1319, in execute
    return NotebookClient(nb=nb, resources=resources, km=km, **kwargs).execute()
  File "/opt/hostedtoolcache/Python/3.10.16/x64/lib/python3.10/site-packages/jupyter_core/utils/__init__.py", line 165, in wrapped
    return loop.run_until_complete(inner)
  File "/opt/hostedtoolcache/Python/3.10.16/x64/lib/python3.10/asyncio/base_events.py", line 649, in run_until_complete
    return future.result()
  File "/opt/hostedtoolcache/Python/3.10.16/x64/lib/python3.10/site-packages/nbclient/client.py", line 709, in async_execute
    await self.async_execute_cell(
  File "/opt/hostedtoolcache/Python/3.10.16/x64/lib/python3.10/site-packages/nbclient/client.py", line 1062, in async_execute_cell
    await self._check_raise_for_error(cell, cell_index, exec_reply)
  File "/opt/hostedtoolcache/Python/3.10.16/x64/lib/python3.10/site-packages/nbclient/client.py", line 918, in _check_raise_for_error
    raise CellExecutionError.from_cell_and_msg(cell, exec_reply_content)
nbclient.exceptions.CellExecutionError: An error occurred while executing the following cell:
------------------
# Figures setup
sns.set_theme(
    context="paper",
    style="whitegrid",
    palette="colorblind",
    rc={'figure.figsize': (7,4)},
)

%config InlineBackend.figure_format = 'retina'
------------------


[0;31m---------------------------------------------------------------------------[0m
[0;31mNameError[0m                                 Traceback (most recent call last)
Cell [0;32mIn[1], line 2[0m
[1;32m      1[0m [38;5;66;03m# Figures setup[39;00m
[0;32m----> 2[0m [43msns[49m[38;5;241m.[39mset_theme(
[1;32m      3[0m     context[38;5;241m=[39m[38;5;124m"[39m[38;5;124mpaper[39m[38;5;124m"[39m,
[1;32m      4[0m     style[38;5;241m=[39m[38;5;124m"[39m[38;5;124mwhitegrid[39m[38;5;124m"[39m,
[1;32m      5[0m     palette[38;5;241m=[39m[38;5;124m"[39m[38;5;124mcolorblind[39m[38;5;124m"[39m,
[1;32m      6[0m     rc[38;5;241m=[39m{[38;5;124m'[39m[38;5;124mfigure.figsize[39m[38;5;124m'[39m: ([38;5;241m7[39m,[38;5;241m4[39m)},
[1;32m      7[0m )
[1;32m      9[0m get_ipython()[38;5;241m.[39mrun_line_magic([38;5;124m'[39m[38;5;124mconfig[39m[38;5;124m'[39m, [38;5;124m"[39m[38;5;124mInlineBackend.figure_format = [39m[38;5;124m'[39m[38;5;124mretina[39m[38;5;124m'[39m[38;5;124m"[39m)

[0;31mNameError[0m: name 'sns' is not defined

