Traceback (most recent call last):
  File "/opt/hostedtoolcache/Python/3.8.16/x64/lib/python3.8/site-packages/jupyter_cache/executors/utils.py", line 58, in single_nb_execution
    executenb(
  File "/opt/hostedtoolcache/Python/3.8.16/x64/lib/python3.8/site-packages/nbclient/client.py", line 1204, in execute
    return NotebookClient(nb=nb, resources=resources, km=km, **kwargs).execute()
  File "/opt/hostedtoolcache/Python/3.8.16/x64/lib/python3.8/site-packages/nbclient/util.py", line 84, in wrapped
    return just_run(coro(*args, **kwargs))
  File "/opt/hostedtoolcache/Python/3.8.16/x64/lib/python3.8/site-packages/nbclient/util.py", line 62, in just_run
    return loop.run_until_complete(coro)
  File "/opt/hostedtoolcache/Python/3.8.16/x64/lib/python3.8/asyncio/base_events.py", line 616, in run_until_complete
    return future.result()
  File "/opt/hostedtoolcache/Python/3.8.16/x64/lib/python3.8/site-packages/nbclient/client.py", line 663, in async_execute
    await self.async_execute_cell(
  File "/opt/hostedtoolcache/Python/3.8.16/x64/lib/python3.8/site-packages/nbclient/client.py", line 965, in async_execute_cell
    await self._check_raise_for_error(cell, cell_index, exec_reply)
  File "/opt/hostedtoolcache/Python/3.8.16/x64/lib/python3.8/site-packages/nbclient/client.py", line 862, in _check_raise_for_error
    raise CellExecutionError.from_cell_and_msg(cell, exec_reply_content)
nbclient.exceptions.CellExecutionError: An error occurred while executing the following cell:
------------------
from scipy.stats import t as tdist

# analytical approx.
df = n - 1
rvTB = tdist(df, loc=muK, scale=sehat02)
ax = plot_pdf(rvTB, xlims=[985,1015], color=orange)
ax.set_ylabel("$f_{\overline{\mathbf{K}}}$")
_ = ax.set_xlabel("$\overline{\mathbf{k}}$")

# boostrap approx.
kbars02_boot = gen_boot_dist(ksample02, estfunc=mean)
kbars02_boot = np.array(kbars02_boot)
kbars02_bootB = kbars02_boot - kbar02 + muK
sns.histplot(kbars02_bootB, ax=ax, bins=30, stat="density", color=orange, alpha=0.5)

# population mean
ax.axvline(muK, color="m")

# sample mean
ax.axvline(kbar02, linestyle="--", color="red")
------------------

[0;31m---------------------------------------------------------------------------[0m
[0;31mNameError[0m                                 Traceback (most recent call last)
Cell [0;32mIn[126], line 13[0m
[1;32m     11[0m kbars02_boot [38;5;241m=[39m gen_boot_dist(ksample02, estfunc[38;5;241m=[39mmean)
[1;32m     12[0m kbars02_boot [38;5;241m=[39m np[38;5;241m.[39marray(kbars02_boot)
[0;32m---> 13[0m kbars02_bootB [38;5;241m=[39m kbars02_boot [38;5;241m-[39m [43mkbar02[49m [38;5;241m+[39m muK
[1;32m     14[0m sns[38;5;241m.[39mhistplot(kbars02_bootB, ax[38;5;241m=[39max, bins[38;5;241m=[39m[38;5;241m30[39m, stat[38;5;241m=[39m[38;5;124m"[39m[38;5;124mdensity[39m[38;5;124m"[39m, color[38;5;241m=[39morange, alpha[38;5;241m=[39m[38;5;241m0.5[39m)
[1;32m     16[0m [38;5;66;03m# population mean[39;00m

[0;31mNameError[0m: name 'kbar02' is not defined
NameError: name 'kbar02' is not defined

