Traceback (most recent call last):
  File "/opt/hostedtoolcache/Python/3.9.19/x64/lib/python3.9/site-packages/jupyter_cache/executors/utils.py", line 58, in single_nb_execution
    executenb(
  File "/opt/hostedtoolcache/Python/3.9.19/x64/lib/python3.9/site-packages/nbclient/client.py", line 1314, in execute
    return NotebookClient(nb=nb, resources=resources, km=km, **kwargs).execute()
  File "/opt/hostedtoolcache/Python/3.9.19/x64/lib/python3.9/site-packages/jupyter_core/utils/__init__.py", line 165, in wrapped
    return loop.run_until_complete(inner)
  File "/opt/hostedtoolcache/Python/3.9.19/x64/lib/python3.9/asyncio/base_events.py", line 647, in run_until_complete
    return future.result()
  File "/opt/hostedtoolcache/Python/3.9.19/x64/lib/python3.9/site-packages/nbclient/client.py", line 709, in async_execute
    await self.async_execute_cell(
  File "/opt/hostedtoolcache/Python/3.9.19/x64/lib/python3.9/site-packages/nbclient/client.py", line 1062, in async_execute_cell
    await self._check_raise_for_error(cell, cell_index, exec_reply)
  File "/opt/hostedtoolcache/Python/3.9.19/x64/lib/python3.9/site-packages/nbclient/client.py", line 918, in _check_raise_for_error
    raise CellExecutionError.from_cell_and_msg(cell, exec_reply_content)
nbclient.exceptions.CellExecutionError: An error occurred while executing the following cell:
------------------
from biokit.viz import corrplot

doctors = pd.read_csv("../datasets/doctors.csv")


c = corrplot.Corrplot(doctors[["alc", "weed", "exrc"]])
c.plot();
------------------


[0;31m---------------------------------------------------------------------------[0m
[0;31mModuleNotFoundError[0m                       Traceback (most recent call last)
Cell [0;32mIn[17], line 1[0m
[0;32m----> 1[0m [38;5;28;01mfrom[39;00m [38;5;21;01mbiokit[39;00m[38;5;21;01m.[39;00m[38;5;21;01mviz[39;00m [38;5;28;01mimport[39;00m corrplot
[1;32m      3[0m doctors [38;5;241m=[39m pd[38;5;241m.[39mread_csv([38;5;124m"[39m[38;5;124m../datasets/doctors.csv[39m[38;5;124m"[39m)
[1;32m      6[0m c [38;5;241m=[39m corrplot[38;5;241m.[39mCorrplot(doctors[[[38;5;124m"[39m[38;5;124malc[39m[38;5;124m"[39m, [38;5;124m"[39m[38;5;124mweed[39m[38;5;124m"[39m, [38;5;124m"[39m[38;5;124mexrc[39m[38;5;124m"[39m]])

[0;31mModuleNotFoundError[0m: No module named 'biokit'

