Traceback (most recent call last):
  File "/opt/hostedtoolcache/Python/3.12.13/x64/lib/python3.12/site-packages/jupyter_cache/executors/utils.py", line 58, in single_nb_execution
    executenb(
  File "/opt/hostedtoolcache/Python/3.12.13/x64/lib/python3.12/site-packages/nbclient/client.py", line 1323, in execute
    return NotebookClient(nb=nb, resources=resources, km=km, **kwargs).execute()
           ^^^^^^^^^^^^^^^^^^^^^^^^^^^^^^^^^^^^^^^^^^^^^^^^^^^^^^^^^^^^^^^^^^^^^
  File "/opt/hostedtoolcache/Python/3.12.13/x64/lib/python3.12/site-packages/jupyter_core/utils/__init__.py", line 165, in wrapped
    return loop.run_until_complete(inner)
           ^^^^^^^^^^^^^^^^^^^^^^^^^^^^^^
  File "/opt/hostedtoolcache/Python/3.12.13/x64/lib/python3.12/asyncio/base_events.py", line 691, in run_until_complete
    return future.result()
           ^^^^^^^^^^^^^^^
  File "/opt/hostedtoolcache/Python/3.12.13/x64/lib/python3.12/site-packages/nbclient/client.py", line 709, in async_execute
    await self.async_execute_cell(
  File "/opt/hostedtoolcache/Python/3.12.13/x64/lib/python3.12/site-packages/nbclient/client.py", line 1062, in async_execute_cell
    await self._check_raise_for_error(cell, cell_index, exec_reply)
  File "/opt/hostedtoolcache/Python/3.12.13/x64/lib/python3.12/site-packages/nbclient/client.py", line 918, in _check_raise_for_error
    raise CellExecutionError.from_cell_and_msg(cell, exec_reply_content)
nbclient.exceptions.CellExecutionError: An error occurred while executing the following cell:
------------------
# CI for IRR F 
np.exp(prlahigh.conf_int().loc["C(gender)[T.M]"])
------------------


[31m---------------------------------------------------------------------------[39m
[31mKeyError[39m                                  Traceback (most recent call last)
[36mFile [39m[32m/opt/hostedtoolcache/Python/3.12.13/x64/lib/python3.12/site-packages/pandas/core/indexes/base.py:3641[39m, in [36mIndex.get_loc[39m[34m(self, key)[39m
[32m   3640[39m [38;5;28;01mtry[39;00m:
[32m-> [39m[32m3641[39m     [38;5;28;01mreturn[39;00m [38;5;28;43mself[39;49m[43m.[49m[43m_engine[49m[43m.[49m[43mget_loc[49m[43m([49m[43mcasted_key[49m[43m)[49m
[32m   3642[39m [38;5;28;01mexcept[39;00m [38;5;167;01mKeyError[39;00m [38;5;28;01mas[39;00m err:

[36mFile [39m[32mpandas/_libs/index.pyx:168[39m, in [36mpandas._libs.index.IndexEngine.get_loc[39m[34m()[39m
[32m--> [39m[32m168[39m [33m'Could not get source, probably due dynamically evaluated source code.'[39m

[36mFile [39m[32mpandas/_libs/index.pyx:197[39m, in [36mpandas._libs.index.IndexEngine.get_loc[39m[34m()[39m
[32m--> [39m[32m197[39m [33m'Could not get source, probably due dynamically evaluated source code.'[39m

[36mFile [39m[32mpandas/_libs/hashtable_class_helper.pxi:7668[39m, in [36mpandas._libs.hashtable.PyObjectHashTable.get_item[39m[34m()[39m
[32m-> [39m[32m7668[39m [33m'Could not get source, probably due dynamically evaluated source code.'[39m

[36mFile [39m[32mpandas/_libs/hashtable_class_helper.pxi:7676[39m, in [36mpandas._libs.hashtable.PyObjectHashTable.get_item[39m[34m()[39m
[32m-> [39m[32m7676[39m [33m'Could not get source, probably due dynamically evaluated source code.'[39m

[31mKeyError[39m: 'C(gender)[T.M]'

The above exception was the direct cause of the following exception:

[31mKeyError[39m                                  Traceback (most recent call last)
[36mCell[39m[36m [39m[32mIn[90][39m[32m, line 2[39m
[32m      1[39m [38;5;66;03m# CI for IRR F[39;00m
[32m----> [39m[32m2[39m np.exp(prlahigh.conf_int().loc[[33m"C(gender)[T.M]"[39m])

[36mFile [39m[32m/opt/hostedtoolcache/Python/3.12.13/x64/lib/python3.12/site-packages/pandas/core/indexing.py:1207[39m, in [36m_LocationIndexer.__getitem__[39m[34m(self, key)[39m
[32m   1205[39m maybe_callable = com.apply_if_callable(key, [38;5;28mself[39m.obj)
[32m   1206[39m maybe_callable = [38;5;28mself[39m._raise_callable_usage(key, maybe_callable)
[32m-> [39m[32m1207[39m [38;5;28;01mreturn[39;00m [38;5;28;43mself[39;49m[43m.[49m[43m_getitem_axis[49m[43m([49m[43mmaybe_callable[49m[43m,[49m[43m [49m[43maxis[49m[43m=[49m[43maxis[49m[43m)[49m

[36mFile [39m[32m/opt/hostedtoolcache/Python/3.12.13/x64/lib/python3.12/site-packages/pandas/core/indexing.py:1449[39m, in [36m_LocIndexer._getitem_axis[39m[34m(self, key, axis)[39m
[32m   1447[39m [38;5;66;03m# fall thru to straight lookup[39;00m
[32m   1448[39m [38;5;28mself[39m._validate_key(key, axis)
[32m-> [39m[32m1449[39m [38;5;28;01mreturn[39;00m [38;5;28;43mself[39;49m[43m.[49m[43m_get_label[49m[43m([49m[43mkey[49m[43m,[49m[43m [49m[43maxis[49m[43m=[49m[43maxis[49m[43m)[49m

[36mFile [39m[32m/opt/hostedtoolcache/Python/3.12.13/x64/lib/python3.12/site-packages/pandas/core/indexing.py:1399[39m, in [36m_LocIndexer._get_label[39m[34m(self, label, axis)[39m
[32m   1397[39m [38;5;28;01mdef[39;00m[38;5;250m [39m[34m_get_label[39m([38;5;28mself[39m, label, axis: AxisInt):
[32m   1398[39m     [38;5;66;03m# GH#5567 this will fail if the label is not present in the axis.[39;00m
[32m-> [39m[32m1399[39m     [38;5;28;01mreturn[39;00m [38;5;28;43mself[39;49m[43m.[49m[43mobj[49m[43m.[49m[43mxs[49m[43m([49m[43mlabel[49m[43m,[49m[43m [49m[43maxis[49m[43m=[49m[43maxis[49m[43m)[49m

[36mFile [39m[32m/opt/hostedtoolcache/Python/3.12.13/x64/lib/python3.12/site-packages/pandas/core/generic.py:4253[39m, in [36mNDFrame.xs[39m[34m(self, key, axis, level, drop_level)[39m
[32m   4249[39m                     new_index = index[loc : loc + [32m1[39m]
[32m   4250[39m                 [38;5;28;01melse[39;00m:
[32m   4251[39m                     new_index = index[loc]
[32m   4252[39m         [38;5;28;01melse[39;00m:
[32m-> [39m[32m4253[39m             loc = index.get_loc(key)
[32m   4254[39m 
[32m   4255[39m             [38;5;28;01mif[39;00m isinstance(loc, np.ndarray):
[32m   4256[39m                 [38;5;28;01mif[39;00m loc.dtype == np.bool_:

[36mFile [39m[32m/opt/hostedtoolcache/Python/3.12.13/x64/lib/python3.12/site-packages/pandas/core/indexes/base.py:3648[39m, in [36mIndex.get_loc[39m[34m(self, key)[39m
[32m   3643[39m     [38;5;28;01mif[39;00m [38;5;28misinstance[39m(casted_key, [38;5;28mslice[39m) [38;5;129;01mor[39;00m (
[32m   3644[39m         [38;5;28misinstance[39m(casted_key, abc.Iterable)
[32m   3645[39m         [38;5;129;01mand[39;00m [38;5;28many[39m([38;5;28misinstance[39m(x, [38;5;28mslice[39m) [38;5;28;01mfor[39;00m x [38;5;129;01min[39;00m casted_key)
[32m   3646[39m     ):
[32m   3647[39m         [38;5;28;01mraise[39;00m InvalidIndexError(key) [38;5;28;01mfrom[39;00m[38;5;250m [39m[34;01merr[39;00m
[32m-> [39m[32m3648[39m     [38;5;28;01mraise[39;00m [38;5;167;01mKeyError[39;00m(key) [38;5;28;01mfrom[39;00m[38;5;250m [39m[34;01merr[39;00m
[32m   3649[39m [38;5;28;01mexcept[39;00m [38;5;167;01mTypeError[39;00m:
[32m   3650[39m     [38;5;66;03m# If we have a listlike key, _check_indexing_error will raise[39;00m
[32m   3651[39m     [38;5;66;03m#  InvalidIndexError. Otherwise we fall through and re-raise[39;00m
[32m   3652[39m     [38;5;66;03m#  the TypeError.[39;00m
[32m   3653[39m     [38;5;28mself[39m._check_indexing_error(key)

[31mKeyError[39m: 'C(gender)[T.M]'

