Traceback (most recent call last):
  File "/opt/hostedtoolcache/Python/3.8.18/x64/lib/python3.8/site-packages/jupyter_cache/executors/utils.py", line 58, in single_nb_execution
    executenb(
  File "/opt/hostedtoolcache/Python/3.8.18/x64/lib/python3.8/site-packages/nbclient/client.py", line 1305, in execute
    return NotebookClient(nb=nb, resources=resources, km=km, **kwargs).execute()
  File "/opt/hostedtoolcache/Python/3.8.18/x64/lib/python3.8/site-packages/jupyter_core/utils/__init__.py", line 165, in wrapped
    return loop.run_until_complete(inner)
  File "/opt/hostedtoolcache/Python/3.8.18/x64/lib/python3.8/asyncio/base_events.py", line 616, in run_until_complete
    return future.result()
  File "/opt/hostedtoolcache/Python/3.8.18/x64/lib/python3.8/site-packages/nbclient/client.py", line 705, in async_execute
    await self.async_execute_cell(
  File "/opt/hostedtoolcache/Python/3.8.18/x64/lib/python3.8/site-packages/nbclient/client.py", line 1058, in async_execute_cell
    await self._check_raise_for_error(cell, cell_index, exec_reply)
  File "/opt/hostedtoolcache/Python/3.8.18/x64/lib/python3.8/site-packages/nbclient/client.py", line 914, in _check_raise_for_error
    raise CellExecutionError.from_cell_and_msg(cell, exec_reply_content)
nbclient.exceptions.CellExecutionError: An error occurred while executing the following cell:
------------------
σ_0 = 1
σ_1 = 1
y = np.array([0])
stats.norm.logpdf(loc=0, scale=(σ_0**2+σ_1**2)**0.5, x=y).sum()
------------------


[0;31m---------------------------------------------------------------------------[0m
[0;31mNameError[0m                                 Traceback (most recent call last)
Cell [0;32mIn[4], line 3[0m
[1;32m      1[0m σ_0 [38;5;241m=[39m [38;5;241m1[39m
[1;32m      2[0m σ_1 [38;5;241m=[39m [38;5;241m1[39m
[0;32m----> 3[0m y [38;5;241m=[39m [43mnp[49m[38;5;241m.[39marray([[38;5;241m0[39m])
[1;32m      4[0m stats[38;5;241m.[39mnorm[38;5;241m.[39mlogpdf(loc[38;5;241m=[39m[38;5;241m0[39m, scale[38;5;241m=[39m(σ_0[38;5;241m*[39m[38;5;241m*[39m[38;5;241m2[39m[38;5;241m+[39mσ_1[38;5;241m*[39m[38;5;241m*[39m[38;5;241m2[39m)[38;5;241m*[39m[38;5;241m*[39m[38;5;241m0.5[39m, x[38;5;241m=[39my)[38;5;241m.[39msum()

[0;31mNameError[0m: name 'np' is not defined

