Traceback (most recent call last):
  File "/opt/hostedtoolcache/Python/3.9.20/x64/lib/python3.9/site-packages/jupyter_cache/executors/utils.py", line 58, in single_nb_execution
    executenb(
  File "/opt/hostedtoolcache/Python/3.9.20/x64/lib/python3.9/site-packages/nbclient/client.py", line 1314, in execute
    return NotebookClient(nb=nb, resources=resources, km=km, **kwargs).execute()
  File "/opt/hostedtoolcache/Python/3.9.20/x64/lib/python3.9/site-packages/jupyter_core/utils/__init__.py", line 165, in wrapped
    return loop.run_until_complete(inner)
  File "/opt/hostedtoolcache/Python/3.9.20/x64/lib/python3.9/asyncio/base_events.py", line 647, in run_until_complete
    return future.result()
  File "/opt/hostedtoolcache/Python/3.9.20/x64/lib/python3.9/site-packages/nbclient/client.py", line 709, in async_execute
    await self.async_execute_cell(
  File "/opt/hostedtoolcache/Python/3.9.20/x64/lib/python3.9/site-packages/nbclient/client.py", line 1062, in async_execute_cell
    await self._check_raise_for_error(cell, cell_index, exec_reply)
  File "/opt/hostedtoolcache/Python/3.9.20/x64/lib/python3.9/site-packages/nbclient/client.py", line 918, in _check_raise_for_error
    raise CellExecutionError.from_cell_and_msg(cell, exec_reply_content)
nbclient.exceptions.CellExecutionError: An error occurred while executing the following cell:
------------------
# verify computation against the R package `BayesFactor`
import rpy2.robjects as robjects
from rpy2.robjects import r as runr, pandas2ri
from rpy2.robjects.packages import importr
pandas2ri.activate()

# import the BayesFactor package
BayesFactor = importr('BayesFactor')

# copy the data sample into the R workspace
robjects.globalenv["iqs"] = np.array(iqs)

# compute the Bayes factor
runr('bf = ttestBF(iqs, mu=100)')
runr('print(bf)')
------------------


[0;31m---------------------------------------------------------------------------[0m
[0;31mModuleNotFoundError[0m                       Traceback (most recent call last)
Cell [0;32mIn[72], line 2[0m
[1;32m      1[0m [38;5;66;03m# verify computation against the R package `BayesFactor`[39;00m
[0;32m----> 2[0m [38;5;28;01mimport[39;00m [38;5;21;01mrpy2[39;00m[38;5;21;01m.[39;00m[38;5;21;01mrobjects[39;00m [38;5;28;01mas[39;00m [38;5;21;01mrobjects[39;00m
[1;32m      3[0m [38;5;28;01mfrom[39;00m [38;5;21;01mrpy2[39;00m[38;5;21;01m.[39;00m[38;5;21;01mrobjects[39;00m [38;5;28;01mimport[39;00m r [38;5;28;01mas[39;00m runr, pandas2ri
[1;32m      4[0m [38;5;28;01mfrom[39;00m [38;5;21;01mrpy2[39;00m[38;5;21;01m.[39;00m[38;5;21;01mrobjects[39;00m[38;5;21;01m.[39;00m[38;5;21;01mpackages[39;00m [38;5;28;01mimport[39;00m importr

[0;31mModuleNotFoundError[0m: No module named 'rpy2'

