Traceback (most recent call last):
  File "/opt/hostedtoolcache/Python/3.9.20/x64/lib/python3.9/site-packages/jupyter_cache/executors/utils.py", line 58, in single_nb_execution
    executenb(
  File "/opt/hostedtoolcache/Python/3.9.20/x64/lib/python3.9/site-packages/nbclient/client.py", line 1314, in execute
    return NotebookClient(nb=nb, resources=resources, km=km, **kwargs).execute()
  File "/opt/hostedtoolcache/Python/3.9.20/x64/lib/python3.9/site-packages/jupyter_core/utils/__init__.py", line 165, in wrapped
    return loop.run_until_complete(inner)
  File "/opt/hostedtoolcache/Python/3.9.20/x64/lib/python3.9/asyncio/base_events.py", line 647, in run_until_complete
    return future.result()
  File "/opt/hostedtoolcache/Python/3.9.20/x64/lib/python3.9/site-packages/nbclient/client.py", line 709, in async_execute
    await self.async_execute_cell(
  File "/opt/hostedtoolcache/Python/3.9.20/x64/lib/python3.9/site-packages/nbclient/client.py", line 1062, in async_execute_cell
    await self._check_raise_for_error(cell, cell_index, exec_reply)
  File "/opt/hostedtoolcache/Python/3.9.20/x64/lib/python3.9/site-packages/nbclient/client.py", line 918, in _check_raise_for_error
    raise CellExecutionError.from_cell_and_msg(cell, exec_reply_content)
nbclient.exceptions.CellExecutionError: An error occurred while executing the following cell:
------------------
idata1 = mod1.fit(random_seed=[42,42,44,45])
------------------

----- stderr -----
Modeling the probability that ctoss==1
------------------

[0;31m---------------------------------------------------------------------------[0m
[0;31mValueError[0m                                Traceback (most recent call last)
Cell [0;32mIn[11], line 1[0m
[0;32m----> 1[0m idata1 [38;5;241m=[39m [43mmod1[49m[38;5;241;43m.[39;49m[43mfit[49m[43m([49m[43mrandom_seed[49m[38;5;241;43m=[39;49m[43m[[49m[38;5;241;43m42[39;49m[43m,[49m[38;5;241;43m42[39;49m[43m,[49m[38;5;241;43m44[39;49m[43m,[49m[38;5;241;43m45[39;49m[43m][49m[43m)[49m

File [0;32m/opt/hostedtoolcache/Python/3.9.20/x64/lib/python3.9/site-packages/bambi/models.py:333[0m, in [0;36mModel.fit[0;34m(self, draws, tune, discard_tuned_samples, omit_offsets, include_mean, inference_method, init, n_init, chains, cores, random_seed, **kwargs)[0m
[1;32m    326[0m     response [38;5;241m=[39m [38;5;28mself[39m[38;5;241m.[39mcomponents[[38;5;28mself[39m[38;5;241m.[39mresponse_name]
[1;32m    327[0m     _log[38;5;241m.[39minfo(
[1;32m    328[0m         [38;5;124m"[39m[38;5;124mModeling the probability that [39m[38;5;132;01m%s[39;00m[38;5;124m==[39m[38;5;132;01m%s[39;00m[38;5;124m"[39m,
[1;32m    329[0m         response[38;5;241m.[39mresponse_term[38;5;241m.[39mname,
[1;32m    330[0m         [38;5;28mstr[39m(response[38;5;241m.[39mresponse_term[38;5;241m.[39msuccess),
[1;32m    331[0m     )
[0;32m--> 333[0m [38;5;28;01mreturn[39;00m [38;5;28;43mself[39;49m[38;5;241;43m.[39;49m[43mbackend[49m[38;5;241;43m.[39;49m[43mrun[49m[43m([49m
[1;32m    334[0m [43m    [49m[43mdraws[49m[38;5;241;43m=[39;49m[43mdraws[49m[43m,[49m
[1;32m    335[0m [43m    [49m[43mtune[49m[38;5;241;43m=[39;49m[43mtune[49m[43m,[49m
[1;32m    336[0m [43m    [49m[43mdiscard_tuned_samples[49m[38;5;241;43m=[39;49m[43mdiscard_tuned_samples[49m[43m,[49m
[1;32m    337[0m [43m    [49m[43momit_offsets[49m[38;5;241;43m=[39;49m[43momit_offsets[49m[43m,[49m
[1;32m    338[0m [43m    [49m[43minclude_mean[49m[38;5;241;43m=[39;49m[43minclude_mean[49m[43m,[49m
[1;32m    339[0m [43m    [49m[43minference_method[49m[38;5;241;43m=[39;49m[43minference_method[49m[43m,[49m
[1;32m    340[0m [43m    [49m[43minit[49m[38;5;241;43m=[39;49m[43minit[49m[43m,[49m
[1;32m    341[0m [43m    [49m[43mn_init[49m[38;5;241;43m=[39;49m[43mn_init[49m[43m,[49m
[1;32m    342[0m [43m    [49m[43mchains[49m[38;5;241;43m=[39;49m[43mchains[49m[43m,[49m
[1;32m    343[0m [43m    [49m[43mcores[49m[38;5;241;43m=[39;49m[43mcores[49m[43m,[49m
[1;32m    344[0m [43m    [49m[43mrandom_seed[49m[38;5;241;43m=[39;49m[43mrandom_seed[49m[43m,[49m
[1;32m    345[0m [43m    [49m[38;5;241;43m*[39;49m[38;5;241;43m*[39;49m[43mkwargs[49m[43m,[49m
[1;32m    346[0m [43m[49m[43m)[49m

File [0;32m/opt/hostedtoolcache/Python/3.9.20/x64/lib/python3.9/site-packages/bambi/backend/pymc.py:96[0m, in [0;36mPyMCModel.run[0;34m(self, draws, tune, discard_tuned_samples, omit_offsets, include_mean, inference_method, init, n_init, chains, cores, random_seed, **kwargs)[0m
[1;32m     94[0m [38;5;66;03m# NOTE: Methods return different types of objects (idata, approximation, and dictionary)[39;00m
[1;32m     95[0m [38;5;28;01mif[39;00m inference_method [38;5;129;01min[39;00m [[38;5;124m"[39m[38;5;124mmcmc[39m[38;5;124m"[39m, [38;5;124m"[39m[38;5;124mnuts_numpyro[39m[38;5;124m"[39m, [38;5;124m"[39m[38;5;124mnuts_blackjax[39m[38;5;124m"[39m]:
[0;32m---> 96[0m     result [38;5;241m=[39m [38;5;28;43mself[39;49m[38;5;241;43m.[39;49m[43m_run_mcmc[49m[43m([49m
[1;32m     97[0m [43m        [49m[43mdraws[49m[43m,[49m
[1;32m     98[0m [43m        [49m[43mtune[49m[43m,[49m
[1;32m     99[0m [43m        [49m[43mdiscard_tuned_samples[49m[43m,[49m
[1;32m    100[0m [43m        [49m[43momit_offsets[49m[43m,[49m
[1;32m    101[0m [43m        [49m[43minclude_mean[49m[43m,[49m
[1;32m    102[0m [43m        [49m[43minit[49m[43m,[49m
[1;32m    103[0m [43m        [49m[43mn_init[49m[43m,[49m
[1;32m    104[0m [43m        [49m[43mchains[49m[43m,[49m
[1;32m    105[0m [43m        [49m[43mcores[49m[43m,[49m
[1;32m    106[0m [43m        [49m[43mrandom_seed[49m[43m,[49m
[1;32m    107[0m [43m        [49m[43minference_method[49m[43m,[49m
[1;32m    108[0m [43m        [49m[38;5;241;43m*[39;49m[38;5;241;43m*[39;49m[43mkwargs[49m[43m,[49m
[1;32m    109[0m [43m    [49m[43m)[49m
[1;32m    110[0m [38;5;28;01melif[39;00m inference_method [38;5;241m==[39m [38;5;124m"[39m[38;5;124mvi[39m[38;5;124m"[39m:
[1;32m    111[0m     result [38;5;241m=[39m [38;5;28mself[39m[38;5;241m.[39m_run_vi([38;5;241m*[39m[38;5;241m*[39mkwargs)

File [0;32m/opt/hostedtoolcache/Python/3.9.20/x64/lib/python3.9/site-packages/bambi/backend/pymc.py:172[0m, in [0;36mPyMCModel._run_mcmc[0;34m(self, draws, tune, discard_tuned_samples, omit_offsets, include_mean, init, n_init, chains, cores, random_seed, sampler_backend, **kwargs)[0m
[1;32m    170[0m [38;5;28;01mif[39;00m sampler_backend [38;5;241m==[39m [38;5;124m"[39m[38;5;124mmcmc[39m[38;5;124m"[39m:
[1;32m    171[0m     [38;5;28;01mtry[39;00m:
[0;32m--> 172[0m         idata [38;5;241m=[39m [43mpm[49m[38;5;241;43m.[39;49m[43msample[49m[43m([49m
[1;32m    173[0m [43m            [49m[43mdraws[49m[38;5;241;43m=[39;49m[43mdraws[49m[43m,[49m
[1;32m    174[0m [43m            [49m[43mtune[49m[38;5;241;43m=[39;49m[43mtune[49m[43m,[49m
[1;32m    175[0m [43m            [49m[43mdiscard_tuned_samples[49m[38;5;241;43m=[39;49m[43mdiscard_tuned_samples[49m[43m,[49m
[1;32m    176[0m [43m            [49m[43minit[49m[38;5;241;43m=[39;49m[43minit[49m[43m,[49m
[1;32m    177[0m [43m            [49m[43mn_init[49m[38;5;241;43m=[39;49m[43mn_init[49m[43m,[49m
[1;32m    178[0m [43m            [49m[43mchains[49m[38;5;241;43m=[39;49m[43mchains[49m[43m,[49m
[1;32m    179[0m [43m            [49m[43mcores[49m[38;5;241;43m=[39;49m[43mcores[49m[43m,[49m
[1;32m    180[0m [43m            [49m[43mrandom_seed[49m[38;5;241;43m=[39;49m[43mrandom_seed[49m[43m,[49m
[1;32m    181[0m [43m            [49m[38;5;241;43m*[39;49m[38;5;241;43m*[39;49m[43mkwargs[49m[43m,[49m
[1;32m    182[0m [43m        [49m[43m)[49m
[1;32m    183[0m     [38;5;28;01mexcept[39;00m ([38;5;167;01mRuntimeError[39;00m, [38;5;167;01mValueError[39;00m):
[1;32m    184[0m         [38;5;28;01mif[39;00m (
[1;32m    185[0m             [38;5;124m"[39m[38;5;124mValueError: Mass matrix contains[39m[38;5;124m"[39m [38;5;129;01min[39;00m traceback[38;5;241m.[39mformat_exc()
[1;32m    186[0m             [38;5;129;01mand[39;00m init [38;5;241m==[39m [38;5;124m"[39m[38;5;124mauto[39m[38;5;124m"[39m
[1;32m    187[0m         ):

File [0;32m/opt/hostedtoolcache/Python/3.9.20/x64/lib/python3.9/site-packages/pymc/sampling/mcmc.py:647[0m, in [0;36msample[0;34m(draws, tune, chains, cores, random_seed, progressbar, step, var_names, nuts_sampler, initvals, init, jitter_max_retries, n_init, trace, discard_tuned_samples, compute_convergence_checks, keep_warning_stat, return_inferencedata, idata_kwargs, nuts_sampler_kwargs, callback, mp_ctx, model, **kwargs)[0m
[1;32m    645[0m [38;5;28;01mif[39;00m random_seed [38;5;241m==[39m [38;5;241m-[39m[38;5;241m1[39m:
[1;32m    646[0m     random_seed [38;5;241m=[39m [38;5;28;01mNone[39;00m
[0;32m--> 647[0m random_seed_list [38;5;241m=[39m [43m_get_seeds_per_chain[49m[43m([49m[43mrandom_seed[49m[43m,[49m[43m [49m[43mchains[49m[43m)[49m
[1;32m    649[0m [38;5;28;01mif[39;00m [38;5;129;01mnot[39;00m discard_tuned_samples [38;5;129;01mand[39;00m [38;5;129;01mnot[39;00m return_inferencedata:
[1;32m    650[0m     warnings[38;5;241m.[39mwarn(
[1;32m    651[0m         [38;5;124m"[39m[38;5;124mTuning samples will be included in the returned `MultiTrace` object, which can lead to[39m[38;5;124m"[39m
[1;32m    652[0m         [38;5;124m"[39m[38;5;124m complications in your downstream analysis. Please consider to switch to `InferenceData`:[39m[38;5;130;01m\n[39;00m[38;5;124m"[39m
[0;32m   (...)[0m
[1;32m    655[0m         stacklevel[38;5;241m=[39m[38;5;241m2[39m,
[1;32m    656[0m     )

File [0;32m/opt/hostedtoolcache/Python/3.9.20/x64/lib/python3.9/site-packages/pymc/util.py:447[0m, in [0;36m_get_seeds_per_chain[0;34m(random_state, chains)[0m
[1;32m    444[0m     [38;5;28;01mraise[39;00m [38;5;167;01mValueError[39;00m([38;5;124mf[39m[38;5;124m"[39m[38;5;124mThe `seeds` must be array-like. Got [39m[38;5;132;01m{[39;00m[38;5;28mtype[39m(random_state)[38;5;132;01m}[39;00m[38;5;124m instead.[39m[38;5;124m"[39m)
[1;32m    446[0m [38;5;28;01mif[39;00m [38;5;28mlen[39m(random_state) [38;5;241m!=[39m chains:
[0;32m--> 447[0m     [38;5;28;01mraise[39;00m [38;5;167;01mValueError[39;00m(
[1;32m    448[0m         [38;5;124mf[39m[38;5;124m"[39m[38;5;124mNumber of seeds ([39m[38;5;132;01m{[39;00m[38;5;28mlen[39m(random_state)[38;5;132;01m}[39;00m[38;5;124m) does not match the number of chains ([39m[38;5;132;01m{[39;00mchains[38;5;132;01m}[39;00m[38;5;124m).[39m[38;5;124m"[39m
[1;32m    449[0m     )
[1;32m    451[0m [38;5;28;01mreturn[39;00m random_state

[0;31mValueError[0m: Number of seeds (4) does not match the number of chains (2).

