Traceback (most recent call last):
  File "/opt/hostedtoolcache/Python/3.9.20/x64/lib/python3.9/site-packages/jupyter_cache/executors/utils.py", line 58, in single_nb_execution
    executenb(
  File "/opt/hostedtoolcache/Python/3.9.20/x64/lib/python3.9/site-packages/nbclient/client.py", line 1314, in execute
    return NotebookClient(nb=nb, resources=resources, km=km, **kwargs).execute()
  File "/opt/hostedtoolcache/Python/3.9.20/x64/lib/python3.9/site-packages/jupyter_core/utils/__init__.py", line 165, in wrapped
    return loop.run_until_complete(inner)
  File "/opt/hostedtoolcache/Python/3.9.20/x64/lib/python3.9/asyncio/base_events.py", line 647, in run_until_complete
    return future.result()
  File "/opt/hostedtoolcache/Python/3.9.20/x64/lib/python3.9/site-packages/nbclient/client.py", line 709, in async_execute
    await self.async_execute_cell(
  File "/opt/hostedtoolcache/Python/3.9.20/x64/lib/python3.9/site-packages/nbclient/client.py", line 1062, in async_execute_cell
    await self._check_raise_for_error(cell, cell_index, exec_reply)
  File "/opt/hostedtoolcache/Python/3.9.20/x64/lib/python3.9/site-packages/nbclient/client.py", line 918, in _check_raise_for_error
    raise CellExecutionError.from_cell_and_msg(cell, exec_reply_content)
nbclient.exceptions.CellExecutionError: An error occurred while executing the following cell:
------------------
import pymc as pm
import numpy as np
import arviz as az

# Simulated data
np.random.seed(42)
x = np.random.normal(0, 1, 100)
y = 3 + 2 * x + np.random.normal(0, 1, 100)

# Bayesian Linear Regression Model
with pm.Model() as model:
    # Priors
    beta0 = pm.Normal("beta0", mu=0, sigma=10)
    beta1 = pm.Normal("beta1", mu=0, sigma=10)
    sigma = pm.HalfNormal("sigma", sigma=1)
    
    # Likelihood
    mu = beta0 + beta1 * x
    y_obs = pm.Normal("y_obs", mu=mu, sigma=sigma, observed=y)
    
    # Sampling
    trace = pm.sample(2000, return_inferencedata=True)
------------------

----- stderr -----
WARNING (pytensor.tensor.blas): Using NumPy C-API based implementation for BLAS functions.
------------------

[0;31m---------------------------------------------------------------------------[0m
[0;31mImportError[0m                               Traceback (most recent call last)
Cell [0;32mIn[4], line 1[0m
[0;32m----> 1[0m [38;5;28;01mimport[39;00m [38;5;21;01mpymc[39;00m [38;5;28;01mas[39;00m [38;5;21;01mpm[39;00m
[1;32m      2[0m [38;5;28;01mimport[39;00m [38;5;21;01mnumpy[39;00m [38;5;28;01mas[39;00m [38;5;21;01mnp[39;00m
[1;32m      3[0m [38;5;28;01mimport[39;00m [38;5;21;01marviz[39;00m [38;5;28;01mas[39;00m [38;5;21;01maz[39;00m

File [0;32m/opt/hostedtoolcache/Python/3.9.20/x64/lib/python3.9/site-packages/pymc/__init__.py:48[0m
[1;32m     43[0m     pytensor[38;5;241m.[39mconfig[38;5;241m.[39mgcc__cxxflags [38;5;241m=[39m augmented
[1;32m     46[0m __set_compiler_flags()
[0;32m---> 48[0m [38;5;28;01mfrom[39;00m [38;5;21;01mpymc[39;00m [38;5;28;01mimport[39;00m _version, gp, ode, sampling
[1;32m     49[0m [38;5;28;01mfrom[39;00m [38;5;21;01mpymc[39;00m[38;5;21;01m.[39;00m[38;5;21;01mbackends[39;00m [38;5;28;01mimport[39;00m [38;5;241m*[39m
[1;32m     50[0m [38;5;28;01mfrom[39;00m [38;5;21;01mpymc[39;00m[38;5;21;01m.[39;00m[38;5;21;01mblocking[39;00m [38;5;28;01mimport[39;00m [38;5;241m*[39m

File [0;32m/opt/hostedtoolcache/Python/3.9.20/x64/lib/python3.9/site-packages/pymc/gp/__init__.py:15[0m
[1;32m      1[0m [38;5;66;03m#   Copyright 2024 The PyMC Developers[39;00m
[1;32m      2[0m [38;5;66;03m#[39;00m
[1;32m      3[0m [38;5;66;03m#   Licensed under the Apache License, Version 2.0 (the "License");[39;00m
[0;32m   (...)[0m
[1;32m     12[0m [38;5;66;03m#   See the License for the specific language governing permissions and[39;00m
[1;32m     13[0m [38;5;66;03m#   limitations under the License.[39;00m
[0;32m---> 15[0m [38;5;28;01mfrom[39;00m [38;5;21;01mpymc[39;00m[38;5;21;01m.[39;00m[38;5;21;01mgp[39;00m [38;5;28;01mimport[39;00m cov, mean, util
[1;32m     16[0m [38;5;28;01mfrom[39;00m [38;5;21;01mpymc[39;00m[38;5;21;01m.[39;00m[38;5;21;01mgp[39;00m[38;5;21;01m.[39;00m[38;5;21;01mgp[39;00m [38;5;28;01mimport[39;00m (
[1;32m     17[0m     TP,
[1;32m     18[0m     Latent,
[0;32m   (...)[0m
[1;32m     23[0m     MarginalSparse,
[1;32m     24[0m )
[1;32m     25[0m [38;5;28;01mfrom[39;00m [38;5;21;01mpymc[39;00m[38;5;21;01m.[39;00m[38;5;21;01mgp[39;00m[38;5;21;01m.[39;00m[38;5;21;01mhsgp_approx[39;00m [38;5;28;01mimport[39;00m HSGP, HSGPPeriodic

File [0;32m/opt/hostedtoolcache/Python/3.9.20/x64/lib/python3.9/site-packages/pymc/gp/cov.py:52[0m
[1;32m     29[0m [38;5;28;01mfrom[39;00m [38;5;21;01mpytensor[39;00m[38;5;21;01m.[39;00m[38;5;21;01mtensor[39;00m[38;5;21;01m.[39;00m[38;5;21;01mvariable[39;00m [38;5;28;01mimport[39;00m TensorConstant, TensorVariable
[1;32m     31[0m __all__ [38;5;241m=[39m [
[1;32m     32[0m     [38;5;124m"[39m[38;5;124mConstant[39m[38;5;124m"[39m,
[1;32m     33[0m     [38;5;124m"[39m[38;5;124mWhiteNoise[39m[38;5;124m"[39m,
[0;32m   (...)[0m
[1;32m     49[0m     [38;5;124m"[39m[38;5;124mKron[39m[38;5;124m"[39m,
[1;32m     50[0m ]
[0;32m---> 52[0m [38;5;28;01mfrom[39;00m [38;5;21;01mpymc[39;00m[38;5;21;01m.[39;00m[38;5;21;01mpytensorf[39;00m [38;5;28;01mimport[39;00m constant_fold
[1;32m     54[0m TensorLike [38;5;241m=[39m Union[np[38;5;241m.[39mndarray, TensorVariable]
[1;32m     55[0m IntSequence [38;5;241m=[39m Union[np[38;5;241m.[39mndarray, Sequence[[38;5;28mint[39m]]

File [0;32m/opt/hostedtoolcache/Python/3.9.20/x64/lib/python3.9/site-packages/pymc/pytensorf.py:59[0m
[1;32m     56[0m [38;5;28;01mfrom[39;00m [38;5;21;01mpytensor[39;00m[38;5;21;01m.[39;00m[38;5;21;01mtensor[39;00m[38;5;21;01m.[39;00m[38;5;21;01mvariable[39;00m [38;5;28;01mimport[39;00m TensorConstant, TensorVariable
[1;32m     58[0m [38;5;28;01mfrom[39;00m [38;5;21;01mpymc[39;00m[38;5;21;01m.[39;00m[38;5;21;01mexceptions[39;00m [38;5;28;01mimport[39;00m NotConstantValueError
[0;32m---> 59[0m [38;5;28;01mfrom[39;00m [38;5;21;01mpymc[39;00m[38;5;21;01m.[39;00m[38;5;21;01mutil[39;00m [38;5;28;01mimport[39;00m makeiter
[1;32m     60[0m [38;5;28;01mfrom[39;00m [38;5;21;01mpymc[39;00m[38;5;21;01m.[39;00m[38;5;21;01mvartypes[39;00m [38;5;28;01mimport[39;00m continuous_types, isgenerator, typefilter
[1;32m     62[0m PotentialShapeType [38;5;241m=[39m Union[[38;5;28mint[39m, np[38;5;241m.[39mndarray, Sequence[Union[[38;5;28mint[39m, Variable]], TensorVariable]

File [0;32m/opt/hostedtoolcache/Python/3.9.20/x64/lib/python3.9/site-packages/pymc/util.py:21[0m
[1;32m     18[0m [38;5;28;01mfrom[39;00m [38;5;21;01mcollections[39;00m[38;5;21;01m.[39;00m[38;5;21;01mabc[39;00m [38;5;28;01mimport[39;00m Sequence
[1;32m     19[0m [38;5;28;01mfrom[39;00m [38;5;21;01mtyping[39;00m [38;5;28;01mimport[39;00m Any, NewType, Optional, Union, cast
[0;32m---> 21[0m [38;5;28;01mimport[39;00m [38;5;21;01marviz[39;00m
[1;32m     22[0m [38;5;28;01mimport[39;00m [38;5;21;01mcloudpickle[39;00m
[1;32m     23[0m [38;5;28;01mimport[39;00m [38;5;21;01mnumpy[39;00m [38;5;28;01mas[39;00m [38;5;21;01mnp[39;00m

File [0;32m/opt/hostedtoolcache/Python/3.9.20/x64/lib/python3.9/site-packages/arviz/__init__.py:34[0m
[1;32m     30[0m _log [38;5;241m=[39m Logger([38;5;124m"[39m[38;5;124marviz[39m[38;5;124m"[39m)
[1;32m     33[0m [38;5;28;01mfrom[39;00m [38;5;21;01m.[39;00m[38;5;21;01mdata[39;00m [38;5;28;01mimport[39;00m [38;5;241m*[39m
[0;32m---> 34[0m [38;5;28;01mfrom[39;00m [38;5;21;01m.[39;00m[38;5;21;01mplots[39;00m [38;5;28;01mimport[39;00m [38;5;241m*[39m
[1;32m     35[0m [38;5;28;01mfrom[39;00m [38;5;21;01m.[39;00m[38;5;21;01mplots[39;00m[38;5;21;01m.[39;00m[38;5;21;01mbackends[39;00m [38;5;28;01mimport[39;00m [38;5;241m*[39m
[1;32m     36[0m [38;5;28;01mfrom[39;00m [38;5;21;01m.[39;00m[38;5;21;01mstats[39;00m [38;5;28;01mimport[39;00m [38;5;241m*[39m

File [0;32m/opt/hostedtoolcache/Python/3.9.20/x64/lib/python3.9/site-packages/arviz/plots/__init__.py:2[0m
[1;32m      1[0m [38;5;124;03m"""Plotting functions."""[39;00m
[0;32m----> 2[0m [38;5;28;01mfrom[39;00m [38;5;21;01m.[39;00m[38;5;21;01mautocorrplot[39;00m [38;5;28;01mimport[39;00m plot_autocorr
[1;32m      3[0m [38;5;28;01mfrom[39;00m [38;5;21;01m.[39;00m[38;5;21;01mbpvplot[39;00m [38;5;28;01mimport[39;00m plot_bpv
[1;32m      4[0m [38;5;28;01mfrom[39;00m [38;5;21;01m.[39;00m[38;5;21;01mbfplot[39;00m [38;5;28;01mimport[39;00m plot_bf

File [0;32m/opt/hostedtoolcache/Python/3.9.20/x64/lib/python3.9/site-packages/arviz/plots/autocorrplot.py:7[0m
[1;32m      5[0m [38;5;28;01mfrom[39;00m [38;5;21;01m.[39;00m[38;5;21;01m.[39;00m[38;5;21;01mrcparams[39;00m [38;5;28;01mimport[39;00m rcParams
[1;32m      6[0m [38;5;28;01mfrom[39;00m [38;5;21;01m.[39;00m[38;5;21;01m.[39;00m[38;5;21;01mutils[39;00m [38;5;28;01mimport[39;00m _var_names
[0;32m----> 7[0m [38;5;28;01mfrom[39;00m [38;5;21;01m.[39;00m[38;5;21;01mplot_utils[39;00m [38;5;28;01mimport[39;00m default_grid, filter_plotters_list, get_plotting_function
[1;32m     10[0m [38;5;28;01mdef[39;00m [38;5;21mplot_autocorr[39m(
[1;32m     11[0m     data,
[1;32m     12[0m     var_names[38;5;241m=[39m[38;5;28;01mNone[39;00m,
[0;32m   (...)[0m
[1;32m     24[0m     show[38;5;241m=[39m[38;5;28;01mNone[39;00m,
[1;32m     25[0m ):
[1;32m     26[0m [38;5;250m    [39m[38;5;124mr[39m[38;5;124;03m"""Bar plot of the autocorrelation function (ACF) for a sequence of data.[39;00m
[1;32m     27[0m 
[1;32m     28[0m [38;5;124;03m    The ACF plots are helpful as a convergence diagnostic for posteriors from MCMC[39;00m
[0;32m   (...)[0m
[1;32m    117[0m [38;5;124;03m        >>> az.plot_autocorr(data, var_names=['mu', 'tau'], max_lag=200, combined=True)[39;00m
[1;32m    118[0m [38;5;124;03m    """[39;00m

File [0;32m/opt/hostedtoolcache/Python/3.9.20/x64/lib/python3.9/site-packages/arviz/plots/plot_utils.py:15[0m
[1;32m     11[0m [38;5;28;01mfrom[39;00m [38;5;21;01mscipy[39;00m[38;5;21;01m.[39;00m[38;5;21;01minterpolate[39;00m [38;5;28;01mimport[39;00m CubicSpline
[1;32m     14[0m [38;5;28;01mfrom[39;00m [38;5;21;01m.[39;00m[38;5;21;01m.[39;00m[38;5;21;01mrcparams[39;00m [38;5;28;01mimport[39;00m rcParams
[0;32m---> 15[0m [38;5;28;01mfrom[39;00m [38;5;21;01m.[39;00m[38;5;21;01m.[39;00m[38;5;21;01mstats[39;00m[38;5;21;01m.[39;00m[38;5;21;01mdensity_utils[39;00m [38;5;28;01mimport[39;00m kde
[1;32m     16[0m [38;5;28;01mfrom[39;00m [38;5;21;01m.[39;00m[38;5;21;01m.[39;00m[38;5;21;01mstats[39;00m [38;5;28;01mimport[39;00m hdi
[1;32m     18[0m KwargSpec [38;5;241m=[39m Dict[[38;5;28mstr[39m, Any]

File [0;32m/opt/hostedtoolcache/Python/3.9.20/x64/lib/python3.9/site-packages/arviz/stats/__init__.py:3[0m
[1;32m      1[0m [38;5;66;03m# pylint: disable=wildcard-import[39;00m
[1;32m      2[0m [38;5;124;03m"""Statistical tests and diagnostics for ArviZ."""[39;00m
[0;32m----> 3[0m [38;5;28;01mfrom[39;00m [38;5;21;01m.[39;00m[38;5;21;01mdensity_utils[39;00m [38;5;28;01mimport[39;00m [38;5;241m*[39m
[1;32m      4[0m [38;5;28;01mfrom[39;00m [38;5;21;01m.[39;00m[38;5;21;01mdiagnostics[39;00m [38;5;28;01mimport[39;00m [38;5;241m*[39m
[1;32m      5[0m [38;5;28;01mfrom[39;00m [38;5;21;01m.[39;00m[38;5;21;01mstats[39;00m [38;5;28;01mimport[39;00m [38;5;241m*[39m

File [0;32m/opt/hostedtoolcache/Python/3.9.20/x64/lib/python3.9/site-packages/arviz/stats/density_utils.py:8[0m
[1;32m      6[0m [38;5;28;01mfrom[39;00m [38;5;21;01mscipy[39;00m[38;5;21;01m.[39;00m[38;5;21;01mfftpack[39;00m [38;5;28;01mimport[39;00m fft
[1;32m      7[0m [38;5;28;01mfrom[39;00m [38;5;21;01mscipy[39;00m[38;5;21;01m.[39;00m[38;5;21;01moptimize[39;00m [38;5;28;01mimport[39;00m brentq
[0;32m----> 8[0m [38;5;28;01mfrom[39;00m [38;5;21;01mscipy[39;00m[38;5;21;01m.[39;00m[38;5;21;01msignal[39;00m [38;5;28;01mimport[39;00m convolve, convolve2d, gaussian  [38;5;66;03m# pylint: disable=no-name-in-module[39;00m
[1;32m      9[0m [38;5;28;01mfrom[39;00m [38;5;21;01mscipy[39;00m[38;5;21;01m.[39;00m[38;5;21;01msparse[39;00m [38;5;28;01mimport[39;00m coo_matrix
[1;32m     10[0m [38;5;28;01mfrom[39;00m [38;5;21;01mscipy[39;00m[38;5;21;01m.[39;00m[38;5;21;01mspecial[39;00m [38;5;28;01mimport[39;00m ive  [38;5;66;03m# pylint: disable=no-name-in-module[39;00m

[0;31mImportError[0m: cannot import name 'gaussian' from 'scipy.signal' (/opt/hostedtoolcache/Python/3.9.20/x64/lib/python3.9/site-packages/scipy/signal/__init__.py)

