Traceback (most recent call last):
  File "/opt/hostedtoolcache/Python/3.8.17/x64/lib/python3.8/site-packages/jupyter_cache/executors/utils.py", line 58, in single_nb_execution
    executenb(
  File "/opt/hostedtoolcache/Python/3.8.17/x64/lib/python3.8/site-packages/nbclient/client.py", line 1305, in execute
    return NotebookClient(nb=nb, resources=resources, km=km, **kwargs).execute()
  File "/opt/hostedtoolcache/Python/3.8.17/x64/lib/python3.8/site-packages/jupyter_core/utils/__init__.py", line 166, in wrapped
    return loop.run_until_complete(inner)
  File "/opt/hostedtoolcache/Python/3.8.17/x64/lib/python3.8/asyncio/base_events.py", line 616, in run_until_complete
    return future.result()
  File "/opt/hostedtoolcache/Python/3.8.17/x64/lib/python3.8/site-packages/nbclient/client.py", line 705, in async_execute
    await self.async_execute_cell(
  File "/opt/hostedtoolcache/Python/3.8.17/x64/lib/python3.8/site-packages/nbclient/client.py", line 1058, in async_execute_cell
    await self._check_raise_for_error(cell, cell_index, exec_reply)
  File "/opt/hostedtoolcache/Python/3.8.17/x64/lib/python3.8/site-packages/nbclient/client.py", line 914, in _check_raise_for_error
    raise CellExecutionError.from_cell_and_msg(cell, exec_reply_content)
nbclient.exceptions.CellExecutionError: An error occurred while executing the following cell:
------------------
# Parametric boostrap 1: assume normal model for the population
avars_boot = gen_boot_dist(asample, estfunc=var)

n = asample.count()
abar = mean(asample)
astd = std(asample)
rvNS2 = norm(abar, astd)

from stats_helpers import gen_sampling_dist
avars_pboot1 = gen_sampling_dist(rvNS2, estfunc=var, n=n)

sns.histplot(avars_pboot1, bins=30)

[np.percentile(avars_pboot1,5),
 np.percentile(avars_pboot1,95)]
------------------


[0;31m---------------------------------------------------------------------------[0m
[0;31mNameError[0m                                 Traceback (most recent call last)
Cell [0;32mIn[4], line 2[0m
[1;32m      1[0m [38;5;66;03m# Parametric boostrap 1: assume normal model for the population[39;00m
[0;32m----> 2[0m avars_boot [38;5;241m=[39m [43mgen_boot_dist[49m(asample, estfunc[38;5;241m=[39mvar)
[1;32m      4[0m n [38;5;241m=[39m asample[38;5;241m.[39mcount()
[1;32m      5[0m abar [38;5;241m=[39m mean(asample)

[0;31mNameError[0m: name 'gen_boot_dist' is not defined

