Traceback (most recent call last):
  File "/opt/hostedtoolcache/Python/3.10.18/x64/lib/python3.10/site-packages/jupyter_core/utils/__init__.py", line 154, in wrapped
    asyncio.get_running_loop()
RuntimeError: no running event loop

During handling of the above exception, another exception occurred:

Traceback (most recent call last):
  File "/opt/hostedtoolcache/Python/3.10.18/x64/lib/python3.10/site-packages/jupyter_cache/executors/utils.py", line 58, in single_nb_execution
    executenb(
  File "/opt/hostedtoolcache/Python/3.10.18/x64/lib/python3.10/site-packages/nbclient/client.py", line 1319, in execute
    return NotebookClient(nb=nb, resources=resources, km=km, **kwargs).execute()
  File "/opt/hostedtoolcache/Python/3.10.18/x64/lib/python3.10/site-packages/jupyter_core/utils/__init__.py", line 158, in wrapped
    return loop.run_until_complete(inner)
  File "/opt/hostedtoolcache/Python/3.10.18/x64/lib/python3.10/asyncio/base_events.py", line 649, in run_until_complete
    return future.result()
  File "/opt/hostedtoolcache/Python/3.10.18/x64/lib/python3.10/site-packages/nbclient/client.py", line 709, in async_execute
    await self.async_execute_cell(
  File "/opt/hostedtoolcache/Python/3.10.18/x64/lib/python3.10/site-packages/nbclient/client.py", line 1062, in async_execute_cell
    await self._check_raise_for_error(cell, cell_index, exec_reply)
  File "/opt/hostedtoolcache/Python/3.10.18/x64/lib/python3.10/site-packages/nbclient/client.py", line 918, in _check_raise_for_error
    raise CellExecutionError.from_cell_and_msg(cell, exec_reply_content)
nbclient.exceptions.CellExecutionError: An error occurred while executing the following cell:
------------------
from ministats import plot_pmf
------------------


[0;31m---------------------------------------------------------------------------[0m
[0;31mTypeError[0m                                 Traceback (most recent call last)
Cell [0;32mIn[6], line 1[0m
[0;32m----> 1[0m [38;5;28;01mfrom[39;00m[38;5;250m [39m[38;5;21;01mministats[39;00m[38;5;250m [39m[38;5;28;01mimport[39;00m plot_pmf

File [0;32m/opt/hostedtoolcache/Python/3.10.18/x64/lib/python3.10/site-packages/ministats/__init__.py:8[0m
[1;32m      4[0m __email__ [38;5;241m=[39m [38;5;124m'[39m[38;5;124mivan@minireference.com[39m[38;5;124m'[39m
[1;32m      5[0m __version__ [38;5;241m=[39m [38;5;124m'[39m[38;5;124m0.3.22[39m[38;5;124m'[39m
[0;32m----> 8[0m [38;5;28;01mfrom[39;00m[38;5;250m [39m[38;5;21;01m.[39;00m[38;5;21;01mbayes[39;00m[38;5;250m [39m[38;5;28;01mimport[39;00m (
[1;32m      9[0m     mode_from_samples,
[1;32m     10[0m     hdi_from_grid,
[1;32m     11[0m     hdi_from_rv,
[1;32m     12[0m     hdi_from_samples,
[1;32m     13[0m     calc_dmeans_stats,
[1;32m     14[0m     plot_dmeans_stats,
[1;32m     15[0m )
[1;32m     17[0m [38;5;28;01mfrom[39;00m[38;5;250m [39m[38;5;21;01m.[39;00m[38;5;21;01mconfidence_intervals[39;00m[38;5;250m [39m[38;5;28;01mimport[39;00m (
[1;32m     18[0m     ci_mean,
[1;32m     19[0m     ci_var,
[1;32m     20[0m     ci_dmeans,
[1;32m     21[0m )
[1;32m     23[0m [38;5;28;01mfrom[39;00m[38;5;250m [39m[38;5;21;01m.[39;00m[38;5;21;01mestimators[39;00m[38;5;250m [39m[38;5;28;01mimport[39;00m (
[1;32m     24[0m     mean,
[1;32m     25[0m     var,
[0;32m   (...)[0m
[1;32m     29[0m     quantile,
[1;32m     30[0m )

File [0;32m/opt/hostedtoolcache/Python/3.10.18/x64/lib/python3.10/site-packages/ministats/bayes.py:5[0m
[1;32m      2[0m [38;5;28;01mimport[39;00m[38;5;250m [39m[38;5;21;01mlogging[39;00m
[1;32m      4[0m [38;5;28;01mimport[39;00m[38;5;250m [39m[38;5;21;01marviz[39;00m[38;5;250m [39m[38;5;28;01mas[39;00m[38;5;250m [39m[38;5;21;01maz[39;00m
[0;32m----> 5[0m [38;5;28;01mimport[39;00m[38;5;250m [39m[38;5;21;01mbambi[39;00m[38;5;250m [39m[38;5;28;01mas[39;00m[38;5;250m [39m[38;5;21;01mbmb[39;00m
[1;32m      6[0m [38;5;28;01mimport[39;00m[38;5;250m [39m[38;5;21;01mmatplotlib[39;00m[38;5;21;01m.[39;00m[38;5;21;01mpyplot[39;00m[38;5;250m [39m[38;5;28;01mas[39;00m[38;5;250m [39m[38;5;21;01mplt[39;00m
[1;32m      7[0m [38;5;28;01mimport[39;00m[38;5;250m [39m[38;5;21;01mnumpy[39;00m[38;5;250m [39m[38;5;28;01mas[39;00m[38;5;250m [39m[38;5;21;01mnp[39;00m

File [0;32m/opt/hostedtoolcache/Python/3.10.18/x64/lib/python3.10/site-packages/bambi/__init__.py:5[0m
[1;32m      1[0m [38;5;28;01mimport[39;00m[38;5;250m [39m[38;5;21;01mlogging[39;00m
[1;32m      3[0m [38;5;28;01mfrom[39;00m[38;5;250m [39m[38;5;21;01mimportlib[39;00m[38;5;21;01m.[39;00m[38;5;21;01mmetadata[39;00m[38;5;250m [39m[38;5;28;01mimport[39;00m version
[0;32m----> 5[0m [38;5;28;01mfrom[39;00m[38;5;250m [39m[38;5;21;01mpymc[39;00m[38;5;250m [39m[38;5;28;01mimport[39;00m math
[1;32m      7[0m [38;5;28;01mfrom[39;00m[38;5;250m [39m[38;5;21;01m.[39;00m[38;5;21;01mbackend[39;00m[38;5;250m [39m[38;5;28;01mimport[39;00m inference_methods, PyMCModel
[1;32m      8[0m [38;5;28;01mfrom[39;00m[38;5;250m [39m[38;5;21;01m.[39;00m[38;5;21;01mconfig[39;00m[38;5;250m [39m[38;5;28;01mimport[39;00m config

File [0;32m/opt/hostedtoolcache/Python/3.10.18/x64/lib/python3.10/site-packages/pymc/__init__.py:48[0m
[1;32m     43[0m     augmented [38;5;241m=[39m [38;5;124mf[39m[38;5;124m"[39m[38;5;132;01m{[39;00maugmented[38;5;132;01m}[39;00m[38;5;124m -fno-unwind-tables -fno-asynchronous-unwind-tables[39m[38;5;124m"[39m
[1;32m     45[0m     pytensor[38;5;241m.[39mconfig[38;5;241m.[39mgcc__cxxflags [38;5;241m=[39m augmented
[0;32m---> 48[0m [43m__set_compiler_flags[49m[43m([49m[43m)[49m
[1;32m     50[0m [38;5;28;01mfrom[39;00m[38;5;250m [39m[38;5;21;01mpymc[39;00m[38;5;250m [39m[38;5;28;01mimport[39;00m _version, gp, ode, sampling
[1;32m     51[0m [38;5;28;01mfrom[39;00m[38;5;250m [39m[38;5;21;01mpymc[39;00m[38;5;21;01m.[39;00m[38;5;21;01mbackends[39;00m[38;5;250m [39m[38;5;28;01mimport[39;00m [38;5;241m*[39m

File [0;32m/opt/hostedtoolcache/Python/3.10.18/x64/lib/python3.10/site-packages/pymc/__init__.py:31[0m, in [0;36m__set_compiler_flags[0;34m()[0m
[1;32m     29[0m [38;5;28;01mdef[39;00m[38;5;250m [39m[38;5;21m__set_compiler_flags[39m():
[1;32m     30[0m     [38;5;66;03m# Workarounds for PyTensor compiler problems on various platforms[39;00m
[0;32m---> 31[0m     [38;5;28;01mimport[39;00m[38;5;250m [39m[38;5;21;01mpytensor[39;00m
[1;32m     33[0m     current [38;5;241m=[39m pytensor[38;5;241m.[39mconfig[38;5;241m.[39mgcc__cxxflags
[1;32m     34[0m     augmented [38;5;241m=[39m [38;5;124mf[39m[38;5;124m"[39m[38;5;132;01m{[39;00mcurrent[38;5;132;01m}[39;00m[38;5;124m -Wno-c++11-narrowing[39m[38;5;124m"[39m

File [0;32m/opt/hostedtoolcache/Python/3.10.18/x64/lib/python3.10/site-packages/pytensor/__init__.py:120[0m
[1;32m    116[0m     [38;5;28;01mreturn[39;00m as_tensor_variable(x, [38;5;241m*[39m[38;5;241m*[39mkwargs)
[1;32m    119[0m [38;5;66;03m# isort: off[39;00m
[0;32m--> 120[0m [38;5;28;01mfrom[39;00m[38;5;250m [39m[38;5;21;01mpytensor[39;00m[38;5;250m [39m[38;5;28;01mimport[39;00m scalar, tensor
[1;32m    121[0m [38;5;28;01mfrom[39;00m[38;5;250m [39m[38;5;21;01mpytensor[39;00m[38;5;21;01m.[39;00m[38;5;21;01mcompile[39;00m[38;5;250m [39m[38;5;28;01mimport[39;00m (
[1;32m    122[0m     In,
[1;32m    123[0m     Mode,
[0;32m   (...)[0m
[1;32m    129[0m     shared,
[1;32m    130[0m )
[1;32m    131[0m [38;5;28;01mfrom[39;00m[38;5;250m [39m[38;5;21;01mpytensor[39;00m[38;5;21;01m.[39;00m[38;5;21;01mcompile[39;00m[38;5;21;01m.[39;00m[38;5;21;01mfunction[39;00m[38;5;250m [39m[38;5;28;01mimport[39;00m function, function_dump

File [0;32m/opt/hostedtoolcache/Python/3.10.18/x64/lib/python3.10/site-packages/pytensor/tensor/__init__.py:103[0m
[1;32m     99[0m     [38;5;28;01mreturn[39;00m [38;5;28mlen[39m(var[38;5;241m.[39mdata)
[1;32m    102[0m [38;5;28;01mimport[39;00m[38;5;250m [39m[38;5;21;01mpytensor[39;00m[38;5;21;01m.[39;00m[38;5;21;01mtensor[39;00m[38;5;21;01m.[39;00m[38;5;21;01mexceptions[39;00m
[0;32m--> 103[0m [38;5;28;01mimport[39;00m[38;5;250m [39m[38;5;21;01mpytensor[39;00m[38;5;21;01m.[39;00m[38;5;21;01mtensor[39;00m[38;5;21;01m.[39;00m[38;5;21;01mrewriting[39;00m
[1;32m    104[0m [38;5;28;01mfrom[39;00m[38;5;250m [39m[38;5;21;01mpytensor[39;00m[38;5;21;01m.[39;00m[38;5;21;01mgradient[39;00m[38;5;250m [39m[38;5;28;01mimport[39;00m grad, hessian, jacobian
[1;32m    106[0m [38;5;66;03m# adds shared-variable constructors[39;00m

File [0;32m/opt/hostedtoolcache/Python/3.10.18/x64/lib/python3.10/site-packages/pytensor/tensor/rewriting/__init__.py:11[0m
[1;32m      9[0m [38;5;28;01mimport[39;00m[38;5;250m [39m[38;5;21;01mpytensor[39;00m[38;5;21;01m.[39;00m[38;5;21;01mtensor[39;00m[38;5;21;01m.[39;00m[38;5;21;01mrewriting[39;00m[38;5;21;01m.[39;00m[38;5;21;01mjax[39;00m
[1;32m     10[0m [38;5;28;01mimport[39;00m[38;5;250m [39m[38;5;21;01mpytensor[39;00m[38;5;21;01m.[39;00m[38;5;21;01mtensor[39;00m[38;5;21;01m.[39;00m[38;5;21;01mrewriting[39;00m[38;5;21;01m.[39;00m[38;5;21;01mlinalg[39;00m
[0;32m---> 11[0m [38;5;28;01mimport[39;00m[38;5;250m [39m[38;5;21;01mpytensor[39;00m[38;5;21;01m.[39;00m[38;5;21;01mtensor[39;00m[38;5;21;01m.[39;00m[38;5;21;01mrewriting[39;00m[38;5;21;01m.[39;00m[38;5;21;01mmath[39;00m
[1;32m     12[0m [38;5;28;01mimport[39;00m[38;5;250m [39m[38;5;21;01mpytensor[39;00m[38;5;21;01m.[39;00m[38;5;21;01mtensor[39;00m[38;5;21;01m.[39;00m[38;5;21;01mrewriting[39;00m[38;5;21;01m.[39;00m[38;5;21;01mnumba[39;00m
[1;32m     13[0m [38;5;28;01mimport[39;00m[38;5;250m [39m[38;5;21;01mpytensor[39;00m[38;5;21;01m.[39;00m[38;5;21;01mtensor[39;00m[38;5;21;01m.[39;00m[38;5;21;01mrewriting[39;00m[38;5;21;01m.[39;00m[38;5;21;01mofg[39;00m

File [0;32m/opt/hostedtoolcache/Python/3.10.18/x64/lib/python3.10/site-packages/pytensor/tensor/rewriting/math.py:2695[0m
[1;32m   2692[0m get_clients_at_depth2 [38;5;241m=[39m partial(get_clients_at_depth, depth[38;5;241m=[39m[38;5;241m2[39m)
[1;32m   2694[0m [38;5;66;03m# 1+erf(x)=>erfc(-x)[39;00m
[0;32m-> 2695[0m local_one_plus_erf [38;5;241m=[39m [43mPatternNodeRewriter[49m[43m([49m
[1;32m   2696[0m [43m    [49m[43m([49m[43madd[49m[43m,[49m[43m [49m[38;5;241;43m1[39;49m[43m,[49m[43m [49m[43m([49m[43merf[49m[43m,[49m[43m [49m[38;5;124;43m"[39;49m[38;5;124;43mx[39;49m[38;5;124;43m"[39;49m[43m)[49m[43m)[49m[43m,[49m
[1;32m   2697[0m [43m    [49m[43m([49m[43merfc[49m[43m,[49m[43m [49m[43m([49m[43mneg[49m[43m,[49m[43m [49m[38;5;124;43m"[39;49m[38;5;124;43mx[39;49m[38;5;124;43m"[39;49m[43m)[49m[43m)[49m[43m,[49m
[1;32m   2698[0m [43m    [49m[43mallow_multiple_clients[49m[38;5;241;43m=[39;49m[38;5;28;43;01mTrue[39;49;00m[43m,[49m
[1;32m   2699[0m [43m    [49m[43mname[49m[38;5;241;43m=[39;49m[38;5;124;43m"[39;49m[38;5;124;43mlocal_one_plus_erf[39;49m[38;5;124;43m"[39;49m[43m,[49m
[1;32m   2700[0m [43m    [49m[43mtracks[49m[38;5;241;43m=[39;49m[43m[[49m[43merf[49m[43m][49m[43m,[49m
[1;32m   2701[0m [43m    [49m[43mget_nodes[49m[38;5;241;43m=[39;49m[43mget_clients_at_depth1[49m[43m,[49m
[1;32m   2702[0m [43m)[49m
[1;32m   2703[0m register_canonicalize(local_one_plus_erf)
[1;32m   2704[0m register_stabilize(local_one_plus_erf)

File [0;32m/opt/hostedtoolcache/Python/3.10.18/x64/lib/python3.10/site-packages/pytensor/graph/rewriting/basic.py:1597[0m, in [0;36mPatternNodeRewriter.__init__[0;34m(self, in_pattern, out_pattern, allow_multiple_clients, skip_identities_fn, name, tracks, get_nodes, values_eq_approx)[0m
[1;32m   1593[0m [38;5;28;01melse[39;00m:
[1;32m   1594[0m     [38;5;28;01mraise[39;00m [38;5;167;01mTypeError[39;00m(
[1;32m   1595[0m         [38;5;124m"[39m[38;5;124mThe pattern to search for must start with a specific Op instance.[39m[38;5;124m"[39m
[1;32m   1596[0m     )
[0;32m-> 1597[0m [38;5;28mself[39m[38;5;241m.[39m[38;5;18m__doc__[39m [38;5;241m=[39m [38;5;124mf[39m[38;5;124m"[39m[38;5;132;01m{[39;00m[38;5;28mself[39m[38;5;241m.[39m[38;5;18m__class__[39m[38;5;241m.[39m[38;5;18m__doc__[39m[38;5;132;01m}[39;00m[38;5;130;01m\n[39;00m[38;5;130;01m\n[39;00m[38;5;124mThis instance does: [39m[38;5;132;01m{[39;00m[38;5;28mself[39m[38;5;132;01m}[39;00m[38;5;130;01m\n[39;00m[38;5;124m"[39m
[1;32m   1598[0m [38;5;28mself[39m[38;5;241m.[39mallow_multiple_clients [38;5;241m=[39m allow_multiple_clients
[1;32m   1599[0m [38;5;28mself[39m[38;5;241m.[39mskip_identities_fn [38;5;241m=[39m skip_identities_fn

File [0;32m/opt/hostedtoolcache/Python/3.10.18/x64/lib/python3.10/site-packages/pytensor/graph/rewriting/basic.py:1688[0m, in [0;36mPatternNodeRewriter.__str__[0;34m(self)[0m
[1;32m   1684[0m     [38;5;28;01melse[39;00m:
[1;32m   1685[0m         [38;5;28;01mreturn[39;00m [38;5;28mstr[39m(pattern)
[1;32m   1687[0m [38;5;28;01mreturn[39;00m (
[0;32m-> 1688[0m     [38;5;124mf[39m[38;5;124m"[39m[38;5;132;01m{[39;00m[43mpattern_to_str[49m[43m([49m[38;5;28;43mself[39;49m[38;5;241;43m.[39;49m[43min_pattern[49m[43m)[49m[38;5;132;01m}[39;00m[38;5;124m -> [39m[38;5;132;01m{[39;00mpattern_to_str([38;5;28mself[39m[38;5;241m.[39mout_pattern)[38;5;132;01m}[39;00m[38;5;124m"[39m
[1;32m   1689[0m )

File [0;32m/opt/hostedtoolcache/Python/3.10.18/x64/lib/python3.10/site-packages/pytensor/graph/rewriting/basic.py:1685[0m, in [0;36mPatternNodeRewriter.__str__.<locals>.pattern_to_str[0;34m(pattern)[0m
[1;32m   1683[0m     [38;5;28;01mreturn[39;00m [38;5;124mf[39m[38;5;124m"[39m[38;5;132;01m{[39;00ma[38;5;132;01m}[39;00m[38;5;124m subject to [39m[38;5;132;01m{[39;00mb[38;5;132;01m}[39;00m[38;5;124m"[39m
[1;32m   1684[0m [38;5;28;01melse[39;00m:
[0;32m-> 1685[0m     [38;5;28;01mreturn[39;00m [38;5;28;43mstr[39;49m[43m([49m[43mpattern[49m[43m)[49m

File [0;32m/opt/hostedtoolcache/Python/3.10.18/x64/lib/python3.10/site-packages/etuples/core.py:288[0m, in [0;36mExpressionTuple.__str__[0;34m(self)[0m
[1;32m    287[0m [38;5;28;01mdef[39;00m[38;5;250m [39m[38;5;21m__str__[39m([38;5;28mself[39m):
[0;32m--> 288[0m     [38;5;28;01mreturn[39;00m [38;5;124mf[39m[38;5;124m"[39m[38;5;124me([39m[38;5;132;01m{[39;00m[38;5;124m'[39m[38;5;124m, [39m[38;5;124m'[39m[38;5;241m.[39mjoin([38;5;28;43mtuple[39;49m[43m([49m[38;5;28;43mstr[39;49m[43m([49m[43mi[49m[43m)[49m[38;5;250;43m [39;49m[38;5;28;43;01mfor[39;49;00m[38;5;250;43m [39;49m[43mi[49m[38;5;250;43m [39;49m[38;5;129;43;01min[39;49;00m[38;5;250;43m [39;49m[38;5;28;43mself[39;49m[38;5;241;43m.[39;49m[43m_tuple[49m[43m)[49m)[38;5;132;01m}[39;00m[38;5;124m)[39m[38;5;124m"[39m

File [0;32m/opt/hostedtoolcache/Python/3.10.18/x64/lib/python3.10/site-packages/etuples/core.py:288[0m, in [0;36m<genexpr>[0;34m(.0)[0m
[1;32m    287[0m [38;5;28;01mdef[39;00m[38;5;250m [39m[38;5;21m__str__[39m([38;5;28mself[39m):
[0;32m--> 288[0m     [38;5;28;01mreturn[39;00m [38;5;124mf[39m[38;5;124m"[39m[38;5;124me([39m[38;5;132;01m{[39;00m[38;5;124m'[39m[38;5;124m, [39m[38;5;124m'[39m[38;5;241m.[39mjoin([38;5;28mtuple[39m([38;5;28;43mstr[39;49m[43m([49m[43mi[49m[43m)[49m[38;5;250m [39m[38;5;28;01mfor[39;00m[38;5;250m [39mi[38;5;250m [39m[38;5;129;01min[39;00m[38;5;250m [39m[38;5;28mself[39m[38;5;241m.[39m_tuple))[38;5;132;01m}[39;00m[38;5;124m)[39m[38;5;124m"[39m

File [0;32m/opt/hostedtoolcache/Python/3.10.18/x64/lib/python3.10/site-packages/pytensor/graph/basic.py:803[0m, in [0;36mConstant.__str__[0;34m(self)[0m
[1;32m    802[0m [38;5;28;01mdef[39;00m[38;5;250m [39m[38;5;21m__str__[39m([38;5;28mself[39m):
[0;32m--> 803[0m     data_str [38;5;241m=[39m [38;5;28;43mstr[39;49m[43m([49m[38;5;28;43mself[39;49m[38;5;241;43m.[39;49m[43mdata[49m[43m)[49m[38;5;241m.[39mreplace([38;5;124m"[39m[38;5;130;01m\n[39;00m[38;5;124m"[39m, [38;5;124m"[39m[38;5;124m"[39m)
[1;32m    804[0m     [38;5;28;01mif[39;00m [38;5;28mlen[39m(data_str) [38;5;241m>[39m [38;5;241m20[39m:
[1;32m    805[0m         data_str [38;5;241m=[39m data_str[:[38;5;241m10[39m][38;5;241m.[39mstrip() [38;5;241m+[39m [38;5;124m"[39m[38;5;124m ... [39m[38;5;124m"[39m [38;5;241m+[39m data_str[[38;5;241m-[39m[38;5;241m10[39m:][38;5;241m.[39mstrip()

File [0;32m/opt/hostedtoolcache/Python/3.10.18/x64/lib/python3.10/site-packages/numpy/core/arrayprint.py:1599[0m, in [0;36m_array_str_implementation[0;34m(a, max_line_width, precision, suppress_small, array2string)[0m
[1;32m   1595[0m [38;5;28;01mdef[39;00m[38;5;250m [39m[38;5;21m_array_str_implementation[39m(
[1;32m   1596[0m         a, max_line_width[38;5;241m=[39m[38;5;28;01mNone[39;00m, precision[38;5;241m=[39m[38;5;28;01mNone[39;00m, suppress_small[38;5;241m=[39m[38;5;28;01mNone[39;00m,
[1;32m   1597[0m         array2string[38;5;241m=[39marray2string):
[1;32m   1598[0m [38;5;250m    [39m[38;5;124;03m"""Internal version of array_str() that allows overriding array2string."""[39;00m
[0;32m-> 1599[0m     [38;5;28;01mif[39;00m ([43m_format_options[49m[43m[[49m[38;5;124;43m'[39;49m[38;5;124;43mlegacy[39;49m[38;5;124;43m'[39;49m[43m][49m[43m [49m[38;5;241;43m<[39;49m[38;5;241;43m=[39;49m[43m [49m[38;5;241;43m113[39;49m [38;5;129;01mand[39;00m
[1;32m   1600[0m             a[38;5;241m.[39mshape [38;5;241m==[39m () [38;5;129;01mand[39;00m [38;5;129;01mnot[39;00m a[38;5;241m.[39mdtype[38;5;241m.[39mnames):
[1;32m   1601[0m         [38;5;28;01mreturn[39;00m [38;5;28mstr[39m(a[38;5;241m.[39mitem())
[1;32m   1603[0m     [38;5;66;03m# the str of 0d arrays is a special case: It should appear like a scalar,[39;00m
[1;32m   1604[0m     [38;5;66;03m# so floats are not truncated by `precision`, and strings are not wrapped[39;00m
[1;32m   1605[0m     [38;5;66;03m# in quotes. So we return the str of the scalar value.[39;00m

[0;31mTypeError[0m: '<=' not supported between instances of 'str' and 'int'

