Traceback (most recent call last):
  File "/opt/hostedtoolcache/Python/3.10.16/x64/lib/python3.10/site-packages/jupyter_cache/executors/utils.py", line 58, in single_nb_execution
    executenb(
  File "/opt/hostedtoolcache/Python/3.10.16/x64/lib/python3.10/site-packages/nbclient/client.py", line 1319, in execute
    return NotebookClient(nb=nb, resources=resources, km=km, **kwargs).execute()
  File "/opt/hostedtoolcache/Python/3.10.16/x64/lib/python3.10/site-packages/jupyter_core/utils/__init__.py", line 165, in wrapped
    return loop.run_until_complete(inner)
  File "/opt/hostedtoolcache/Python/3.10.16/x64/lib/python3.10/asyncio/base_events.py", line 649, in run_until_complete
    return future.result()
  File "/opt/hostedtoolcache/Python/3.10.16/x64/lib/python3.10/site-packages/nbclient/client.py", line 709, in async_execute
    await self.async_execute_cell(
  File "/opt/hostedtoolcache/Python/3.10.16/x64/lib/python3.10/site-packages/nbclient/client.py", line 1062, in async_execute_cell
    await self._check_raise_for_error(cell, cell_index, exec_reply)
  File "/opt/hostedtoolcache/Python/3.10.16/x64/lib/python3.10/site-packages/nbclient/client.py", line 918, in _check_raise_for_error
    raise CellExecutionError.from_cell_and_msg(cell, exec_reply_content)
nbclient.exceptions.CellExecutionError: An error occurred while executing the following cell:
------------------
fig, axs = plt.subplots(1,2, figsize=(8,3))
xs = np.linspace(90,130,1000)

# plot histogram of `vsample`
sns.histplot(vsample, stat="density", ax=axs[0], label="vsample")

# plot the pdf of rvV 
sns.lineplot(x=xs, y=rvV.pdf(xs), color="r", ax=axs[0], label="$f_V$")
lines, labels = axs[0].get_legend_handles_labels()
axs[0].legend(reversed(lines[0:2]), reversed(labels[0:2]))

# plot a empirical cumulative distribution
sns.ecdfplot(vsample, ax=axs[1], label="eCDF(vsample)")

# plot the CDF of rvV
sns.lineplot(x=xs, y=rvV.cdf(xs), color="r", ax=axs[1], label="$F_V$")
axs[1].set_ylim(-0.05, 1.05)
------------------


[0;31m---------------------------------------------------------------------------[0m
[0;31mTypeError[0m                                 Traceback (most recent call last)
Cell [0;32mIn[31], line 10[0m
[1;32m      8[0m sns[38;5;241m.[39mlineplot(x[38;5;241m=[39mxs, y[38;5;241m=[39mrvV[38;5;241m.[39mpdf(xs), color[38;5;241m=[39m[38;5;124m"[39m[38;5;124mr[39m[38;5;124m"[39m, ax[38;5;241m=[39maxs[[38;5;241m0[39m], label[38;5;241m=[39m[38;5;124m"[39m[38;5;124m$f_V$[39m[38;5;124m"[39m)
[1;32m      9[0m lines, labels [38;5;241m=[39m axs[[38;5;241m0[39m][38;5;241m.[39mget_legend_handles_labels()
[0;32m---> 10[0m [43maxs[49m[43m[[49m[38;5;241;43m0[39;49m[43m][49m[38;5;241;43m.[39;49m[43mlegend[49m[43m([49m[38;5;28;43mreversed[39;49m[43m([49m[43mlines[49m[43m[[49m[38;5;241;43m0[39;49m[43m:[49m[38;5;241;43m2[39;49m[43m][49m[43m)[49m[43m,[49m[43m [49m[38;5;28;43mreversed[39;49m[43m([49m[43mlabels[49m[43m[[49m[38;5;241;43m0[39;49m[43m:[49m[38;5;241;43m2[39;49m[43m][49m[43m)[49m[43m)[49m
[1;32m     12[0m [38;5;66;03m# plot a empirical cumulative distribution[39;00m
[1;32m     13[0m sns[38;5;241m.[39mecdfplot(vsample, ax[38;5;241m=[39maxs[[38;5;241m1[39m], label[38;5;241m=[39m[38;5;124m"[39m[38;5;124meCDF(vsample)[39m[38;5;124m"[39m)

File [0;32m/opt/hostedtoolcache/Python/3.10.16/x64/lib/python3.10/site-packages/matplotlib/axes/_axes.py:337[0m, in [0;36mAxes.legend[0;34m(self, *args, **kwargs)[0m
[1;32m    220[0m [38;5;250m[39m[38;5;124;03m"""[39;00m
[1;32m    221[0m [38;5;124;03mPlace a legend on the Axes.[39;00m
[1;32m    222[0m 
[0;32m   (...)[0m
[1;32m    334[0m [38;5;124;03m.. plot:: gallery/text_labels_and_annotations/legend.py[39;00m
[1;32m    335[0m [38;5;124;03m"""[39;00m
[1;32m    336[0m handles, labels, kwargs [38;5;241m=[39m mlegend[38;5;241m.[39m_parse_legend_args([[38;5;28mself[39m], [38;5;241m*[39margs, [38;5;241m*[39m[38;5;241m*[39mkwargs)
[0;32m--> 337[0m [38;5;28mself[39m[38;5;241m.[39mlegend_ [38;5;241m=[39m [43mmlegend[49m[38;5;241;43m.[39;49m[43mLegend[49m[43m([49m[38;5;28;43mself[39;49m[43m,[49m[43m [49m[43mhandles[49m[43m,[49m[43m [49m[43mlabels[49m[43m,[49m[43m [49m[38;5;241;43m*[39;49m[38;5;241;43m*[39;49m[43mkwargs[49m[43m)[49m
[1;32m    338[0m [38;5;28mself[39m[38;5;241m.[39mlegend_[38;5;241m.[39m_remove_method [38;5;241m=[39m [38;5;28mself[39m[38;5;241m.[39m_remove_legend
[1;32m    339[0m [38;5;28;01mreturn[39;00m [38;5;28mself[39m[38;5;241m.[39mlegend_

File [0;32m/opt/hostedtoolcache/Python/3.10.16/x64/lib/python3.10/site-packages/matplotlib/legend.py:462[0m, in [0;36mLegend.__init__[0;34m(self, parent, handles, labels, loc, numpoints, markerscale, markerfirst, reverse, scatterpoints, scatteryoffsets, prop, fontsize, labelcolor, borderpad, labelspacing, handlelength, handleheight, handletextpad, borderaxespad, columnspacing, ncols, mode, fancybox, shadow, title, title_fontsize, framealpha, edgecolor, facecolor, bbox_to_anchor, bbox_transform, frameon, handler_map, title_fontproperties, alignment, ncol, draggable)[0m
[1;32m    459[0m     labels [38;5;241m=[39m [[38;5;241m*[39m[38;5;28mreversed[39m(labels)]
[1;32m    460[0m     handles [38;5;241m=[39m [[38;5;241m*[39m[38;5;28mreversed[39m(handles)]
[0;32m--> 462[0m [38;5;28;01mif[39;00m [38;5;28;43mlen[39;49m[43m([49m[43mhandles[49m[43m)[49m [38;5;241m<[39m [38;5;241m2[39m:
[1;32m    463[0m     ncols [38;5;241m=[39m [38;5;241m1[39m
[1;32m    464[0m [38;5;28mself[39m[38;5;241m.[39m_ncols [38;5;241m=[39m ncols [38;5;28;01mif[39;00m ncols [38;5;241m!=[39m [38;5;241m1[39m [38;5;28;01melse[39;00m ncol

[0;31mTypeError[0m: object of type 'list_reverseiterator' has no len()

