Traceback (most recent call last):
  File "/opt/hostedtoolcache/Python/3.10.19/x64/lib/python3.10/site-packages/jupyter_cache/executors/utils.py", line 58, in single_nb_execution
    executenb(
  File "/opt/hostedtoolcache/Python/3.10.19/x64/lib/python3.10/site-packages/nbclient/client.py", line 1323, in execute
    return NotebookClient(nb=nb, resources=resources, km=km, **kwargs).execute()
  File "/opt/hostedtoolcache/Python/3.10.19/x64/lib/python3.10/site-packages/jupyter_core/utils/__init__.py", line 165, in wrapped
    return loop.run_until_complete(inner)
  File "/opt/hostedtoolcache/Python/3.10.19/x64/lib/python3.10/asyncio/base_events.py", line 649, in run_until_complete
    return future.result()
  File "/opt/hostedtoolcache/Python/3.10.19/x64/lib/python3.10/site-packages/nbclient/client.py", line 709, in async_execute
    await self.async_execute_cell(
  File "/opt/hostedtoolcache/Python/3.10.19/x64/lib/python3.10/site-packages/nbclient/client.py", line 1062, in async_execute_cell
    await self._check_raise_for_error(cell, cell_index, exec_reply)
  File "/opt/hostedtoolcache/Python/3.10.19/x64/lib/python3.10/site-packages/nbclient/client.py", line 918, in _check_raise_for_error
    raise CellExecutionError.from_cell_and_msg(cell, exec_reply_content)
nbclient.exceptions.CellExecutionError: An error occurred while executing the following cell:
------------------
# Bayes factor (based on JZS prior)
import pingouin as pg
pg.ttest(iqs, 100).loc["T-test","BF10"]
------------------


[0;31m---------------------------------------------------------------------------[0m
[0;31mKeyError[0m                                  Traceback (most recent call last)
File [0;32m/opt/hostedtoolcache/Python/3.10.19/x64/lib/python3.10/site-packages/pandas/core/indexes/base.py:3812[0m, in [0;36mIndex.get_loc[0;34m(self, key)[0m
[1;32m   3811[0m [38;5;28;01mtry[39;00m:
[0;32m-> 3812[0m     [38;5;28;01mreturn[39;00m [38;5;28;43mself[39;49m[38;5;241;43m.[39;49m[43m_engine[49m[38;5;241;43m.[39;49m[43mget_loc[49m[43m([49m[43mcasted_key[49m[43m)[49m
[1;32m   3813[0m [38;5;28;01mexcept[39;00m [38;5;167;01mKeyError[39;00m [38;5;28;01mas[39;00m err:

File [0;32mpandas/_libs/index.pyx:167[0m, in [0;36mpandas._libs.index.IndexEngine.get_loc[0;34m()[0m

File [0;32mpandas/_libs/index.pyx:196[0m, in [0;36mpandas._libs.index.IndexEngine.get_loc[0;34m()[0m

File [0;32mpandas/_libs/hashtable_class_helper.pxi:7088[0m, in [0;36mpandas._libs.hashtable.PyObjectHashTable.get_item[0;34m()[0m

File [0;32mpandas/_libs/hashtable_class_helper.pxi:7096[0m, in [0;36mpandas._libs.hashtable.PyObjectHashTable.get_item[0;34m()[0m

[0;31mKeyError[0m: 'T-test'

The above exception was the direct cause of the following exception:

[0;31mKeyError[0m                                  Traceback (most recent call last)
Cell [0;32mIn[51], line 3[0m
[1;32m      1[0m [38;5;66;03m# Bayes factor (based on JZS prior)[39;00m
[1;32m      2[0m [38;5;28;01mimport[39;00m[38;5;250m [39m[38;5;21;01mpingouin[39;00m[38;5;250m [39m[38;5;28;01mas[39;00m[38;5;250m [39m[38;5;21;01mpg[39;00m
[0;32m----> 3[0m [43mpg[49m[38;5;241;43m.[39;49m[43mttest[49m[43m([49m[43miqs[49m[43m,[49m[43m [49m[38;5;241;43m100[39;49m[43m)[49m[38;5;241;43m.[39;49m[43mloc[49m[43m[[49m[38;5;124;43m"[39;49m[38;5;124;43mT-test[39;49m[38;5;124;43m"[39;49m[43m,[49m[38;5;124;43m"[39;49m[38;5;124;43mBF10[39;49m[38;5;124;43m"[39;49m[43m][49m

File [0;32m/opt/hostedtoolcache/Python/3.10.19/x64/lib/python3.10/site-packages/pandas/core/indexing.py:1184[0m, in [0;36m_LocationIndexer.__getitem__[0;34m(self, key)[0m
[1;32m   1182[0m     key [38;5;241m=[39m [38;5;28mtuple[39m(com[38;5;241m.[39mapply_if_callable(x, [38;5;28mself[39m[38;5;241m.[39mobj) [38;5;28;01mfor[39;00m x [38;5;129;01min[39;00m key)
[1;32m   1183[0m     [38;5;28;01mif[39;00m [38;5;28mself[39m[38;5;241m.[39m_is_scalar_access(key):
[0;32m-> 1184[0m         [38;5;28;01mreturn[39;00m [38;5;28;43mself[39;49m[38;5;241;43m.[39;49m[43mobj[49m[38;5;241;43m.[39;49m[43m_get_value[49m[43m([49m[38;5;241;43m*[39;49m[43mkey[49m[43m,[49m[43m [49m[43mtakeable[49m[38;5;241;43m=[39;49m[38;5;28;43mself[39;49m[38;5;241;43m.[39;49m[43m_takeable[49m[43m)[49m
[1;32m   1185[0m     [38;5;28;01mreturn[39;00m [38;5;28mself[39m[38;5;241m.[39m_getitem_tuple(key)
[1;32m   1186[0m [38;5;28;01melse[39;00m:
[1;32m   1187[0m     [38;5;66;03m# we by definition only have the 0th axis[39;00m

File [0;32m/opt/hostedtoolcache/Python/3.10.19/x64/lib/python3.10/site-packages/pandas/core/frame.py:4232[0m, in [0;36mDataFrame._get_value[0;34m(self, index, col, takeable)[0m
[1;32m   4226[0m engine [38;5;241m=[39m [38;5;28mself[39m[38;5;241m.[39mindex[38;5;241m.[39m_engine
[1;32m   4228[0m [38;5;28;01mif[39;00m [38;5;129;01mnot[39;00m [38;5;28misinstance[39m([38;5;28mself[39m[38;5;241m.[39mindex, MultiIndex):
[1;32m   4229[0m     [38;5;66;03m# CategoricalIndex: Trying to use the engine fastpath may give incorrect[39;00m
[1;32m   4230[0m     [38;5;66;03m#  results if our categories are integers that dont match our codes[39;00m
[1;32m   4231[0m     [38;5;66;03m# IntervalIndex: IntervalTree has no get_loc[39;00m
[0;32m-> 4232[0m     row [38;5;241m=[39m [38;5;28;43mself[39;49m[38;5;241;43m.[39;49m[43mindex[49m[38;5;241;43m.[39;49m[43mget_loc[49m[43m([49m[43mindex[49m[43m)[49m
[1;32m   4233[0m     [38;5;28;01mreturn[39;00m series[38;5;241m.[39m_values[row]
[1;32m   4235[0m [38;5;66;03m# For MultiIndex going through engine effectively restricts us to[39;00m
[1;32m   4236[0m [38;5;66;03m#  same-length tuples; see test_get_set_value_no_partial_indexing[39;00m

File [0;32m/opt/hostedtoolcache/Python/3.10.19/x64/lib/python3.10/site-packages/pandas/core/indexes/base.py:3819[0m, in [0;36mIndex.get_loc[0;34m(self, key)[0m
[1;32m   3814[0m     [38;5;28;01mif[39;00m [38;5;28misinstance[39m(casted_key, [38;5;28mslice[39m) [38;5;129;01mor[39;00m (
[1;32m   3815[0m         [38;5;28misinstance[39m(casted_key, abc[38;5;241m.[39mIterable)
[1;32m   3816[0m         [38;5;129;01mand[39;00m [38;5;28many[39m([38;5;28misinstance[39m(x, [38;5;28mslice[39m) [38;5;28;01mfor[39;00m x [38;5;129;01min[39;00m casted_key)
[1;32m   3817[0m     ):
[1;32m   3818[0m         [38;5;28;01mraise[39;00m InvalidIndexError(key)
[0;32m-> 3819[0m     [38;5;28;01mraise[39;00m [38;5;167;01mKeyError[39;00m(key) [38;5;28;01mfrom[39;00m[38;5;250m [39m[38;5;21;01merr[39;00m
[1;32m   3820[0m [38;5;28;01mexcept[39;00m [38;5;167;01mTypeError[39;00m:
[1;32m   3821[0m     [38;5;66;03m# If we have a listlike key, _check_indexing_error will raise[39;00m
[1;32m   3822[0m     [38;5;66;03m#  InvalidIndexError. Otherwise we fall through and re-raise[39;00m
[1;32m   3823[0m     [38;5;66;03m#  the TypeError.[39;00m
[1;32m   3824[0m     [38;5;28mself[39m[38;5;241m.[39m_check_indexing_error(key)

[0;31mKeyError[0m: 'T-test'

