Traceback (most recent call last):
  File "/opt/hostedtoolcache/Python/3.8.15/x64/lib/python3.8/site-packages/jupyter_cache/executors/utils.py", line 51, in single_nb_execution
    executenb(
  File "/opt/hostedtoolcache/Python/3.8.15/x64/lib/python3.8/site-packages/nbclient/client.py", line 1204, in execute
    return NotebookClient(nb=nb, resources=resources, km=km, **kwargs).execute()
  File "/opt/hostedtoolcache/Python/3.8.15/x64/lib/python3.8/site-packages/nbclient/util.py", line 84, in wrapped
    return just_run(coro(*args, **kwargs))
  File "/opt/hostedtoolcache/Python/3.8.15/x64/lib/python3.8/site-packages/nbclient/util.py", line 62, in just_run
    return loop.run_until_complete(coro)
  File "/opt/hostedtoolcache/Python/3.8.15/x64/lib/python3.8/asyncio/base_events.py", line 616, in run_until_complete
    return future.result()
  File "/opt/hostedtoolcache/Python/3.8.15/x64/lib/python3.8/site-packages/nbclient/client.py", line 663, in async_execute
    await self.async_execute_cell(
  File "/opt/hostedtoolcache/Python/3.8.15/x64/lib/python3.8/site-packages/nbclient/client.py", line 965, in async_execute_cell
    await self._check_raise_for_error(cell, cell_index, exec_reply)
  File "/opt/hostedtoolcache/Python/3.8.15/x64/lib/python3.8/site-packages/nbclient/client.py", line 862, in _check_raise_for_error
    raise CellExecutionError.from_cell_and_msg(cell, exec_reply_content)
nbclient.exceptions.CellExecutionError: An error occurred while executing the following cell:
------------------
# plot the probability density function (pdf) of the random variable X
x = np.linspace(-1, 2, 10000)
pX = X.pdf(x)
_ = sns.lineplot(x, pX).set_title("Probability density function $p_X$ for the uniform distribution between 0 and 1")
------------------

[0;31m---------------------------------------------------------------------------[0m
[0;31mTypeError[0m                                 Traceback (most recent call last)
Cell [0;32mIn[9], line 4[0m
[1;32m      2[0m x [38;5;241m=[39m np[38;5;241m.[39mlinspace([38;5;241m-[39m[38;5;241m1[39m, [38;5;241m2[39m, [38;5;241m10000[39m)
[1;32m      3[0m pX [38;5;241m=[39m X[38;5;241m.[39mpdf(x)
[0;32m----> 4[0m _ [38;5;241m=[39m [43msns[49m[38;5;241;43m.[39;49m[43mlineplot[49m[43m([49m[43mx[49m[43m,[49m[43m [49m[43mpX[49m[43m)[49m[38;5;241m.[39mset_title([38;5;124m"[39m[38;5;124mProbability density function $p_X$ for the uniform distribution between 0 and 1[39m[38;5;124m"[39m)

[0;31mTypeError[0m: lineplot() takes from 0 to 1 positional arguments but 2 were given
TypeError: lineplot() takes from 0 to 1 positional arguments but 2 were given

