Traceback (most recent call last):
  File "/opt/hostedtoolcache/Python/3.8.15/x64/lib/python3.8/site-packages/jupyter_cache/executors/utils.py", line 51, in single_nb_execution
    executenb(
  File "/opt/hostedtoolcache/Python/3.8.15/x64/lib/python3.8/site-packages/nbclient/client.py", line 1204, in execute
    return NotebookClient(nb=nb, resources=resources, km=km, **kwargs).execute()
  File "/opt/hostedtoolcache/Python/3.8.15/x64/lib/python3.8/site-packages/nbclient/util.py", line 84, in wrapped
    return just_run(coro(*args, **kwargs))
  File "/opt/hostedtoolcache/Python/3.8.15/x64/lib/python3.8/site-packages/nbclient/util.py", line 62, in just_run
    return loop.run_until_complete(coro)
  File "/opt/hostedtoolcache/Python/3.8.15/x64/lib/python3.8/asyncio/base_events.py", line 616, in run_until_complete
    return future.result()
  File "/opt/hostedtoolcache/Python/3.8.15/x64/lib/python3.8/site-packages/nbclient/client.py", line 663, in async_execute
    await self.async_execute_cell(
  File "/opt/hostedtoolcache/Python/3.8.15/x64/lib/python3.8/site-packages/nbclient/client.py", line 965, in async_execute_cell
    await self._check_raise_for_error(cell, cell_index, exec_reply)
  File "/opt/hostedtoolcache/Python/3.8.15/x64/lib/python3.8/site-packages/nbclient/client.py", line 862, in _check_raise_for_error
    raise CellExecutionError.from_cell_and_msg(cell, exec_reply_content)
nbclient.exceptions.CellExecutionError: An error occurred while executing the following cell:
------------------
sns.lineplot(x="days", y="cakes", data=df, dashes='.')
------------------

[0;31m---------------------------------------------------------------------------[0m
[0;31mTypeError[0m                                 Traceback (most recent call last)
Cell [0;32mIn[6], line 1[0m
[0;32m----> 1[0m [43msns[49m[38;5;241;43m.[39;49m[43mlineplot[49m[43m([49m[43mx[49m[38;5;241;43m=[39;49m[38;5;124;43m"[39;49m[38;5;124;43mdays[39;49m[38;5;124;43m"[39;49m[43m,[49m[43m [49m[43my[49m[38;5;241;43m=[39;49m[38;5;124;43m"[39;49m[38;5;124;43mcakes[39;49m[38;5;124;43m"[39;49m[43m,[49m[43m [49m[43mdata[49m[38;5;241;43m=[39;49m[43mdf[49m[43m,[49m[43m [49m[43mdashes[49m[38;5;241;43m=[39;49m[38;5;124;43m'[39;49m[38;5;124;43m.[39;49m[38;5;124;43m'[39;49m[43m)[49m

File [0;32m/opt/hostedtoolcache/Python/3.8.15/x64/lib/python3.8/site-packages/seaborn/relational.py:645[0m, in [0;36mlineplot[0;34m(data, x, y, hue, size, style, units, palette, hue_order, hue_norm, sizes, size_order, size_norm, dashes, markers, style_order, estimator, errorbar, n_boot, seed, orient, sort, err_style, err_kws, legend, ci, ax, **kwargs)[0m
[1;32m    642[0m color [38;5;241m=[39m kwargs[38;5;241m.[39mpop([38;5;124m"[39m[38;5;124mcolor[39m[38;5;124m"[39m, kwargs[38;5;241m.[39mpop([38;5;124m"[39m[38;5;124mc[39m[38;5;124m"[39m, [38;5;28;01mNone[39;00m))
[1;32m    643[0m kwargs[[38;5;124m"[39m[38;5;124mcolor[39m[38;5;124m"[39m] [38;5;241m=[39m _default_color(ax[38;5;241m.[39mplot, hue, color, kwargs)
[0;32m--> 645[0m [43mp[49m[38;5;241;43m.[39;49m[43mplot[49m[43m([49m[43max[49m[43m,[49m[43m [49m[43mkwargs[49m[43m)[49m
[1;32m    646[0m [38;5;28;01mreturn[39;00m ax

File [0;32m/opt/hostedtoolcache/Python/3.8.15/x64/lib/python3.8/site-packages/seaborn/relational.py:459[0m, in [0;36m_LinePlotter.plot[0;34m(self, ax, kws)[0m
[1;32m    457[0m         lines[38;5;241m.[39mextend(ax[38;5;241m.[39mplot(unit_data[[38;5;124m"[39m[38;5;124mx[39m[38;5;124m"[39m], unit_data[[38;5;124m"[39m[38;5;124my[39m[38;5;124m"[39m], [38;5;241m*[39m[38;5;241m*[39mkws))
[1;32m    458[0m [38;5;28;01melse[39;00m:
[0;32m--> 459[0m     lines [38;5;241m=[39m [43max[49m[38;5;241;43m.[39;49m[43mplot[49m[43m([49m[43msub_data[49m[43m[[49m[38;5;124;43m"[39;49m[38;5;124;43mx[39;49m[38;5;124;43m"[39;49m[43m][49m[43m,[49m[43m [49m[43msub_data[49m[43m[[49m[38;5;124;43m"[39;49m[38;5;124;43my[39;49m[38;5;124;43m"[39;49m[43m][49m[43m,[49m[43m [49m[38;5;241;43m*[39;49m[38;5;241;43m*[39;49m[43mkws[49m[43m)[49m
[1;32m    461[0m [38;5;28;01mfor[39;00m line [38;5;129;01min[39;00m lines:
[1;32m    463[0m     [38;5;28;01mif[39;00m [38;5;124m"[39m[38;5;124mhue[39m[38;5;124m"[39m [38;5;129;01min[39;00m sub_vars:

File [0;32m/opt/hostedtoolcache/Python/3.8.15/x64/lib/python3.8/site-packages/matplotlib/axes/_axes.py:1668[0m, in [0;36mAxes.plot[0;34m(self, scalex, scaley, data, *args, **kwargs)[0m
[1;32m   1425[0m [38;5;250m[39m[38;5;124;03m"""[39;00m
[1;32m   1426[0m [38;5;124;03mPlot y versus x as lines and/or markers.[39;00m
[1;32m   1427[0m 
[0;32m   (...)[0m
[1;32m   1665[0m [38;5;124;03m(``'green'``) or hex strings (``'#008000'``).[39;00m
[1;32m   1666[0m [38;5;124;03m"""[39;00m
[1;32m   1667[0m kwargs [38;5;241m=[39m cbook[38;5;241m.[39mnormalize_kwargs(kwargs, mlines[38;5;241m.[39mLine2D)
[0;32m-> 1668[0m lines [38;5;241m=[39m [[38;5;241m*[39m[38;5;28mself[39m[38;5;241m.[39m_get_lines([38;5;241m*[39margs, data[38;5;241m=[39mdata, [38;5;241m*[39m[38;5;241m*[39mkwargs)]
[1;32m   1669[0m [38;5;28;01mfor[39;00m line [38;5;129;01min[39;00m lines:
[1;32m   1670[0m     [38;5;28mself[39m[38;5;241m.[39madd_line(line)

File [0;32m/opt/hostedtoolcache/Python/3.8.15/x64/lib/python3.8/site-packages/matplotlib/axes/_base.py:311[0m, in [0;36m_process_plot_var_args.__call__[0;34m(self, data, *args, **kwargs)[0m
[1;32m    309[0m     this [38;5;241m+[39m[38;5;241m=[39m args[[38;5;241m0[39m],
[1;32m    310[0m     args [38;5;241m=[39m args[[38;5;241m1[39m:]
[0;32m--> 311[0m [38;5;28;01myield from[39;00m [38;5;28;43mself[39;49m[38;5;241;43m.[39;49m[43m_plot_args[49m[43m([49m
[1;32m    312[0m [43m    [49m[43mthis[49m[43m,[49m[43m [49m[43mkwargs[49m[43m,[49m[43m [49m[43mambiguous_fmt_datakey[49m[38;5;241;43m=[39;49m[43mambiguous_fmt_datakey[49m[43m)[49m

File [0;32m/opt/hostedtoolcache/Python/3.8.15/x64/lib/python3.8/site-packages/matplotlib/axes/_base.py:544[0m, in [0;36m_process_plot_var_args._plot_args[0;34m(self, tup, kwargs, return_kwargs, ambiguous_fmt_datakey)[0m
[1;32m    542[0m     [38;5;28;01mreturn[39;00m [38;5;28mlist[39m(result)
[1;32m    543[0m [38;5;28;01melse[39;00m:
[0;32m--> 544[0m     [38;5;28;01mreturn[39;00m [l[[38;5;241m0[39m] [38;5;28;01mfor[39;00m l [38;5;129;01min[39;00m result]

File [0;32m/opt/hostedtoolcache/Python/3.8.15/x64/lib/python3.8/site-packages/matplotlib/axes/_base.py:544[0m, in [0;36m<listcomp>[0;34m(.0)[0m
[1;32m    542[0m     [38;5;28;01mreturn[39;00m [38;5;28mlist[39m(result)
[1;32m    543[0m [38;5;28;01melse[39;00m:
[0;32m--> 544[0m     [38;5;28;01mreturn[39;00m [l[[38;5;241m0[39m] [38;5;28;01mfor[39;00m l [38;5;129;01min[39;00m result]

File [0;32m/opt/hostedtoolcache/Python/3.8.15/x64/lib/python3.8/site-packages/matplotlib/axes/_base.py:537[0m, in [0;36m<genexpr>[0;34m(.0)[0m
[1;32m    534[0m [38;5;28;01melse[39;00m:
[1;32m    535[0m     labels [38;5;241m=[39m [label] [38;5;241m*[39m n_datasets
[0;32m--> 537[0m result [38;5;241m=[39m ([43mmake_artist[49m[43m([49m[43mx[49m[43m[[49m[43m:[49m[43m,[49m[43m [49m[43mj[49m[43m [49m[38;5;241;43m%[39;49m[43m [49m[43mncx[49m[43m][49m[43m,[49m[43m [49m[43my[49m[43m[[49m[43m:[49m[43m,[49m[43m [49m[43mj[49m[43m [49m[38;5;241;43m%[39;49m[43m [49m[43mncy[49m[43m][49m[43m,[49m[43m [49m[43mkw[49m[43m,[49m
[1;32m    538[0m [43m                      [49m[43m{[49m[38;5;241;43m*[39;49m[38;5;241;43m*[39;49m[43mkwargs[49m[43m,[49m[43m [49m[38;5;124;43m'[39;49m[38;5;124;43mlabel[39;49m[38;5;124;43m'[39;49m[43m:[49m[43m [49m[43mlabel[49m[43m}[49m[43m)[49m
[1;32m    539[0m           [38;5;28;01mfor[39;00m j, label [38;5;129;01min[39;00m [38;5;28menumerate[39m(labels))
[1;32m    541[0m [38;5;28;01mif[39;00m return_kwargs:
[1;32m    542[0m     [38;5;28;01mreturn[39;00m [38;5;28mlist[39m(result)

File [0;32m/opt/hostedtoolcache/Python/3.8.15/x64/lib/python3.8/site-packages/matplotlib/axes/_base.py:351[0m, in [0;36m_process_plot_var_args._makeline[0;34m(self, x, y, kw, kwargs)[0m
[1;32m    349[0m default_dict [38;5;241m=[39m [38;5;28mself[39m[38;5;241m.[39m_getdefaults([38;5;28mset[39m(), kw)
[1;32m    350[0m [38;5;28mself[39m[38;5;241m.[39m_setdefaults(default_dict, kw)
[0;32m--> 351[0m seg [38;5;241m=[39m [43mmlines[49m[38;5;241;43m.[39;49m[43mLine2D[49m[43m([49m[43mx[49m[43m,[49m[43m [49m[43my[49m[43m,[49m[43m [49m[38;5;241;43m*[39;49m[38;5;241;43m*[39;49m[43mkw[49m[43m)[49m
[1;32m    352[0m [38;5;28;01mreturn[39;00m seg, kw

File [0;32m/opt/hostedtoolcache/Python/3.8.15/x64/lib/python3.8/site-packages/matplotlib/_api/deprecation.py:454[0m, in [0;36mmake_keyword_only.<locals>.wrapper[0;34m(*args, **kwargs)[0m
[1;32m    448[0m [38;5;28;01mif[39;00m [38;5;28mlen[39m(args) [38;5;241m>[39m name_idx:
[1;32m    449[0m     warn_deprecated(
[1;32m    450[0m         since, message[38;5;241m=[39m[38;5;124m"[39m[38;5;124mPassing the [39m[38;5;132;01m%(name)s[39;00m[38;5;124m [39m[38;5;132;01m%(obj_type)s[39;00m[38;5;124m [39m[38;5;124m"[39m
[1;32m    451[0m         [38;5;124m"[39m[38;5;124mpositionally is deprecated since Matplotlib [39m[38;5;132;01m%(since)s[39;00m[38;5;124m; the [39m[38;5;124m"[39m
[1;32m    452[0m         [38;5;124m"[39m[38;5;124mparameter will become keyword-only [39m[38;5;132;01m%(removal)s[39;00m[38;5;124m.[39m[38;5;124m"[39m,
[1;32m    453[0m         name[38;5;241m=[39mname, obj_type[38;5;241m=[39m[38;5;124mf[39m[38;5;124m"[39m[38;5;124mparameter of [39m[38;5;132;01m{[39;00mfunc[38;5;241m.[39m[38;5;18m__name__[39m[38;5;132;01m}[39;00m[38;5;124m()[39m[38;5;124m"[39m)
[0;32m--> 454[0m [38;5;28;01mreturn[39;00m [43mfunc[49m[43m([49m[38;5;241;43m*[39;49m[43margs[49m[43m,[49m[43m [49m[38;5;241;43m*[39;49m[38;5;241;43m*[39;49m[43mkwargs[49m[43m)[49m

File [0;32m/opt/hostedtoolcache/Python/3.8.15/x64/lib/python3.8/site-packages/matplotlib/lines.py:393[0m, in [0;36mLine2D.__init__[0;34m(self, xdata, ydata, linewidth, linestyle, color, gapcolor, marker, markersize, markeredgewidth, markeredgecolor, markerfacecolor, markerfacecoloralt, fillstyle, antialiased, dash_capstyle, solid_capstyle, dash_joinstyle, solid_joinstyle, pickradius, drawstyle, markevery, **kwargs)[0m
[1;32m    389[0m [38;5;28mself[39m[38;5;241m.[39mset_markeredgewidth(markeredgewidth)
[1;32m    391[0m [38;5;66;03m# update kwargs before updating data to give the caller a[39;00m
[1;32m    392[0m [38;5;66;03m# chance to init axes (and hence unit support)[39;00m
[0;32m--> 393[0m [38;5;28;43mself[39;49m[38;5;241;43m.[39;49m[43m_internal_update[49m[43m([49m[43mkwargs[49m[43m)[49m
[1;32m    394[0m [38;5;28mself[39m[38;5;241m.[39m_pickradius [38;5;241m=[39m pickradius
[1;32m    395[0m [38;5;28mself[39m[38;5;241m.[39mind_offset [38;5;241m=[39m [38;5;241m0[39m

File [0;32m/opt/hostedtoolcache/Python/3.8.15/x64/lib/python3.8/site-packages/matplotlib/artist.py:1186[0m, in [0;36mArtist._internal_update[0;34m(self, kwargs)[0m
[1;32m   1179[0m [38;5;28;01mdef[39;00m [38;5;21m_internal_update[39m([38;5;28mself[39m, kwargs):
[1;32m   1180[0m [38;5;250m    [39m[38;5;124;03m"""[39;00m
[1;32m   1181[0m [38;5;124;03m    Update artist properties without prenormalizing them, but generating[39;00m
[1;32m   1182[0m [38;5;124;03m    errors as if calling `set`.[39;00m
[1;32m   1183[0m 
[1;32m   1184[0m [38;5;124;03m    The lack of prenormalization is to maintain backcompatibility.[39;00m
[1;32m   1185[0m [38;5;124;03m    """[39;00m
[0;32m-> 1186[0m     [38;5;28;01mreturn[39;00m [38;5;28;43mself[39;49m[38;5;241;43m.[39;49m[43m_update_props[49m[43m([49m
[1;32m   1187[0m [43m        [49m[43mkwargs[49m[43m,[49m[43m [49m[38;5;124;43m"[39;49m[38;5;132;43;01m{cls.__name__}[39;49;00m[38;5;124;43m.set() got an unexpected keyword argument [39;49m[38;5;124;43m"[39;49m
[1;32m   1188[0m [43m        [49m[38;5;124;43m"[39;49m[38;5;132;43;01m{prop_name!r}[39;49;00m[38;5;124;43m"[39;49m[43m)[49m

File [0;32m/opt/hostedtoolcache/Python/3.8.15/x64/lib/python3.8/site-packages/matplotlib/artist.py:1162[0m, in [0;36mArtist._update_props[0;34m(self, props, errfmt)[0m
[1;32m   1159[0m             [38;5;28;01mif[39;00m [38;5;129;01mnot[39;00m callable(func):
[1;32m   1160[0m                 [38;5;28;01mraise[39;00m [38;5;167;01mAttributeError[39;00m(
[1;32m   1161[0m                     errfmt[38;5;241m.[39mformat([38;5;28mcls[39m[38;5;241m=[39m[38;5;28mtype[39m([38;5;28mself[39m), prop_name[38;5;241m=[39mk))
[0;32m-> 1162[0m             ret[38;5;241m.[39mappend([43mfunc[49m[43m([49m[43mv[49m[43m)[49m)
[1;32m   1163[0m [38;5;28;01mif[39;00m ret:
[1;32m   1164[0m     [38;5;28mself[39m[38;5;241m.[39mpchanged()

File [0;32m/opt/hostedtoolcache/Python/3.8.15/x64/lib/python3.8/site-packages/matplotlib/lines.py:1317[0m, in [0;36mLine2D.set_dashes[0;34m(self, seq)[0m
[1;32m   1315[0m     [38;5;28mself[39m[38;5;241m.[39mset_linestyle([38;5;124m'[39m[38;5;124m-[39m[38;5;124m'[39m)
[1;32m   1316[0m [38;5;28;01melse[39;00m:
[0;32m-> 1317[0m     [38;5;28;43mself[39;49m[38;5;241;43m.[39;49m[43mset_linestyle[49m[43m([49m[43m([49m[38;5;241;43m0[39;49m[43m,[49m[43m [49m[43mseq[49m[43m)[49m[43m)[49m

File [0;32m/opt/hostedtoolcache/Python/3.8.15/x64/lib/python3.8/site-packages/matplotlib/lines.py:1179[0m, in [0;36mLine2D.set_linestyle[0;34m(self, ls)[0m
[1;32m   1177[0m [38;5;28;01melse[39;00m:
[1;32m   1178[0m     [38;5;28mself[39m[38;5;241m.[39m_linestyle [38;5;241m=[39m [38;5;124m'[39m[38;5;124m--[39m[38;5;124m'[39m
[0;32m-> 1179[0m [38;5;28mself[39m[38;5;241m.[39m_unscaled_dash_pattern [38;5;241m=[39m [43m_get_dash_pattern[49m[43m([49m[43mls[49m[43m)[49m
[1;32m   1180[0m [38;5;28mself[39m[38;5;241m.[39m_dash_pattern [38;5;241m=[39m _scale_dashes(
[1;32m   1181[0m     [38;5;241m*[39m[38;5;28mself[39m[38;5;241m.[39m_unscaled_dash_pattern, [38;5;28mself[39m[38;5;241m.[39m_linewidth)
[1;32m   1182[0m [38;5;28mself[39m[38;5;241m.[39mstale [38;5;241m=[39m [38;5;28;01mTrue[39;00m

File [0;32m/opt/hostedtoolcache/Python/3.8.15/x64/lib/python3.8/site-packages/matplotlib/lines.py:56[0m, in [0;36m_get_dash_pattern[0;34m(style)[0m
[1;32m     54[0m [38;5;66;03m# normalize offset to be positive and shorter than the dash cycle[39;00m
[1;32m     55[0m [38;5;28;01mif[39;00m dashes [38;5;129;01mis[39;00m [38;5;129;01mnot[39;00m [38;5;28;01mNone[39;00m:
[0;32m---> 56[0m     dsum [38;5;241m=[39m [38;5;28;43msum[39;49m[43m([49m[43mdashes[49m[43m)[49m
[1;32m     57[0m     [38;5;28;01mif[39;00m dsum:
[1;32m     58[0m         offset [38;5;241m%[39m[38;5;241m=[39m dsum

[0;31mTypeError[0m: unsupported operand type(s) for +: 'int' and 'str'
TypeError: unsupported operand type(s) for +: 'int' and 'str'

