Traceback (most recent call last):
  File "/opt/hostedtoolcache/Python/3.8.14/x64/lib/python3.8/site-packages/jupyter_cache/executors/utils.py", line 51, in single_nb_execution
    executenb(
  File "/opt/hostedtoolcache/Python/3.8.14/x64/lib/python3.8/site-packages/nbclient/client.py", line 1204, in execute
    return NotebookClient(nb=nb, resources=resources, km=km, **kwargs).execute()
  File "/opt/hostedtoolcache/Python/3.8.14/x64/lib/python3.8/site-packages/nbclient/util.py", line 84, in wrapped
    return just_run(coro(*args, **kwargs))
  File "/opt/hostedtoolcache/Python/3.8.14/x64/lib/python3.8/site-packages/nbclient/util.py", line 62, in just_run
    return loop.run_until_complete(coro)
  File "/opt/hostedtoolcache/Python/3.8.14/x64/lib/python3.8/asyncio/base_events.py", line 616, in run_until_complete
    return future.result()
  File "/opt/hostedtoolcache/Python/3.8.14/x64/lib/python3.8/site-packages/nbclient/client.py", line 663, in async_execute
    await self.async_execute_cell(
  File "/opt/hostedtoolcache/Python/3.8.14/x64/lib/python3.8/site-packages/nbclient/client.py", line 965, in async_execute_cell
    await self._check_raise_for_error(cell, cell_index, exec_reply)
  File "/opt/hostedtoolcache/Python/3.8.14/x64/lib/python3.8/site-packages/nbclient/client.py", line 862, in _check_raise_for_error
    raise CellExecutionError.from_cell_and_msg(cell, exec_reply_content)
nbclient.exceptions.CellExecutionError: An error occurred while executing the following cell:
------------------
filename = os.path.join(DESTDIR, "prob_models_discrete_examples_panel.pdf")

from scipy.stats import randint
from scipy.stats import bernoulli
from scipy.stats import binom
from scipy.stats import poisson


from plot_helpers import plot_pmf

with plt.rc_context({"figure.figsize":(9,5)}):
    fig, axs = plt.subplots(2,2) # ,sharex=True)
    
    # randint
    ax = axs[0,0]
    rvR = randint(1, 6+1)
    plot_pmf(rvR, xlims=[0,10], ylims=[-0.004,0.3], ax=ax, label="$\mathcal{U}_d(\\alpha=1,\\beta=6)$")
    ax.set_xlabel("$R$")
    ax.set_ylabel("")

    # bernoulli
    ax = axs[1,0]
    rvN = bernoulli(0.4)
    plot_pmf(rvN, xlims=[0,6], ylims=[-0.004,0.7], ax=ax, label="Bernoulli$(p=0.4)$")
    ax.set_xlabel("$B$")
    ax.set_ylabel("")

    # binom
    ax = axs[0,1]
    rvB = binom(20, 0.5)
    plot_pmf(rvB, xlims=[0,22], ax=ax, label="Binom$(n=20,p=0.5)$")
    ax.set_xlabel("$X$")
    ax.set_ylabel("")

    # poisson
    ax = axs[1,1]
    lam = 10
    rvP = poisson(lam)
    plot_pmf(rvP, xlims=[0,22], ax=ax, label="Pois$(\lambda=10)$")
    ax.set_xlabel("$P$")
    ax.set_ylabel("")

    fig.tight_layout()
    fig.savefig(filename, dpi=300, bbox_inches="tight", pad_inches=0)
------------------

[0;31m---------------------------------------------------------------------------[0m
[0;31mFileNotFoundError[0m                         Traceback (most recent call last)
Cell [0;32mIn [21], line 44[0m
[1;32m     41[0m ax[38;5;241m.[39mset_ylabel([38;5;124m"[39m[38;5;124m"[39m)
[1;32m     43[0m fig[38;5;241m.[39mtight_layout()
[0;32m---> 44[0m fig[38;5;241m.[39msavefig(filename, dpi[38;5;241m=[39m[38;5;241m300[39m, bbox_inches[38;5;241m=[39m[38;5;124m"[39m[38;5;124mtight[39m[38;5;124m"[39m, pad_inches[38;5;241m=[39m[38;5;241m0[39m)

File [0;32m/opt/hostedtoolcache/Python/3.8.14/x64/lib/python3.8/site-packages/matplotlib/figure.py:3272[0m, in [0;36mFigure.savefig[0;34m(self, fname, transparent, **kwargs)[0m
[1;32m   3268[0m     [38;5;28;01mfor[39;00m ax [38;5;129;01min[39;00m [38;5;28mself[39m[38;5;241m.[39maxes:
[1;32m   3269[0m         stack[38;5;241m.[39menter_context(
[1;32m   3270[0m             ax[38;5;241m.[39mpatch[38;5;241m.[39m_cm_set(facecolor[38;5;241m=[39m[38;5;124m'[39m[38;5;124mnone[39m[38;5;124m'[39m, edgecolor[38;5;241m=[39m[38;5;124m'[39m[38;5;124mnone[39m[38;5;124m'[39m))
[0;32m-> 3272[0m [38;5;28;43mself[39;49m[38;5;241;43m.[39;49m[43mcanvas[49m[38;5;241;43m.[39;49m[43mprint_figure[49m[43m([49m[43mfname[49m[43m,[49m[43m [49m[38;5;241;43m*[39;49m[38;5;241;43m*[39;49m[43mkwargs[49m[43m)[49m

File [0;32m/opt/hostedtoolcache/Python/3.8.14/x64/lib/python3.8/site-packages/matplotlib/backend_bases.py:2338[0m, in [0;36mFigureCanvasBase.print_figure[0;34m(self, filename, dpi, facecolor, edgecolor, orientation, format, bbox_inches, pad_inches, bbox_extra_artists, backend, **kwargs)[0m
[1;32m   2334[0m [38;5;28;01mtry[39;00m:
[1;32m   2335[0m     [38;5;66;03m# _get_renderer may change the figure dpi (as vector formats[39;00m
[1;32m   2336[0m     [38;5;66;03m# force the figure dpi to 72), so we need to set it again here.[39;00m
[1;32m   2337[0m     [38;5;28;01mwith[39;00m cbook[38;5;241m.[39m_setattr_cm([38;5;28mself[39m[38;5;241m.[39mfigure, dpi[38;5;241m=[39mdpi):
[0;32m-> 2338[0m         result [38;5;241m=[39m [43mprint_method[49m[43m([49m
[1;32m   2339[0m [43m            [49m[43mfilename[49m[43m,[49m
[1;32m   2340[0m [43m            [49m[43mfacecolor[49m[38;5;241;43m=[39;49m[43mfacecolor[49m[43m,[49m
[1;32m   2341[0m [43m            [49m[43medgecolor[49m[38;5;241;43m=[39;49m[43medgecolor[49m[43m,[49m
[1;32m   2342[0m [43m            [49m[43morientation[49m[38;5;241;43m=[39;49m[43morientation[49m[43m,[49m
[1;32m   2343[0m [43m            [49m[43mbbox_inches_restore[49m[38;5;241;43m=[39;49m[43m_bbox_inches_restore[49m[43m,[49m
[1;32m   2344[0m [43m            [49m[38;5;241;43m*[39;49m[38;5;241;43m*[39;49m[43mkwargs[49m[43m)[49m
[1;32m   2345[0m [38;5;28;01mfinally[39;00m:
[1;32m   2346[0m     [38;5;28;01mif[39;00m bbox_inches [38;5;129;01mand[39;00m restore_bbox:

File [0;32m/opt/hostedtoolcache/Python/3.8.14/x64/lib/python3.8/site-packages/matplotlib/backend_bases.py:2204[0m, in [0;36mFigureCanvasBase._switch_canvas_and_return_print_method.<locals>.<lambda>[0;34m(*args, **kwargs)[0m
[1;32m   2200[0m     optional_kws [38;5;241m=[39m {  [38;5;66;03m# Passed by print_figure for other renderers.[39;00m
[1;32m   2201[0m         [38;5;124m"[39m[38;5;124mdpi[39m[38;5;124m"[39m, [38;5;124m"[39m[38;5;124mfacecolor[39m[38;5;124m"[39m, [38;5;124m"[39m[38;5;124medgecolor[39m[38;5;124m"[39m, [38;5;124m"[39m[38;5;124morientation[39m[38;5;124m"[39m,
[1;32m   2202[0m         [38;5;124m"[39m[38;5;124mbbox_inches_restore[39m[38;5;124m"[39m}
[1;32m   2203[0m     skip [38;5;241m=[39m optional_kws [38;5;241m-[39m {[38;5;241m*[39minspect[38;5;241m.[39msignature(meth)[38;5;241m.[39mparameters}
[0;32m-> 2204[0m     print_method [38;5;241m=[39m functools[38;5;241m.[39mwraps(meth)([38;5;28;01mlambda[39;00m [38;5;241m*[39margs, [38;5;241m*[39m[38;5;241m*[39mkwargs: [43mmeth[49m[43m([49m
[1;32m   2205[0m [43m        [49m[38;5;241;43m*[39;49m[43margs[49m[43m,[49m[43m [49m[38;5;241;43m*[39;49m[38;5;241;43m*[39;49m[43m{[49m[43mk[49m[43m:[49m[43m [49m[43mv[49m[43m [49m[38;5;28;43;01mfor[39;49;00m[43m [49m[43mk[49m[43m,[49m[43m [49m[43mv[49m[43m [49m[38;5;129;43;01min[39;49;00m[43m [49m[43mkwargs[49m[38;5;241;43m.[39;49m[43mitems[49m[43m([49m[43m)[49m[43m [49m[38;5;28;43;01mif[39;49;00m[43m [49m[43mk[49m[43m [49m[38;5;129;43;01mnot[39;49;00m[43m [49m[38;5;129;43;01min[39;49;00m[43m [49m[43mskip[49m[43m}[49m[43m)[49m)
[1;32m   2206[0m [38;5;28;01melse[39;00m:  [38;5;66;03m# Let third-parties do as they see fit.[39;00m
[1;32m   2207[0m     print_method [38;5;241m=[39m meth

File [0;32m/opt/hostedtoolcache/Python/3.8.14/x64/lib/python3.8/site-packages/matplotlib/backends/backend_pdf.py:2808[0m, in [0;36mFigureCanvasPdf.print_pdf[0;34m(self, filename, bbox_inches_restore, metadata)[0m
[1;32m   2806[0m     file [38;5;241m=[39m filename[38;5;241m.[39m_file
[1;32m   2807[0m [38;5;28;01melse[39;00m:
[0;32m-> 2808[0m     file [38;5;241m=[39m [43mPdfFile[49m[43m([49m[43mfilename[49m[43m,[49m[43m [49m[43mmetadata[49m[38;5;241;43m=[39;49m[43mmetadata[49m[43m)[49m
[1;32m   2809[0m [38;5;28;01mtry[39;00m:
[1;32m   2810[0m     file[38;5;241m.[39mnewPage(width, height)

File [0;32m/opt/hostedtoolcache/Python/3.8.14/x64/lib/python3.8/site-packages/matplotlib/backends/backend_pdf.py:713[0m, in [0;36mPdfFile.__init__[0;34m(self, filename, metadata)[0m
[1;32m    711[0m [38;5;28mself[39m[38;5;241m.[39moriginal_file_like [38;5;241m=[39m [38;5;28;01mNone[39;00m
[1;32m    712[0m [38;5;28mself[39m[38;5;241m.[39mtell_base [38;5;241m=[39m [38;5;241m0[39m
[0;32m--> 713[0m fh, opened [38;5;241m=[39m [43mcbook[49m[38;5;241;43m.[39;49m[43mto_filehandle[49m[43m([49m[43mfilename[49m[43m,[49m[43m [49m[38;5;124;43m"[39;49m[38;5;124;43mwb[39;49m[38;5;124;43m"[39;49m[43m,[49m[43m [49m[43mreturn_opened[49m[38;5;241;43m=[39;49m[38;5;28;43;01mTrue[39;49;00m[43m)[49m
[1;32m    714[0m [38;5;28;01mif[39;00m [38;5;129;01mnot[39;00m opened:
[1;32m    715[0m     [38;5;28;01mtry[39;00m:

File [0;32m/opt/hostedtoolcache/Python/3.8.14/x64/lib/python3.8/site-packages/matplotlib/cbook/__init__.py:492[0m, in [0;36mto_filehandle[0;34m(fname, flag, return_opened, encoding)[0m
[1;32m    490[0m         fh [38;5;241m=[39m bz2[38;5;241m.[39mBZ2File(fname, flag)
[1;32m    491[0m     [38;5;28;01melse[39;00m:
[0;32m--> 492[0m         fh [38;5;241m=[39m [38;5;28;43mopen[39;49m[43m([49m[43mfname[49m[43m,[49m[43m [49m[43mflag[49m[43m,[49m[43m [49m[43mencoding[49m[38;5;241;43m=[39;49m[43mencoding[49m[43m)[49m
[1;32m    493[0m     opened [38;5;241m=[39m [38;5;28;01mTrue[39;00m
[1;32m    494[0m [38;5;28;01melif[39;00m [38;5;28mhasattr[39m(fname, [38;5;124m'[39m[38;5;124mseek[39m[38;5;124m'[39m):

[0;31mFileNotFoundError[0m: [Errno 2] No such file or directory: 'figures/prob/probpanels/prob_models_discrete_examples_panel.pdf'
FileNotFoundError: [Errno 2] No such file or directory: 'figures/prob/probpanels/prob_models_discrete_examples_panel.pdf'

