Traceback (most recent call last):
  File "/opt/hostedtoolcache/Python/3.8.14/x64/lib/python3.8/site-packages/jupyter_cache/executors/utils.py", line 51, in single_nb_execution
    executenb(
  File "/opt/hostedtoolcache/Python/3.8.14/x64/lib/python3.8/site-packages/nbclient/client.py", line 1204, in execute
    return NotebookClient(nb=nb, resources=resources, km=km, **kwargs).execute()
  File "/opt/hostedtoolcache/Python/3.8.14/x64/lib/python3.8/site-packages/nbclient/util.py", line 84, in wrapped
    return just_run(coro(*args, **kwargs))
  File "/opt/hostedtoolcache/Python/3.8.14/x64/lib/python3.8/site-packages/nbclient/util.py", line 62, in just_run
    return loop.run_until_complete(coro)
  File "/opt/hostedtoolcache/Python/3.8.14/x64/lib/python3.8/asyncio/base_events.py", line 616, in run_until_complete
    return future.result()
  File "/opt/hostedtoolcache/Python/3.8.14/x64/lib/python3.8/site-packages/nbclient/client.py", line 663, in async_execute
    await self.async_execute_cell(
  File "/opt/hostedtoolcache/Python/3.8.14/x64/lib/python3.8/site-packages/nbclient/client.py", line 965, in async_execute_cell
    await self._check_raise_for_error(cell, cell_index, exec_reply)
  File "/opt/hostedtoolcache/Python/3.8.14/x64/lib/python3.8/site-packages/nbclient/client.py", line 862, in _check_raise_for_error
    raise CellExecutionError.from_cell_and_msg(cell, exec_reply_content)
nbclient.exceptions.CellExecutionError: An error occurred while executing the following cell:
------------------
_ = qqplot(esample, dist=norm(0,1), line="q")
------------------

[0;31m---------------------------------------------------------------------------[0m
[0;31mAttributeError[0m                            Traceback (most recent call last)
Cell [0;32mIn [39], line 1[0m
[0;32m----> 1[0m _ [38;5;241m=[39m [43mqqplot[49m[43m([49m[43mesample[49m[43m,[49m[43m [49m[43mdist[49m[38;5;241;43m=[39;49m[43mnorm[49m[43m([49m[38;5;241;43m0[39;49m[43m,[49m[38;5;241;43m1[39;49m[43m)[49m[43m,[49m[43m [49m[43mline[49m[38;5;241;43m=[39;49m[38;5;124;43m"[39;49m[38;5;124;43mq[39;49m[38;5;124;43m"[39;49m[43m)[49m

File [0;32m/opt/hostedtoolcache/Python/3.8.14/x64/lib/python3.8/site-packages/statsmodels/graphics/gofplots.py:688[0m, in [0;36mqqplot[0;34m(data, dist, distargs, a, loc, scale, fit, line, ax, **plotkwargs)[0m
[1;32m    581[0m [38;5;28;01mdef[39;00m [38;5;21mqqplot[39m(
[1;32m    582[0m     data,
[1;32m    583[0m     dist[38;5;241m=[39mstats[38;5;241m.[39mnorm,
[0;32m   (...)[0m
[1;32m    591[0m     [38;5;241m*[39m[38;5;241m*[39mplotkwargs,
[1;32m    592[0m ):
[1;32m    593[0m     [38;5;124;03m"""[39;00m
[1;32m    594[0m [38;5;124;03m    Q-Q plot of the quantiles of x versus the quantiles/ppf of a distribution.[39;00m
[1;32m    595[0m 
[0;32m   (...)[0m
[1;32m    686[0m [38;5;124;03m    .. plot:: plots/graphics_gofplots_qqplot.py[39;00m
[1;32m    687[0m [38;5;124;03m    """[39;00m
[0;32m--> 688[0m     probplot [38;5;241m=[39m [43mProbPlot[49m[43m([49m
[1;32m    689[0m [43m        [49m[43mdata[49m[43m,[49m[43m [49m[43mdist[49m[38;5;241;43m=[39;49m[43mdist[49m[43m,[49m[43m [49m[43mdistargs[49m[38;5;241;43m=[39;49m[43mdistargs[49m[43m,[49m[43m [49m[43mfit[49m[38;5;241;43m=[39;49m[43mfit[49m[43m,[49m[43m [49m[43ma[49m[38;5;241;43m=[39;49m[43ma[49m[43m,[49m[43m [49m[43mloc[49m[38;5;241;43m=[39;49m[43mloc[49m[43m,[49m[43m [49m[43mscale[49m[38;5;241;43m=[39;49m[43mscale[49m
[1;32m    690[0m [43m    [49m[43m)[49m
[1;32m    691[0m     fig [38;5;241m=[39m probplot[38;5;241m.[39mqqplot(ax[38;5;241m=[39max, line[38;5;241m=[39mline, [38;5;241m*[39m[38;5;241m*[39mplotkwargs)
[1;32m    692[0m     [38;5;28;01mreturn[39;00m fig

File [0;32m/opt/hostedtoolcache/Python/3.8.14/x64/lib/python3.8/site-packages/statsmodels/graphics/gofplots.py:182[0m, in [0;36mProbPlot.__init__[0;34m(self, data, dist, fit, distargs, a, loc, scale)[0m
[1;32m    180[0m [38;5;28mself[39m[38;5;241m.[39mdata [38;5;241m=[39m data
[1;32m    181[0m [38;5;28mself[39m[38;5;241m.[39ma [38;5;241m=[39m a
[0;32m--> 182[0m [38;5;28mself[39m[38;5;241m.[39mnobs [38;5;241m=[39m [43mdata[49m[38;5;241;43m.[39;49m[43mshape[49m[[38;5;241m0[39m]
[1;32m    183[0m [38;5;28mself[39m[38;5;241m.[39mdistargs [38;5;241m=[39m distargs
[1;32m    184[0m [38;5;28mself[39m[38;5;241m.[39mfit [38;5;241m=[39m fit

[0;31mAttributeError[0m: 'list' object has no attribute 'shape'
AttributeError: 'list' object has no attribute 'shape'

