Traceback (most recent call last):
  File "/opt/hostedtoolcache/Python/3.8.17/x64/lib/python3.8/site-packages/jupyter_cache/executors/utils.py", line 58, in single_nb_execution
    executenb(
  File "/opt/hostedtoolcache/Python/3.8.17/x64/lib/python3.8/site-packages/nbclient/client.py", line 1305, in execute
    return NotebookClient(nb=nb, resources=resources, km=km, **kwargs).execute()
  File "/opt/hostedtoolcache/Python/3.8.17/x64/lib/python3.8/site-packages/jupyter_core/utils/__init__.py", line 166, in wrapped
    return loop.run_until_complete(inner)
  File "/opt/hostedtoolcache/Python/3.8.17/x64/lib/python3.8/asyncio/base_events.py", line 616, in run_until_complete
    return future.result()
  File "/opt/hostedtoolcache/Python/3.8.17/x64/lib/python3.8/site-packages/nbclient/client.py", line 705, in async_execute
    await self.async_execute_cell(
  File "/opt/hostedtoolcache/Python/3.8.17/x64/lib/python3.8/site-packages/nbclient/client.py", line 1058, in async_execute_cell
    await self._check_raise_for_error(cell, cell_index, exec_reply)
  File "/opt/hostedtoolcache/Python/3.8.17/x64/lib/python3.8/site-packages/nbclient/client.py", line 914, in _check_raise_for_error
    raise CellExecutionError.from_cell_and_msg(cell, exec_reply_content)
nbclient.exceptions.CellExecutionError: An error occurred while executing the following cell:
------------------
# b) bootstrap estimate
# compute bootstrap estimates for mean in each group
meanR_boot = gen_boot_dist(scoresR, estfunc=mean)
meanU_boot = gen_boot_dist(scoresU, estfunc=mean)

# compute the difference between means of bootstrap samples
dmeans_boot = np.subtact(meanR_boot, meanU_boot)

# show first of the 5 boostrap estimate sin the list of N=10000
# dmeans_boot[0:5]
------------------


[0;31m---------------------------------------------------------------------------[0m
[0;31mAttributeError[0m                            Traceback (most recent call last)
Cell [0;32mIn[31], line 7[0m
[1;32m      4[0m meanU_boot [38;5;241m=[39m gen_boot_dist(scoresU, estfunc[38;5;241m=[39mmean)
[1;32m      6[0m [38;5;66;03m# compute the difference between means of bootstrap samples[39;00m
[0;32m----> 7[0m dmeans_boot [38;5;241m=[39m [43mnp[49m[38;5;241;43m.[39;49m[43msubtact[49m(meanR_boot, meanU_boot)
[1;32m      9[0m [38;5;66;03m# show first of the 5 boostrap estimate sin the list of N=10000[39;00m
[1;32m     10[0m [38;5;66;03m# dmeans_boot[0:5][39;00m

File [0;32m/opt/hostedtoolcache/Python/3.8.17/x64/lib/python3.8/site-packages/numpy/__init__.py:320[0m, in [0;36m__getattr__[0;34m(attr)[0m
[1;32m    317[0m     [38;5;28;01mfrom[39;00m [38;5;21;01m.[39;00m[38;5;21;01mtesting[39;00m [38;5;28;01mimport[39;00m Tester
[1;32m    318[0m     [38;5;28;01mreturn[39;00m Tester
[0;32m--> 320[0m [38;5;28;01mraise[39;00m [38;5;167;01mAttributeError[39;00m([38;5;124m"[39m[38;5;124mmodule [39m[38;5;132;01m{!r}[39;00m[38;5;124m has no attribute [39m[38;5;124m"[39m
[1;32m    321[0m                      [38;5;124m"[39m[38;5;132;01m{!r}[39;00m[38;5;124m"[39m[38;5;241m.[39mformat([38;5;18m__name__[39m, attr))

[0;31mAttributeError[0m: module 'numpy' has no attribute 'subtact'

