Traceback (most recent call last):
  File "/opt/hostedtoolcache/Python/3.12.13/x64/lib/python3.12/site-packages/jupyter_cache/executors/utils.py", line 58, in single_nb_execution
    executenb(
  File "/opt/hostedtoolcache/Python/3.12.13/x64/lib/python3.12/site-packages/nbclient/client.py", line 1323, in execute
    return NotebookClient(nb=nb, resources=resources, km=km, **kwargs).execute()
           ^^^^^^^^^^^^^^^^^^^^^^^^^^^^^^^^^^^^^^^^^^^^^^^^^^^^^^^^^^^^^^^^^^^^^
  File "/opt/hostedtoolcache/Python/3.12.13/x64/lib/python3.12/site-packages/jupyter_core/utils/__init__.py", line 165, in wrapped
    return loop.run_until_complete(inner)
           ^^^^^^^^^^^^^^^^^^^^^^^^^^^^^^
  File "/opt/hostedtoolcache/Python/3.12.13/x64/lib/python3.12/asyncio/base_events.py", line 691, in run_until_complete
    return future.result()
           ^^^^^^^^^^^^^^^
  File "/opt/hostedtoolcache/Python/3.12.13/x64/lib/python3.12/site-packages/nbclient/client.py", line 709, in async_execute
    await self.async_execute_cell(
  File "/opt/hostedtoolcache/Python/3.12.13/x64/lib/python3.12/site-packages/nbclient/client.py", line 1062, in async_execute_cell
    await self._check_raise_for_error(cell, cell_index, exec_reply)
  File "/opt/hostedtoolcache/Python/3.12.13/x64/lib/python3.12/site-packages/nbclient/client.py", line 918, in _check_raise_for_error
    raise CellExecutionError.from_cell_and_msg(cell, exec_reply_content)
nbclient.exceptions.CellExecutionError: An error occurred while executing the following cell:
------------------
GITHUB_RAW_TREE_URL = "https://raw.githubusercontent.com/minireference/noBSstats/main"


def rewrite_attachment_links(cell):
    tut_src_att_url = GITHUB_RAW_TREE_URL + "/tutorials/src/attachments/"
    if cell.cell_type == 'markdown':
        cell_source = cell["source"]
        attachments_pat = r'(?:\./)?attachments/'
        if re.search(pattern, cell_source):
            updated_source = re.sub(attachments_pat, tut_src_att_url, cell_source)
            cell["source"] = updated_source

srcfilename = '../tutorials/src/python_tutorial.ipynb'
with open(srcfilename, 'r', encoding='utf-8') as inf:
    nb = nbformat.read(inf, as_version=4)
    for cell in nb.cells:
        rewrite_attachment_links(cell)
------------------


[31m---------------------------------------------------------------------------[39m
[31mFileNotFoundError[39m                         Traceback (most recent call last)
[36mCell[39m[36m [39m[32mIn[6][39m[32m, line 14[39m
[32m     10[39m             updated_source = re.sub(attachments_pat, tut_src_att_url, cell_source)
[32m     11[39m             cell[[33m"source"[39m] = updated_source
[32m     12[39m 
[32m     13[39m srcfilename = [33m'../tutorials/src/python_tutorial.ipynb'[39m
[32m---> [39m[32m14[39m [38;5;28;01mwith[39;00m open(srcfilename, [33m'r'[39m, encoding=[33m'utf-8'[39m) [38;5;28;01mas[39;00m inf:
[32m     15[39m     nb = nbformat.read(inf, as_version=[32m4[39m)
[32m     16[39m     [38;5;28;01mfor[39;00m cell [38;5;28;01min[39;00m nb.cells:
[32m     17[39m         rewrite_attachment_links(cell)

[31mFileNotFoundError[39m: [Errno 2] No such file or directory: '../tutorials/src/python_tutorial.ipynb'

