Traceback (most recent call last):
  File "/opt/hostedtoolcache/Python/3.10.18/x64/lib/python3.10/site-packages/jupyter_core/utils/__init__.py", line 154, in wrapped
    asyncio.get_running_loop()
RuntimeError: no running event loop

During handling of the above exception, another exception occurred:

Traceback (most recent call last):
  File "/opt/hostedtoolcache/Python/3.10.18/x64/lib/python3.10/site-packages/jupyter_cache/executors/utils.py", line 58, in single_nb_execution
    executenb(
  File "/opt/hostedtoolcache/Python/3.10.18/x64/lib/python3.10/site-packages/nbclient/client.py", line 1319, in execute
    return NotebookClient(nb=nb, resources=resources, km=km, **kwargs).execute()
  File "/opt/hostedtoolcache/Python/3.10.18/x64/lib/python3.10/site-packages/jupyter_core/utils/__init__.py", line 158, in wrapped
    return loop.run_until_complete(inner)
  File "/opt/hostedtoolcache/Python/3.10.18/x64/lib/python3.10/asyncio/base_events.py", line 649, in run_until_complete
    return future.result()
  File "/opt/hostedtoolcache/Python/3.10.18/x64/lib/python3.10/site-packages/nbclient/client.py", line 709, in async_execute
    await self.async_execute_cell(
  File "/opt/hostedtoolcache/Python/3.10.18/x64/lib/python3.10/site-packages/nbclient/client.py", line 1062, in async_execute_cell
    await self._check_raise_for_error(cell, cell_index, exec_reply)
  File "/opt/hostedtoolcache/Python/3.10.18/x64/lib/python3.10/site-packages/nbclient/client.py", line 918, in _check_raise_for_error
    raise CellExecutionError.from_cell_and_msg(cell, exec_reply_content)
nbclient.exceptions.CellExecutionError: An error occurred while executing the following cell:
------------------
# Distributions to check, shape constants were taken from the examples on the scipy.stats distribution documentation pages.
DISTRIBUTIONS = [
    stats.alpha(a=3.57, loc=0.0, scale=1.0), stats.anglit(loc=0.0, scale=1.0), 
    stats.arcsine(loc=0.0, scale=1.0), stats.beta(a=2.31, b=0.627, loc=0.0, scale=1.0), 
    stats.betaprime(a=5, b=6, loc=0.0, scale=1.0), stats.bradford(c=0.299, loc=0.0, scale=1.0),
    stats.burr(c=10.5, d=4.3, loc=0.0, scale=1.0), stats.cauchy(loc=0.0, scale=1.0), 
    stats.chi(df=78, loc=0.0, scale=1.0), stats.chi2(df=55, loc=0.0, scale=1.0),
    stats.cosine(loc=0.0, scale=1.0), stats.dgamma(a=1.1, loc=0.0, scale=1.0), 
    stats.dweibull(c=2.07, loc=0.0, scale=1.0), stats.erlang(a=2, loc=0.0, scale=1.0), 
    stats.expon(loc=0.0, scale=1.0), stats.exponnorm(K=1.5, loc=0.0, scale=1.0),
    stats.exponweib(a=2.89, c=1.95, loc=0.0, scale=1.0), stats.exponpow(b=2.7, loc=0.0, scale=1.0),
    stats.f(dfn=29, dfd=18, loc=0.0, scale=1.0), stats.fatiguelife(c=29, loc=0.0, scale=1.0), 
    stats.fisk(c=3.09, loc=0.0, scale=1.0), stats.foldcauchy(c=4.72, loc=0.0, scale=1.0),
    # stats.foldnorm(c=1.95, loc=0.0, scale=1.0), stats.frechet_r(c=1.89, loc=0.0, scale=1.0),
    # stats.frechet_l(c=3.63, loc=0.0, scale=1.0), stats.genlogistic(c=0.412, loc=0.0, scale=1.0),
    stats.genpareto(c=0.1, loc=0.0, scale=1.0), stats.gennorm(beta=1.3, loc=0.0, scale=1.0), 
    stats.genexpon(a=9.13, b=16.2, c=3.28, loc=0.0, scale=1.0), stats.genextreme(c=-0.1, loc=0.0, scale=1.0),
    stats.gausshyper(a=13.8, b=3.12, c=2.51, z=5.18, loc=0.0, scale=1.0), stats.gamma(a=1.99, loc=0.0, scale=1.0),
    stats.gengamma(a=4.42, c=-3.12, loc=0.0, scale=1.0), stats.genhalflogistic(c=0.773, loc=0.0, scale=1.0),
    stats.gilbrat(loc=0.0, scale=1.0), stats.gompertz(c=0.947, loc=0.0, scale=1.0),
    stats.gumbel_r(loc=0.0, scale=1.0), stats.gumbel_l(loc=0.0, scale=1.0),
    stats.halfcauchy(loc=0.0, scale=1.0), stats.halflogistic(loc=0.0, scale=1.0),
    stats.halfnorm(loc=0.0, scale=1.0), stats.halfgennorm(beta=0.675, loc=0.0, scale=1.0),
    stats.hypsecant(loc=0.0, scale=1.0), stats.invgamma(a=4.07, loc=0.0, scale=1.0),
    stats.invgauss(mu=0.145, loc=0.0, scale=1.0), stats.invweibull(c=10.6, loc=0.0, scale=1.0),
    stats.johnsonsb(a=4.32, b=3.18, loc=0.0, scale=1.0), stats.johnsonsu(a=2.55, b=2.25, loc=0.0, scale=1.0),
    stats.ksone(n=1e+03, loc=0.0, scale=1.0), stats.kstwobign(loc=0.0, scale=1.0),
    stats.laplace(loc=0.0, scale=1.0), stats.levy(loc=0.0, scale=1.0),
    stats.levy_l(loc=0.0, scale=1.0), stats.levy_stable(alpha=0.357, beta=-0.675, loc=0.0, scale=1.0),
    stats.logistic(loc=0.0, scale=1.0), stats.loggamma(c=0.414, loc=0.0, scale=1.0),
    stats.loglaplace(c=3.25, loc=0.0, scale=1.0), stats.lognorm(s=0.954, loc=0.0, scale=1.0),
    stats.lomax(c=1.88, loc=0.0, scale=1.0), stats.maxwell(loc=0.0, scale=1.0),
    stats.mielke(k=10.4, s=3.6, loc=0.0, scale=1.0), stats.nakagami(nu=4.97, loc=0.0, scale=1.0),
    stats.ncx2(df=21, nc=1.06, loc=0.0, scale=1.0), stats.ncf(dfn=27, dfd=27, nc=0.416, loc=0.0, scale=1.0),
    stats.nct(df=14, nc=0.24, loc=0.0, scale=1.0), stats.norm(loc=0.0, scale=1.0),
    stats.pareto(b=2.62, loc=0.0, scale=1.0), stats.pearson3(skew=0.1, loc=0.0, scale=1.0),
    stats.powerlaw(a=1.66, loc=0.0, scale=1.0), stats.powerlognorm(c=2.14, s=0.446, loc=0.0, scale=1.0),
    stats.powernorm(c=4.45, loc=0.0, scale=1.0), stats.rdist(c=0.9, loc=0.0, scale=1.0),
    stats.reciprocal(a=0.00623, b=1.01, loc=0.0, scale=1.0), stats.rayleigh(loc=0.0, scale=1.0),
    stats.rice(b=0.775, loc=0.0, scale=1.0), stats.recipinvgauss(mu=0.63, loc=0.0, scale=1.0),
    stats.semicircular(loc=0.0, scale=1.0), stats.t(df=2.74, loc=0.0, scale=1.0),
    stats.triang(c=0.158, loc=0.0, scale=1.0), stats.truncexpon(b=4.69, loc=0.0, scale=1.0),
    stats.truncnorm(a=0.1, b=2, loc=0.0, scale=1.0), stats.tukeylambda(lam=3.13, loc=0.0, scale=1.0),
    stats.uniform(loc=0.0, scale=1.0), stats.vonmises(kappa=3.99, loc=0.0, scale=1.0),
    stats.vonmises_line(kappa=3.99, loc=0.0, scale=1.0), stats.wald(loc=0.0, scale=1.0),
    stats.weibull_min(c=1.79, loc=0.0, scale=1.0), stats.weibull_max(c=2.87, loc=0.0, scale=1.0),
    stats.wrapcauchy(c=0.0311, loc=0.0, scale=1.0)
]
------------------


[0;31m---------------------------------------------------------------------------[0m
[0;31mAttributeError[0m                            Traceback (most recent call last)
Cell [0;32mIn[2], line 20[0m
[1;32m      1[0m [38;5;66;03m# Distributions to check, shape constants were taken from the examples on the scipy.stats distribution documentation pages.[39;00m
[1;32m      2[0m DISTRIBUTIONS [38;5;241m=[39m [
[1;32m      3[0m     stats[38;5;241m.[39malpha(a[38;5;241m=[39m[38;5;241m3.57[39m, loc[38;5;241m=[39m[38;5;241m0.0[39m, scale[38;5;241m=[39m[38;5;241m1.0[39m), stats[38;5;241m.[39manglit(loc[38;5;241m=[39m[38;5;241m0.0[39m, scale[38;5;241m=[39m[38;5;241m1.0[39m), 
[1;32m      4[0m     stats[38;5;241m.[39marcsine(loc[38;5;241m=[39m[38;5;241m0.0[39m, scale[38;5;241m=[39m[38;5;241m1.0[39m), stats[38;5;241m.[39mbeta(a[38;5;241m=[39m[38;5;241m2.31[39m, b[38;5;241m=[39m[38;5;241m0.627[39m, loc[38;5;241m=[39m[38;5;241m0.0[39m, scale[38;5;241m=[39m[38;5;241m1.0[39m), 
[1;32m      5[0m     stats[38;5;241m.[39mbetaprime(a[38;5;241m=[39m[38;5;241m5[39m, b[38;5;241m=[39m[38;5;241m6[39m, loc[38;5;241m=[39m[38;5;241m0.0[39m, scale[38;5;241m=[39m[38;5;241m1.0[39m), stats[38;5;241m.[39mbradford(c[38;5;241m=[39m[38;5;241m0.299[39m, loc[38;5;241m=[39m[38;5;241m0.0[39m, scale[38;5;241m=[39m[38;5;241m1.0[39m),
[1;32m      6[0m     stats[38;5;241m.[39mburr(c[38;5;241m=[39m[38;5;241m10.5[39m, d[38;5;241m=[39m[38;5;241m4.3[39m, loc[38;5;241m=[39m[38;5;241m0.0[39m, scale[38;5;241m=[39m[38;5;241m1.0[39m), stats[38;5;241m.[39mcauchy(loc[38;5;241m=[39m[38;5;241m0.0[39m, scale[38;5;241m=[39m[38;5;241m1.0[39m), 
[1;32m      7[0m     stats[38;5;241m.[39mchi(df[38;5;241m=[39m[38;5;241m78[39m, loc[38;5;241m=[39m[38;5;241m0.0[39m, scale[38;5;241m=[39m[38;5;241m1.0[39m), stats[38;5;241m.[39mchi2(df[38;5;241m=[39m[38;5;241m55[39m, loc[38;5;241m=[39m[38;5;241m0.0[39m, scale[38;5;241m=[39m[38;5;241m1.0[39m),
[1;32m      8[0m     stats[38;5;241m.[39mcosine(loc[38;5;241m=[39m[38;5;241m0.0[39m, scale[38;5;241m=[39m[38;5;241m1.0[39m), stats[38;5;241m.[39mdgamma(a[38;5;241m=[39m[38;5;241m1.1[39m, loc[38;5;241m=[39m[38;5;241m0.0[39m, scale[38;5;241m=[39m[38;5;241m1.0[39m), 
[1;32m      9[0m     stats[38;5;241m.[39mdweibull(c[38;5;241m=[39m[38;5;241m2.07[39m, loc[38;5;241m=[39m[38;5;241m0.0[39m, scale[38;5;241m=[39m[38;5;241m1.0[39m), stats[38;5;241m.[39merlang(a[38;5;241m=[39m[38;5;241m2[39m, loc[38;5;241m=[39m[38;5;241m0.0[39m, scale[38;5;241m=[39m[38;5;241m1.0[39m), 
[1;32m     10[0m     stats[38;5;241m.[39mexpon(loc[38;5;241m=[39m[38;5;241m0.0[39m, scale[38;5;241m=[39m[38;5;241m1.0[39m), stats[38;5;241m.[39mexponnorm(K[38;5;241m=[39m[38;5;241m1.5[39m, loc[38;5;241m=[39m[38;5;241m0.0[39m, scale[38;5;241m=[39m[38;5;241m1.0[39m),
[1;32m     11[0m     stats[38;5;241m.[39mexponweib(a[38;5;241m=[39m[38;5;241m2.89[39m, c[38;5;241m=[39m[38;5;241m1.95[39m, loc[38;5;241m=[39m[38;5;241m0.0[39m, scale[38;5;241m=[39m[38;5;241m1.0[39m), stats[38;5;241m.[39mexponpow(b[38;5;241m=[39m[38;5;241m2.7[39m, loc[38;5;241m=[39m[38;5;241m0.0[39m, scale[38;5;241m=[39m[38;5;241m1.0[39m),
[1;32m     12[0m     stats[38;5;241m.[39mf(dfn[38;5;241m=[39m[38;5;241m29[39m, dfd[38;5;241m=[39m[38;5;241m18[39m, loc[38;5;241m=[39m[38;5;241m0.0[39m, scale[38;5;241m=[39m[38;5;241m1.0[39m), stats[38;5;241m.[39mfatiguelife(c[38;5;241m=[39m[38;5;241m29[39m, loc[38;5;241m=[39m[38;5;241m0.0[39m, scale[38;5;241m=[39m[38;5;241m1.0[39m), 
[1;32m     13[0m     stats[38;5;241m.[39mfisk(c[38;5;241m=[39m[38;5;241m3.09[39m, loc[38;5;241m=[39m[38;5;241m0.0[39m, scale[38;5;241m=[39m[38;5;241m1.0[39m), stats[38;5;241m.[39mfoldcauchy(c[38;5;241m=[39m[38;5;241m4.72[39m, loc[38;5;241m=[39m[38;5;241m0.0[39m, scale[38;5;241m=[39m[38;5;241m1.0[39m),
[1;32m     14[0m     [38;5;66;03m# stats.foldnorm(c=1.95, loc=0.0, scale=1.0), stats.frechet_r(c=1.89, loc=0.0, scale=1.0),[39;00m
[1;32m     15[0m     [38;5;66;03m# stats.frechet_l(c=3.63, loc=0.0, scale=1.0), stats.genlogistic(c=0.412, loc=0.0, scale=1.0),[39;00m
[1;32m     16[0m     stats[38;5;241m.[39mgenpareto(c[38;5;241m=[39m[38;5;241m0.1[39m, loc[38;5;241m=[39m[38;5;241m0.0[39m, scale[38;5;241m=[39m[38;5;241m1.0[39m), stats[38;5;241m.[39mgennorm(beta[38;5;241m=[39m[38;5;241m1.3[39m, loc[38;5;241m=[39m[38;5;241m0.0[39m, scale[38;5;241m=[39m[38;5;241m1.0[39m), 
[1;32m     17[0m     stats[38;5;241m.[39mgenexpon(a[38;5;241m=[39m[38;5;241m9.13[39m, b[38;5;241m=[39m[38;5;241m16.2[39m, c[38;5;241m=[39m[38;5;241m3.28[39m, loc[38;5;241m=[39m[38;5;241m0.0[39m, scale[38;5;241m=[39m[38;5;241m1.0[39m), stats[38;5;241m.[39mgenextreme(c[38;5;241m=[39m[38;5;241m-[39m[38;5;241m0.1[39m, loc[38;5;241m=[39m[38;5;241m0.0[39m, scale[38;5;241m=[39m[38;5;241m1.0[39m),
[1;32m     18[0m     stats[38;5;241m.[39mgausshyper(a[38;5;241m=[39m[38;5;241m13.8[39m, b[38;5;241m=[39m[38;5;241m3.12[39m, c[38;5;241m=[39m[38;5;241m2.51[39m, z[38;5;241m=[39m[38;5;241m5.18[39m, loc[38;5;241m=[39m[38;5;241m0.0[39m, scale[38;5;241m=[39m[38;5;241m1.0[39m), stats[38;5;241m.[39mgamma(a[38;5;241m=[39m[38;5;241m1.99[39m, loc[38;5;241m=[39m[38;5;241m0.0[39m, scale[38;5;241m=[39m[38;5;241m1.0[39m),
[1;32m     19[0m     stats[38;5;241m.[39mgengamma(a[38;5;241m=[39m[38;5;241m4.42[39m, c[38;5;241m=[39m[38;5;241m-[39m[38;5;241m3.12[39m, loc[38;5;241m=[39m[38;5;241m0.0[39m, scale[38;5;241m=[39m[38;5;241m1.0[39m), stats[38;5;241m.[39mgenhalflogistic(c[38;5;241m=[39m[38;5;241m0.773[39m, loc[38;5;241m=[39m[38;5;241m0.0[39m, scale[38;5;241m=[39m[38;5;241m1.0[39m),
[0;32m---> 20[0m     [43mstats[49m[38;5;241;43m.[39;49m[43mgilbrat[49m(loc[38;5;241m=[39m[38;5;241m0.0[39m, scale[38;5;241m=[39m[38;5;241m1.0[39m), stats[38;5;241m.[39mgompertz(c[38;5;241m=[39m[38;5;241m0.947[39m, loc[38;5;241m=[39m[38;5;241m0.0[39m, scale[38;5;241m=[39m[38;5;241m1.0[39m),
[1;32m     21[0m     stats[38;5;241m.[39mgumbel_r(loc[38;5;241m=[39m[38;5;241m0.0[39m, scale[38;5;241m=[39m[38;5;241m1.0[39m), stats[38;5;241m.[39mgumbel_l(loc[38;5;241m=[39m[38;5;241m0.0[39m, scale[38;5;241m=[39m[38;5;241m1.0[39m),
[1;32m     22[0m     stats[38;5;241m.[39mhalfcauchy(loc[38;5;241m=[39m[38;5;241m0.0[39m, scale[38;5;241m=[39m[38;5;241m1.0[39m), stats[38;5;241m.[39mhalflogistic(loc[38;5;241m=[39m[38;5;241m0.0[39m, scale[38;5;241m=[39m[38;5;241m1.0[39m),
[1;32m     23[0m     stats[38;5;241m.[39mhalfnorm(loc[38;5;241m=[39m[38;5;241m0.0[39m, scale[38;5;241m=[39m[38;5;241m1.0[39m), stats[38;5;241m.[39mhalfgennorm(beta[38;5;241m=[39m[38;5;241m0.675[39m, loc[38;5;241m=[39m[38;5;241m0.0[39m, scale[38;5;241m=[39m[38;5;241m1.0[39m),
[1;32m     24[0m     stats[38;5;241m.[39mhypsecant(loc[38;5;241m=[39m[38;5;241m0.0[39m, scale[38;5;241m=[39m[38;5;241m1.0[39m), stats[38;5;241m.[39minvgamma(a[38;5;241m=[39m[38;5;241m4.07[39m, loc[38;5;241m=[39m[38;5;241m0.0[39m, scale[38;5;241m=[39m[38;5;241m1.0[39m),
[1;32m     25[0m     stats[38;5;241m.[39minvgauss(mu[38;5;241m=[39m[38;5;241m0.145[39m, loc[38;5;241m=[39m[38;5;241m0.0[39m, scale[38;5;241m=[39m[38;5;241m1.0[39m), stats[38;5;241m.[39minvweibull(c[38;5;241m=[39m[38;5;241m10.6[39m, loc[38;5;241m=[39m[38;5;241m0.0[39m, scale[38;5;241m=[39m[38;5;241m1.0[39m),
[1;32m     26[0m     stats[38;5;241m.[39mjohnsonsb(a[38;5;241m=[39m[38;5;241m4.32[39m, b[38;5;241m=[39m[38;5;241m3.18[39m, loc[38;5;241m=[39m[38;5;241m0.0[39m, scale[38;5;241m=[39m[38;5;241m1.0[39m), stats[38;5;241m.[39mjohnsonsu(a[38;5;241m=[39m[38;5;241m2.55[39m, b[38;5;241m=[39m[38;5;241m2.25[39m, loc[38;5;241m=[39m[38;5;241m0.0[39m, scale[38;5;241m=[39m[38;5;241m1.0[39m),
[1;32m     27[0m     stats[38;5;241m.[39mksone(n[38;5;241m=[39m[38;5;241m1e+03[39m, loc[38;5;241m=[39m[38;5;241m0.0[39m, scale[38;5;241m=[39m[38;5;241m1.0[39m), stats[38;5;241m.[39mkstwobign(loc[38;5;241m=[39m[38;5;241m0.0[39m, scale[38;5;241m=[39m[38;5;241m1.0[39m),
[1;32m     28[0m     stats[38;5;241m.[39mlaplace(loc[38;5;241m=[39m[38;5;241m0.0[39m, scale[38;5;241m=[39m[38;5;241m1.0[39m), stats[38;5;241m.[39mlevy(loc[38;5;241m=[39m[38;5;241m0.0[39m, scale[38;5;241m=[39m[38;5;241m1.0[39m),
[1;32m     29[0m     stats[38;5;241m.[39mlevy_l(loc[38;5;241m=[39m[38;5;241m0.0[39m, scale[38;5;241m=[39m[38;5;241m1.0[39m), stats[38;5;241m.[39mlevy_stable(alpha[38;5;241m=[39m[38;5;241m0.357[39m, beta[38;5;241m=[39m[38;5;241m-[39m[38;5;241m0.675[39m, loc[38;5;241m=[39m[38;5;241m0.0[39m, scale[38;5;241m=[39m[38;5;241m1.0[39m),
[1;32m     30[0m     stats[38;5;241m.[39mlogistic(loc[38;5;241m=[39m[38;5;241m0.0[39m, scale[38;5;241m=[39m[38;5;241m1.0[39m), stats[38;5;241m.[39mloggamma(c[38;5;241m=[39m[38;5;241m0.414[39m, loc[38;5;241m=[39m[38;5;241m0.0[39m, scale[38;5;241m=[39m[38;5;241m1.0[39m),
[1;32m     31[0m     stats[38;5;241m.[39mloglaplace(c[38;5;241m=[39m[38;5;241m3.25[39m, loc[38;5;241m=[39m[38;5;241m0.0[39m, scale[38;5;241m=[39m[38;5;241m1.0[39m), stats[38;5;241m.[39mlognorm(s[38;5;241m=[39m[38;5;241m0.954[39m, loc[38;5;241m=[39m[38;5;241m0.0[39m, scale[38;5;241m=[39m[38;5;241m1.0[39m),
[1;32m     32[0m     stats[38;5;241m.[39mlomax(c[38;5;241m=[39m[38;5;241m1.88[39m, loc[38;5;241m=[39m[38;5;241m0.0[39m, scale[38;5;241m=[39m[38;5;241m1.0[39m), stats[38;5;241m.[39mmaxwell(loc[38;5;241m=[39m[38;5;241m0.0[39m, scale[38;5;241m=[39m[38;5;241m1.0[39m),
[1;32m     33[0m     stats[38;5;241m.[39mmielke(k[38;5;241m=[39m[38;5;241m10.4[39m, s[38;5;241m=[39m[38;5;241m3.6[39m, loc[38;5;241m=[39m[38;5;241m0.0[39m, scale[38;5;241m=[39m[38;5;241m1.0[39m), stats[38;5;241m.[39mnakagami(nu[38;5;241m=[39m[38;5;241m4.97[39m, loc[38;5;241m=[39m[38;5;241m0.0[39m, scale[38;5;241m=[39m[38;5;241m1.0[39m),
[1;32m     34[0m     stats[38;5;241m.[39mncx2(df[38;5;241m=[39m[38;5;241m21[39m, nc[38;5;241m=[39m[38;5;241m1.06[39m, loc[38;5;241m=[39m[38;5;241m0.0[39m, scale[38;5;241m=[39m[38;5;241m1.0[39m), stats[38;5;241m.[39mncf(dfn[38;5;241m=[39m[38;5;241m27[39m, dfd[38;5;241m=[39m[38;5;241m27[39m, nc[38;5;241m=[39m[38;5;241m0.416[39m, loc[38;5;241m=[39m[38;5;241m0.0[39m, scale[38;5;241m=[39m[38;5;241m1.0[39m),
[1;32m     35[0m     stats[38;5;241m.[39mnct(df[38;5;241m=[39m[38;5;241m14[39m, nc[38;5;241m=[39m[38;5;241m0.24[39m, loc[38;5;241m=[39m[38;5;241m0.0[39m, scale[38;5;241m=[39m[38;5;241m1.0[39m), stats[38;5;241m.[39mnorm(loc[38;5;241m=[39m[38;5;241m0.0[39m, scale[38;5;241m=[39m[38;5;241m1.0[39m),
[1;32m     36[0m     stats[38;5;241m.[39mpareto(b[38;5;241m=[39m[38;5;241m2.62[39m, loc[38;5;241m=[39m[38;5;241m0.0[39m, scale[38;5;241m=[39m[38;5;241m1.0[39m), stats[38;5;241m.[39mpearson3(skew[38;5;241m=[39m[38;5;241m0.1[39m, loc[38;5;241m=[39m[38;5;241m0.0[39m, scale[38;5;241m=[39m[38;5;241m1.0[39m),
[1;32m     37[0m     stats[38;5;241m.[39mpowerlaw(a[38;5;241m=[39m[38;5;241m1.66[39m, loc[38;5;241m=[39m[38;5;241m0.0[39m, scale[38;5;241m=[39m[38;5;241m1.0[39m), stats[38;5;241m.[39mpowerlognorm(c[38;5;241m=[39m[38;5;241m2.14[39m, s[38;5;241m=[39m[38;5;241m0.446[39m, loc[38;5;241m=[39m[38;5;241m0.0[39m, scale[38;5;241m=[39m[38;5;241m1.0[39m),
[1;32m     38[0m     stats[38;5;241m.[39mpowernorm(c[38;5;241m=[39m[38;5;241m4.45[39m, loc[38;5;241m=[39m[38;5;241m0.0[39m, scale[38;5;241m=[39m[38;5;241m1.0[39m), stats[38;5;241m.[39mrdist(c[38;5;241m=[39m[38;5;241m0.9[39m, loc[38;5;241m=[39m[38;5;241m0.0[39m, scale[38;5;241m=[39m[38;5;241m1.0[39m),
[1;32m     39[0m     stats[38;5;241m.[39mreciprocal(a[38;5;241m=[39m[38;5;241m0.00623[39m, b[38;5;241m=[39m[38;5;241m1.01[39m, loc[38;5;241m=[39m[38;5;241m0.0[39m, scale[38;5;241m=[39m[38;5;241m1.0[39m), stats[38;5;241m.[39mrayleigh(loc[38;5;241m=[39m[38;5;241m0.0[39m, scale[38;5;241m=[39m[38;5;241m1.0[39m),
[1;32m     40[0m     stats[38;5;241m.[39mrice(b[38;5;241m=[39m[38;5;241m0.775[39m, loc[38;5;241m=[39m[38;5;241m0.0[39m, scale[38;5;241m=[39m[38;5;241m1.0[39m), stats[38;5;241m.[39mrecipinvgauss(mu[38;5;241m=[39m[38;5;241m0.63[39m, loc[38;5;241m=[39m[38;5;241m0.0[39m, scale[38;5;241m=[39m[38;5;241m1.0[39m),
[1;32m     41[0m     stats[38;5;241m.[39msemicircular(loc[38;5;241m=[39m[38;5;241m0.0[39m, scale[38;5;241m=[39m[38;5;241m1.0[39m), stats[38;5;241m.[39mt(df[38;5;241m=[39m[38;5;241m2.74[39m, loc[38;5;241m=[39m[38;5;241m0.0[39m, scale[38;5;241m=[39m[38;5;241m1.0[39m),
[1;32m     42[0m     stats[38;5;241m.[39mtriang(c[38;5;241m=[39m[38;5;241m0.158[39m, loc[38;5;241m=[39m[38;5;241m0.0[39m, scale[38;5;241m=[39m[38;5;241m1.0[39m), stats[38;5;241m.[39mtruncexpon(b[38;5;241m=[39m[38;5;241m4.69[39m, loc[38;5;241m=[39m[38;5;241m0.0[39m, scale[38;5;241m=[39m[38;5;241m1.0[39m),
[1;32m     43[0m     stats[38;5;241m.[39mtruncnorm(a[38;5;241m=[39m[38;5;241m0.1[39m, b[38;5;241m=[39m[38;5;241m2[39m, loc[38;5;241m=[39m[38;5;241m0.0[39m, scale[38;5;241m=[39m[38;5;241m1.0[39m), stats[38;5;241m.[39mtukeylambda(lam[38;5;241m=[39m[38;5;241m3.13[39m, loc[38;5;241m=[39m[38;5;241m0.0[39m, scale[38;5;241m=[39m[38;5;241m1.0[39m),
[1;32m     44[0m     stats[38;5;241m.[39muniform(loc[38;5;241m=[39m[38;5;241m0.0[39m, scale[38;5;241m=[39m[38;5;241m1.0[39m), stats[38;5;241m.[39mvonmises(kappa[38;5;241m=[39m[38;5;241m3.99[39m, loc[38;5;241m=[39m[38;5;241m0.0[39m, scale[38;5;241m=[39m[38;5;241m1.0[39m),
[1;32m     45[0m     stats[38;5;241m.[39mvonmises_line(kappa[38;5;241m=[39m[38;5;241m3.99[39m, loc[38;5;241m=[39m[38;5;241m0.0[39m, scale[38;5;241m=[39m[38;5;241m1.0[39m), stats[38;5;241m.[39mwald(loc[38;5;241m=[39m[38;5;241m0.0[39m, scale[38;5;241m=[39m[38;5;241m1.0[39m),
[1;32m     46[0m     stats[38;5;241m.[39mweibull_min(c[38;5;241m=[39m[38;5;241m1.79[39m, loc[38;5;241m=[39m[38;5;241m0.0[39m, scale[38;5;241m=[39m[38;5;241m1.0[39m), stats[38;5;241m.[39mweibull_max(c[38;5;241m=[39m[38;5;241m2.87[39m, loc[38;5;241m=[39m[38;5;241m0.0[39m, scale[38;5;241m=[39m[38;5;241m1.0[39m),
[1;32m     47[0m     stats[38;5;241m.[39mwrapcauchy(c[38;5;241m=[39m[38;5;241m0.0311[39m, loc[38;5;241m=[39m[38;5;241m0.0[39m, scale[38;5;241m=[39m[38;5;241m1.0[39m)
[1;32m     48[0m ]

[0;31mAttributeError[0m: module 'scipy.stats' has no attribute 'gilbrat'

