Traceback (most recent call last):
  File "/opt/hostedtoolcache/Python/3.12.13/x64/lib/python3.12/site-packages/jupyter_cache/executors/utils.py", line 58, in single_nb_execution
    executenb(
  File "/opt/hostedtoolcache/Python/3.12.13/x64/lib/python3.12/site-packages/nbclient/client.py", line 1323, in execute
    return NotebookClient(nb=nb, resources=resources, km=km, **kwargs).execute()
           ^^^^^^^^^^^^^^^^^^^^^^^^^^^^^^^^^^^^^^^^^^^^^^^^^^^^^^^^^^^^^^^^^^^^^
  File "/opt/hostedtoolcache/Python/3.12.13/x64/lib/python3.12/site-packages/jupyter_core/utils/__init__.py", line 165, in wrapped
    return loop.run_until_complete(inner)
           ^^^^^^^^^^^^^^^^^^^^^^^^^^^^^^
  File "/opt/hostedtoolcache/Python/3.12.13/x64/lib/python3.12/asyncio/base_events.py", line 691, in run_until_complete
    return future.result()
           ^^^^^^^^^^^^^^^
  File "/opt/hostedtoolcache/Python/3.12.13/x64/lib/python3.12/site-packages/nbclient/client.py", line 709, in async_execute
    await self.async_execute_cell(
  File "/opt/hostedtoolcache/Python/3.12.13/x64/lib/python3.12/site-packages/nbclient/client.py", line 1062, in async_execute_cell
    await self._check_raise_for_error(cell, cell_index, exec_reply)
  File "/opt/hostedtoolcache/Python/3.12.13/x64/lib/python3.12/site-packages/nbclient/client.py", line 918, in _check_raise_for_error
    raise CellExecutionError.from_cell_and_msg(cell, exec_reply_content)
nbclient.exceptions.CellExecutionError: An error occurred while executing the following cell:
------------------
%load_ext watermark
------------------


[31m---------------------------------------------------------------------------[39m
[31mModuleNotFoundError[39m                       Traceback (most recent call last)
[36mCell[39m[36m [39m[32mIn[1][39m[32m, line 1[39m
[32m----> [39m[32m1[39m get_ipython().run_line_magic([33m'load_ext'[39m, [33m'watermark'[39m)

[36mFile [39m[32m/opt/hostedtoolcache/Python/3.12.13/x64/lib/python3.12/importlib/__init__.py:90[39m, in [36mimport_module[39m[34m(name, package)[39m
[32m     88[39m             [38;5;28;01mbreak[39;00m
[32m     89[39m         level += [32m1[39m
[32m---> [39m[32m90[39m [38;5;28;01mreturn[39;00m [43m_bootstrap[49m[43m.[49m[43m_gcd_import[49m[43m([49m[43mname[49m[43m[[49m[43mlevel[49m[43m:[49m[43m][49m[43m,[49m[43m [49m[43mpackage[49m[43m,[49m[43m [49m[43mlevel[49m[43m)[49m

[36mFile [39m[32m<frozen importlib._bootstrap>:1387[39m, in [36m_gcd_import[39m[34m(name, package, level)[39m

[36mFile [39m[32m<frozen importlib._bootstrap>:1360[39m, in [36m_find_and_load[39m[34m(name, import_)[39m

[36mFile [39m[32m<frozen importlib._bootstrap>:1324[39m, in [36m_find_and_load_unlocked[39m[34m(name, import_)[39m

[31mModuleNotFoundError[39m: No module named 'watermark'

