Traceback (most recent call last):
  File "/opt/hostedtoolcache/Python/3.10.15/x64/lib/python3.10/site-packages/jupyter_cache/executors/utils.py", line 58, in single_nb_execution
    executenb(
  File "/opt/hostedtoolcache/Python/3.10.15/x64/lib/python3.10/site-packages/nbclient/client.py", line 1319, in execute
    return NotebookClient(nb=nb, resources=resources, km=km, **kwargs).execute()
  File "/opt/hostedtoolcache/Python/3.10.15/x64/lib/python3.10/site-packages/jupyter_core/utils/__init__.py", line 165, in wrapped
    return loop.run_until_complete(inner)
  File "/opt/hostedtoolcache/Python/3.10.15/x64/lib/python3.10/asyncio/base_events.py", line 649, in run_until_complete
    return future.result()
  File "/opt/hostedtoolcache/Python/3.10.15/x64/lib/python3.10/site-packages/nbclient/client.py", line 709, in async_execute
    await self.async_execute_cell(
  File "/opt/hostedtoolcache/Python/3.10.15/x64/lib/python3.10/site-packages/nbclient/client.py", line 1062, in async_execute_cell
    await self._check_raise_for_error(cell, cell_index, exec_reply)
  File "/opt/hostedtoolcache/Python/3.10.15/x64/lib/python3.10/site-packages/nbclient/client.py", line 918, in _check_raise_for_error
    raise CellExecutionError.from_cell_and_msg(cell, exec_reply_content)
nbclient.exceptions.CellExecutionError: An error occurred while executing the following cell:
------------------
import best

treated = iqs2[iqs2["group"]=="treat"]["iq"].values
controls = iqs2[iqs2["group"]=="ctrl"]["iq"].values
best_out = best.analyze_two(treated, controls, version="v1", n_samples=10000)
best_out
------------------


[0;31m---------------------------------------------------------------------------[0m
[0;31mModuleNotFoundError[0m                       Traceback (most recent call last)
Cell [0;32mIn[13], line 1[0m
[0;32m----> 1[0m [38;5;28;01mimport[39;00m [38;5;21;01mbest[39;00m
[1;32m      3[0m treated [38;5;241m=[39m iqs2[iqs2[[38;5;124m"[39m[38;5;124mgroup[39m[38;5;124m"[39m][38;5;241m==[39m[38;5;124m"[39m[38;5;124mtreat[39m[38;5;124m"[39m][[38;5;124m"[39m[38;5;124miq[39m[38;5;124m"[39m][38;5;241m.[39mvalues
[1;32m      4[0m controls [38;5;241m=[39m iqs2[iqs2[[38;5;124m"[39m[38;5;124mgroup[39m[38;5;124m"[39m][38;5;241m==[39m[38;5;124m"[39m[38;5;124mctrl[39m[38;5;124m"[39m][[38;5;124m"[39m[38;5;124miq[39m[38;5;124m"[39m][38;5;241m.[39mvalues

[0;31mModuleNotFoundError[0m: No module named 'best'

