Traceback (most recent call last):
  File "/opt/hostedtoolcache/Python/3.10.15/x64/lib/python3.10/site-packages/jupyter_cache/executors/utils.py", line 58, in single_nb_execution
    executenb(
  File "/opt/hostedtoolcache/Python/3.10.15/x64/lib/python3.10/site-packages/nbclient/client.py", line 1319, in execute
    return NotebookClient(nb=nb, resources=resources, km=km, **kwargs).execute()
  File "/opt/hostedtoolcache/Python/3.10.15/x64/lib/python3.10/site-packages/jupyter_core/utils/__init__.py", line 165, in wrapped
    return loop.run_until_complete(inner)
  File "/opt/hostedtoolcache/Python/3.10.15/x64/lib/python3.10/asyncio/base_events.py", line 649, in run_until_complete
    return future.result()
  File "/opt/hostedtoolcache/Python/3.10.15/x64/lib/python3.10/site-packages/nbclient/client.py", line 709, in async_execute
    await self.async_execute_cell(
  File "/opt/hostedtoolcache/Python/3.10.15/x64/lib/python3.10/site-packages/nbclient/client.py", line 1062, in async_execute_cell
    await self._check_raise_for_error(cell, cell_index, exec_reply)
  File "/opt/hostedtoolcache/Python/3.10.15/x64/lib/python3.10/site-packages/nbclient/client.py", line 918, in _check_raise_for_error
    raise CellExecutionError.from_cell_and_msg(cell, exec_reply_content)
nbclient.exceptions.CellExecutionError: An error occurred while executing the following cell:
------------------
import scipy as sp

def plot_rv(rv, label=None, xlabel=None, ax=None, title=None):
    """
    Plot a SciPy distribution (a `rv_frozen` object).
    """
    assert isinstance(rv, sp.stats._distn_infrastructure.rv_frozen), \
        'this function assumes plotting a rv_forzen random variable'
    size = 10000
    x = np.linspace(rv.ppf(0.001), rv.ppf(0.999), size)
    y = rv.pdf(x)

    if ax is None:
        fig, ax = plt.subplots()
    sns.lineplot(x, y, ax=ax, label=label)
    
    ax.set_title(title)
    ax.set_xlim(x.min(), x.max())
    ax.set_xlabel(xlabel)
    ax.tick_params(axis='both', labelsize=9)
    ax.spines['top'].set_visible(False)
    ax.spines['right'].set_visible(False)

    
    return ax # in case want to plot more...

rvNS = norm(loc=1000, scale=300)

plot_rv(rvNS,
        xlabel="ELV",
        label="NS",
        title='Normal distributino $\mathcal{N}(1000,100)$')

------------------


[0;31m---------------------------------------------------------------------------[0m
[0;31mTypeError[0m                                 Traceback (most recent call last)
Cell [0;32mIn[3], line 29[0m
[1;32m     25[0m     [38;5;28;01mreturn[39;00m ax [38;5;66;03m# in case want to plot more...[39;00m
[1;32m     27[0m rvNS [38;5;241m=[39m norm(loc[38;5;241m=[39m[38;5;241m1000[39m, scale[38;5;241m=[39m[38;5;241m300[39m)
[0;32m---> 29[0m [43mplot_rv[49m[43m([49m[43mrvNS[49m[43m,[49m
[1;32m     30[0m [43m        [49m[43mxlabel[49m[38;5;241;43m=[39;49m[38;5;124;43m"[39;49m[38;5;124;43mELV[39;49m[38;5;124;43m"[39;49m[43m,[49m
[1;32m     31[0m [43m        [49m[43mlabel[49m[38;5;241;43m=[39;49m[38;5;124;43m"[39;49m[38;5;124;43mNS[39;49m[38;5;124;43m"[39;49m[43m,[49m
[1;32m     32[0m [43m        [49m[43mtitle[49m[38;5;241;43m=[39;49m[38;5;124;43m'[39;49m[38;5;124;43mNormal distributino $[39;49m[38;5;124;43m\[39;49m[38;5;124;43mmathcal[39;49m[38;5;132;43;01m{N}[39;49;00m[38;5;124;43m(1000,100)$[39;49m[38;5;124;43m'[39;49m[43m)[49m

Cell [0;32mIn[3], line 15[0m, in [0;36mplot_rv[0;34m(rv, label, xlabel, ax, title)[0m
[1;32m     13[0m [38;5;28;01mif[39;00m ax [38;5;129;01mis[39;00m [38;5;28;01mNone[39;00m:
[1;32m     14[0m     fig, ax [38;5;241m=[39m plt[38;5;241m.[39msubplots()
[0;32m---> 15[0m [43msns[49m[38;5;241;43m.[39;49m[43mlineplot[49m[43m([49m[43mx[49m[43m,[49m[43m [49m[43my[49m[43m,[49m[43m [49m[43max[49m[38;5;241;43m=[39;49m[43max[49m[43m,[49m[43m [49m[43mlabel[49m[38;5;241;43m=[39;49m[43mlabel[49m[43m)[49m
[1;32m     17[0m ax[38;5;241m.[39mset_title(title)
[1;32m     18[0m ax[38;5;241m.[39mset_xlim(x[38;5;241m.[39mmin(), x[38;5;241m.[39mmax())

[0;31mTypeError[0m: lineplot() takes from 0 to 1 positional arguments but 2 positional arguments (and 1 keyword-only argument) were given

