Traceback (most recent call last):
  File "/opt/hostedtoolcache/Python/3.12.13/x64/lib/python3.12/site-packages/jupyter_cache/executors/utils.py", line 58, in single_nb_execution
    executenb(
  File "/opt/hostedtoolcache/Python/3.12.13/x64/lib/python3.12/site-packages/nbclient/client.py", line 1323, in execute
    return NotebookClient(nb=nb, resources=resources, km=km, **kwargs).execute()
           ^^^^^^^^^^^^^^^^^^^^^^^^^^^^^^^^^^^^^^^^^^^^^^^^^^^^^^^^^^^^^^^^^^^^^
  File "/opt/hostedtoolcache/Python/3.12.13/x64/lib/python3.12/site-packages/jupyter_core/utils/__init__.py", line 165, in wrapped
    return loop.run_until_complete(inner)
           ^^^^^^^^^^^^^^^^^^^^^^^^^^^^^^
  File "/opt/hostedtoolcache/Python/3.12.13/x64/lib/python3.12/asyncio/base_events.py", line 691, in run_until_complete
    return future.result()
           ^^^^^^^^^^^^^^^
  File "/opt/hostedtoolcache/Python/3.12.13/x64/lib/python3.12/site-packages/nbclient/client.py", line 709, in async_execute
    await self.async_execute_cell(
  File "/opt/hostedtoolcache/Python/3.12.13/x64/lib/python3.12/site-packages/nbclient/client.py", line 1062, in async_execute_cell
    await self._check_raise_for_error(cell, cell_index, exec_reply)
  File "/opt/hostedtoolcache/Python/3.12.13/x64/lib/python3.12/site-packages/nbclient/client.py", line 918, in _check_raise_for_error
    raise CellExecutionError.from_cell_and_msg(cell, exec_reply_content)
nbclient.exceptions.CellExecutionError: An error occurred while executing the following cell:
------------------
import numpy as np

def fH(h):
    lam = 20
    return lam**h * np.exp(-lam) / np.math.factorial(h)

# calculation is not stable for h > 14
import matplotlib.pyplot as plt
import numpy as np
hs = np.arange(0,40)
fHs = [fH(h) for h in hs]
plt.stem(fHs)
------------------


[31m---------------------------------------------------------------------------[39m
[31mAttributeError[39m                            Traceback (most recent call last)
[36mCell[39m[36m [39m[32mIn[6][39m[32m, line 11[39m
[32m      7[39m [38;5;66;03m# calculation is not stable for h > 14[39;00m
[32m      8[39m [38;5;28;01mimport[39;00m matplotlib.pyplot [38;5;28;01mas[39;00m plt
[32m      9[39m [38;5;28;01mimport[39;00m numpy [38;5;28;01mas[39;00m np
[32m     10[39m hs = np.arange([32m0[39m,[32m40[39m)
[32m---> [39m[32m11[39m fHs = [fH(h) [38;5;28;01mfor[39;00m h [38;5;28;01min[39;00m hs]
[32m     12[39m plt.stem(fHs)

[36mCell[39m[36m [39m[32mIn[6][39m[32m, line 5[39m, in [36mfH[39m[34m(h)[39m
[32m      3[39m [38;5;28;01mdef[39;00m fH(h):
[32m      4[39m     lam = [32m20[39m
[32m----> [39m[32m5[39m     [38;5;28;01mreturn[39;00m lam**h * np.exp(-lam) / np.math.factorial(h)

[36mFile [39m[32m/opt/hostedtoolcache/Python/3.12.13/x64/lib/python3.12/site-packages/numpy/__init__.py:795[39m, in [36m__getattr__[39m[34m(attr)[39m
[32m    792[39m     [38;5;28;01mimport[39;00m[38;5;250m [39m[34;01mnumpy[39;00m[34;01m.[39;00m[34;01mchar[39;00m[38;5;250m [39m[38;5;28;01mas[39;00m[38;5;250m [39m[34;01mchar[39;00m
[32m    793[39m     [38;5;28;01mreturn[39;00m char.chararray
[32m--> [39m[32m795[39m [38;5;28;01mraise[39;00m [38;5;167;01mAttributeError[39;00m([33mf[39m[33m"[39m[33mmodule [39m[38;5;132;01m{[39;00m[34m__name__[39m[38;5;132;01m!r}[39;00m[33m has no attribute [39m[38;5;132;01m{[39;00mattr[38;5;132;01m!r}[39;00m[33m"[39m)

[31mAttributeError[39m: module 'numpy' has no attribute 'math'

