Traceback (most recent call last):
  File "/opt/hostedtoolcache/Python/3.8.17/x64/lib/python3.8/site-packages/jupyter_cache/executors/utils.py", line 58, in single_nb_execution
    executenb(
  File "/opt/hostedtoolcache/Python/3.8.17/x64/lib/python3.8/site-packages/nbclient/client.py", line 1305, in execute
    return NotebookClient(nb=nb, resources=resources, km=km, **kwargs).execute()
  File "/opt/hostedtoolcache/Python/3.8.17/x64/lib/python3.8/site-packages/jupyter_core/utils/__init__.py", line 166, in wrapped
    return loop.run_until_complete(inner)
  File "/opt/hostedtoolcache/Python/3.8.17/x64/lib/python3.8/asyncio/base_events.py", line 616, in run_until_complete
    return future.result()
  File "/opt/hostedtoolcache/Python/3.8.17/x64/lib/python3.8/site-packages/nbclient/client.py", line 705, in async_execute
    await self.async_execute_cell(
  File "/opt/hostedtoolcache/Python/3.8.17/x64/lib/python3.8/site-packages/nbclient/client.py", line 1058, in async_execute_cell
    await self._check_raise_for_error(cell, cell_index, exec_reply)
  File "/opt/hostedtoolcache/Python/3.8.17/x64/lib/python3.8/site-packages/nbclient/client.py", line 914, in _check_raise_for_error
    raise CellExecutionError.from_cell_and_msg(cell, exec_reply_content)
nbclient.exceptions.CellExecutionError: An error occurred while executing the following cell:
------------------
# FIGURES ONLY
import matplotlib.pyplot as plt
import seaborn as sns
with plt.rc_context({"figure.figsize":(8,2)}):
    fig, (ax1, ax2, ax3) = plt.subplots(1,3)

    ax1.set_title("(a) strip plot")
    sns.stripplot(x=pricesW, ax=ax1, jitter=0)
    ax1.set_xticks(range(7,13))

    ax2.set_title("(b) hist plot")
    sns.histplot(x=pricesW, ax=ax2)
    ax2.set_xticks(range(7,13))
    ax2.set_yticks(range(0,5))

    ax3.set_title("(c) box plot")
    sns.boxplot(x=pricesW, ax=ax3)
    ax3.set_xticks(range(7,13))

savefig(fig, "figures/epricesW_strip_hist_box_plots.png")
------------------


[0;31m---------------------------------------------------------------------------[0m
[0;31mNameError[0m                                 Traceback (most recent call last)
Cell [0;32mIn[17], line 20[0m
[1;32m     17[0m     sns[38;5;241m.[39mboxplot(x[38;5;241m=[39mpricesW, ax[38;5;241m=[39max3)
[1;32m     18[0m     ax3[38;5;241m.[39mset_xticks([38;5;28mrange[39m([38;5;241m7[39m,[38;5;241m13[39m))
[0;32m---> 20[0m [43msavefig[49m(fig, [38;5;124m"[39m[38;5;124mfigures/epricesW_strip_hist_box_plots.png[39m[38;5;124m"[39m)

[0;31mNameError[0m: name 'savefig' is not defined

