Traceback (most recent call last):
  File "/opt/hostedtoolcache/Python/3.10.18/x64/lib/python3.10/site-packages/jupyter_core/utils/__init__.py", line 154, in wrapped
    asyncio.get_running_loop()
RuntimeError: no running event loop

During handling of the above exception, another exception occurred:

Traceback (most recent call last):
  File "/opt/hostedtoolcache/Python/3.10.18/x64/lib/python3.10/site-packages/jupyter_cache/executors/utils.py", line 58, in single_nb_execution
    executenb(
  File "/opt/hostedtoolcache/Python/3.10.18/x64/lib/python3.10/site-packages/nbclient/client.py", line 1319, in execute
    return NotebookClient(nb=nb, resources=resources, km=km, **kwargs).execute()
  File "/opt/hostedtoolcache/Python/3.10.18/x64/lib/python3.10/site-packages/jupyter_core/utils/__init__.py", line 158, in wrapped
    return loop.run_until_complete(inner)
  File "/opt/hostedtoolcache/Python/3.10.18/x64/lib/python3.10/asyncio/base_events.py", line 649, in run_until_complete
    return future.result()
  File "/opt/hostedtoolcache/Python/3.10.18/x64/lib/python3.10/site-packages/nbclient/client.py", line 709, in async_execute
    await self.async_execute_cell(
  File "/opt/hostedtoolcache/Python/3.10.18/x64/lib/python3.10/site-packages/nbclient/client.py", line 1062, in async_execute_cell
    await self._check_raise_for_error(cell, cell_index, exec_reply)
  File "/opt/hostedtoolcache/Python/3.10.18/x64/lib/python3.10/site-packages/nbclient/client.py", line 918, in _check_raise_for_error
    raise CellExecutionError.from_cell_and_msg(cell, exec_reply_content)
nbclient.exceptions.CellExecutionError: An error occurred while executing the following cell:
------------------
# data = whether students got admitted (admit=1) or not (admit=0) based on their gre and gpa scores, and the rank of their instutution
raw_data = pd.read_csv('https://stats.idre.ucla.edu/stat/data/binary.csv')
raw_data
------------------


[0;31m---------------------------------------------------------------------------[0m
[0;31mSSLCertVerificationError[0m                  Traceback (most recent call last)
File [0;32m/opt/hostedtoolcache/Python/3.10.18/x64/lib/python3.10/urllib/request.py:1348[0m, in [0;36mAbstractHTTPHandler.do_open[0;34m(self, http_class, req, **http_conn_args)[0m
[1;32m   1347[0m [38;5;28;01mtry[39;00m:
[0;32m-> 1348[0m     [43mh[49m[38;5;241;43m.[39;49m[43mrequest[49m[43m([49m[43mreq[49m[38;5;241;43m.[39;49m[43mget_method[49m[43m([49m[43m)[49m[43m,[49m[43m [49m[43mreq[49m[38;5;241;43m.[39;49m[43mselector[49m[43m,[49m[43m [49m[43mreq[49m[38;5;241;43m.[39;49m[43mdata[49m[43m,[49m[43m [49m[43mheaders[49m[43m,[49m
[1;32m   1349[0m [43m              [49m[43mencode_chunked[49m[38;5;241;43m=[39;49m[43mreq[49m[38;5;241;43m.[39;49m[43mhas_header[49m[43m([49m[38;5;124;43m'[39;49m[38;5;124;43mTransfer-encoding[39;49m[38;5;124;43m'[39;49m[43m)[49m[43m)[49m
[1;32m   1350[0m [38;5;28;01mexcept[39;00m [38;5;167;01mOSError[39;00m [38;5;28;01mas[39;00m err: [38;5;66;03m# timeout error[39;00m

File [0;32m/opt/hostedtoolcache/Python/3.10.18/x64/lib/python3.10/http/client.py:1283[0m, in [0;36mHTTPConnection.request[0;34m(self, method, url, body, headers, encode_chunked)[0m
[1;32m   1282[0m [38;5;250m[39m[38;5;124;03m"""Send a complete request to the server."""[39;00m
[0;32m-> 1283[0m [38;5;28;43mself[39;49m[38;5;241;43m.[39;49m[43m_send_request[49m[43m([49m[43mmethod[49m[43m,[49m[43m [49m[43murl[49m[43m,[49m[43m [49m[43mbody[49m[43m,[49m[43m [49m[43mheaders[49m[43m,[49m[43m [49m[43mencode_chunked[49m[43m)[49m

File [0;32m/opt/hostedtoolcache/Python/3.10.18/x64/lib/python3.10/http/client.py:1329[0m, in [0;36mHTTPConnection._send_request[0;34m(self, method, url, body, headers, encode_chunked)[0m
[1;32m   1328[0m     body [38;5;241m=[39m _encode(body, [38;5;124m'[39m[38;5;124mbody[39m[38;5;124m'[39m)
[0;32m-> 1329[0m [38;5;28;43mself[39;49m[38;5;241;43m.[39;49m[43mendheaders[49m[43m([49m[43mbody[49m[43m,[49m[43m [49m[43mencode_chunked[49m[38;5;241;43m=[39;49m[43mencode_chunked[49m[43m)[49m

File [0;32m/opt/hostedtoolcache/Python/3.10.18/x64/lib/python3.10/http/client.py:1278[0m, in [0;36mHTTPConnection.endheaders[0;34m(self, message_body, encode_chunked)[0m
[1;32m   1277[0m     [38;5;28;01mraise[39;00m CannotSendHeader()
[0;32m-> 1278[0m [38;5;28;43mself[39;49m[38;5;241;43m.[39;49m[43m_send_output[49m[43m([49m[43mmessage_body[49m[43m,[49m[43m [49m[43mencode_chunked[49m[38;5;241;43m=[39;49m[43mencode_chunked[49m[43m)[49m

File [0;32m/opt/hostedtoolcache/Python/3.10.18/x64/lib/python3.10/http/client.py:1038[0m, in [0;36mHTTPConnection._send_output[0;34m(self, message_body, encode_chunked)[0m
[1;32m   1037[0m [38;5;28;01mdel[39;00m [38;5;28mself[39m[38;5;241m.[39m_buffer[:]
[0;32m-> 1038[0m [38;5;28;43mself[39;49m[38;5;241;43m.[39;49m[43msend[49m[43m([49m[43mmsg[49m[43m)[49m
[1;32m   1040[0m [38;5;28;01mif[39;00m message_body [38;5;129;01mis[39;00m [38;5;129;01mnot[39;00m [38;5;28;01mNone[39;00m:
[1;32m   1041[0m 
[1;32m   1042[0m     [38;5;66;03m# create a consistent interface to message_body[39;00m

File [0;32m/opt/hostedtoolcache/Python/3.10.18/x64/lib/python3.10/http/client.py:976[0m, in [0;36mHTTPConnection.send[0;34m(self, data)[0m
[1;32m    975[0m [38;5;28;01mif[39;00m [38;5;28mself[39m[38;5;241m.[39mauto_open:
[0;32m--> 976[0m     [38;5;28;43mself[39;49m[38;5;241;43m.[39;49m[43mconnect[49m[43m([49m[43m)[49m
[1;32m    977[0m [38;5;28;01melse[39;00m:

File [0;32m/opt/hostedtoolcache/Python/3.10.18/x64/lib/python3.10/http/client.py:1455[0m, in [0;36mHTTPSConnection.connect[0;34m(self)[0m
[1;32m   1453[0m     server_hostname [38;5;241m=[39m [38;5;28mself[39m[38;5;241m.[39mhost
[0;32m-> 1455[0m [38;5;28mself[39m[38;5;241m.[39msock [38;5;241m=[39m [38;5;28;43mself[39;49m[38;5;241;43m.[39;49m[43m_context[49m[38;5;241;43m.[39;49m[43mwrap_socket[49m[43m([49m[38;5;28;43mself[39;49m[38;5;241;43m.[39;49m[43msock[49m[43m,[49m
[1;32m   1456[0m [43m                                      [49m[43mserver_hostname[49m[38;5;241;43m=[39;49m[43mserver_hostname[49m[43m)[49m

File [0;32m/opt/hostedtoolcache/Python/3.10.18/x64/lib/python3.10/ssl.py:513[0m, in [0;36mSSLContext.wrap_socket[0;34m(self, sock, server_side, do_handshake_on_connect, suppress_ragged_eofs, server_hostname, session)[0m
[1;32m    507[0m [38;5;28;01mdef[39;00m[38;5;250m [39m[38;5;21mwrap_socket[39m([38;5;28mself[39m, sock, server_side[38;5;241m=[39m[38;5;28;01mFalse[39;00m,
[1;32m    508[0m                 do_handshake_on_connect[38;5;241m=[39m[38;5;28;01mTrue[39;00m,
[1;32m    509[0m                 suppress_ragged_eofs[38;5;241m=[39m[38;5;28;01mTrue[39;00m,
[1;32m    510[0m                 server_hostname[38;5;241m=[39m[38;5;28;01mNone[39;00m, session[38;5;241m=[39m[38;5;28;01mNone[39;00m):
[1;32m    511[0m     [38;5;66;03m# SSLSocket class handles server_hostname encoding before it calls[39;00m
[1;32m    512[0m     [38;5;66;03m# ctx._wrap_socket()[39;00m
[0;32m--> 513[0m     [38;5;28;01mreturn[39;00m [38;5;28;43mself[39;49m[38;5;241;43m.[39;49m[43msslsocket_class[49m[38;5;241;43m.[39;49m[43m_create[49m[43m([49m
[1;32m    514[0m [43m        [49m[43msock[49m[38;5;241;43m=[39;49m[43msock[49m[43m,[49m
[1;32m    515[0m [43m        [49m[43mserver_side[49m[38;5;241;43m=[39;49m[43mserver_side[49m[43m,[49m
[1;32m    516[0m [43m        [49m[43mdo_handshake_on_connect[49m[38;5;241;43m=[39;49m[43mdo_handshake_on_connect[49m[43m,[49m
[1;32m    517[0m [43m        [49m[43msuppress_ragged_eofs[49m[38;5;241;43m=[39;49m[43msuppress_ragged_eofs[49m[43m,[49m
[1;32m    518[0m [43m        [49m[43mserver_hostname[49m[38;5;241;43m=[39;49m[43mserver_hostname[49m[43m,[49m
[1;32m    519[0m [43m        [49m[43mcontext[49m[38;5;241;43m=[39;49m[38;5;28;43mself[39;49m[43m,[49m
[1;32m    520[0m [43m        [49m[43msession[49m[38;5;241;43m=[39;49m[43msession[49m
[1;32m    521[0m [43m    [49m[43m)[49m

File [0;32m/opt/hostedtoolcache/Python/3.10.18/x64/lib/python3.10/ssl.py:1104[0m, in [0;36mSSLSocket._create[0;34m(cls, sock, server_side, do_handshake_on_connect, suppress_ragged_eofs, server_hostname, context, session)[0m
[1;32m   1103[0m             [38;5;28;01mraise[39;00m [38;5;167;01mValueError[39;00m([38;5;124m"[39m[38;5;124mdo_handshake_on_connect should not be specified for non-blocking sockets[39m[38;5;124m"[39m)
[0;32m-> 1104[0m         [38;5;28;43mself[39;49m[38;5;241;43m.[39;49m[43mdo_handshake[49m[43m([49m[43m)[49m
[1;32m   1105[0m [38;5;28;01mexcept[39;00m ([38;5;167;01mOSError[39;00m, [38;5;167;01mValueError[39;00m):

File [0;32m/opt/hostedtoolcache/Python/3.10.18/x64/lib/python3.10/ssl.py:1375[0m, in [0;36mSSLSocket.do_handshake[0;34m(self, block)[0m
[1;32m   1374[0m         [38;5;28mself[39m[38;5;241m.[39msettimeout([38;5;28;01mNone[39;00m)
[0;32m-> 1375[0m     [38;5;28;43mself[39;49m[38;5;241;43m.[39;49m[43m_sslobj[49m[38;5;241;43m.[39;49m[43mdo_handshake[49m[43m([49m[43m)[49m
[1;32m   1376[0m [38;5;28;01mfinally[39;00m:

[0;31mSSLCertVerificationError[0m: [SSL: CERTIFICATE_VERIFY_FAILED] certificate verify failed: certificate has expired (_ssl.c:1017)

During handling of the above exception, another exception occurred:

[0;31mURLError[0m                                  Traceback (most recent call last)
Cell [0;32mIn[2], line 2[0m
[1;32m      1[0m [38;5;66;03m# data = whether students got admitted (admit=1) or not (admit=0) based on their gre and gpa scores, and the rank of their instutution[39;00m
[0;32m----> 2[0m raw_data [38;5;241m=[39m [43mpd[49m[38;5;241;43m.[39;49m[43mread_csv[49m[43m([49m[38;5;124;43m'[39;49m[38;5;124;43mhttps://stats.idre.ucla.edu/stat/data/binary.csv[39;49m[38;5;124;43m'[39;49m[43m)[49m
[1;32m      3[0m raw_data

File [0;32m/opt/hostedtoolcache/Python/3.10.18/x64/lib/python3.10/site-packages/pandas/io/parsers/readers.py:1026[0m, in [0;36mread_csv[0;34m(filepath_or_buffer, sep, delimiter, header, names, index_col, usecols, dtype, engine, converters, true_values, false_values, skipinitialspace, skiprows, skipfooter, nrows, na_values, keep_default_na, na_filter, verbose, skip_blank_lines, parse_dates, infer_datetime_format, keep_date_col, date_parser, date_format, dayfirst, cache_dates, iterator, chunksize, compression, thousands, decimal, lineterminator, quotechar, quoting, doublequote, escapechar, comment, encoding, encoding_errors, dialect, on_bad_lines, delim_whitespace, low_memory, memory_map, float_precision, storage_options, dtype_backend)[0m
[1;32m   1013[0m kwds_defaults [38;5;241m=[39m _refine_defaults_read(
[1;32m   1014[0m     dialect,
[1;32m   1015[0m     delimiter,
[0;32m   (...)[0m
[1;32m   1022[0m     dtype_backend[38;5;241m=[39mdtype_backend,
[1;32m   1023[0m )
[1;32m   1024[0m kwds[38;5;241m.[39mupdate(kwds_defaults)
[0;32m-> 1026[0m [38;5;28;01mreturn[39;00m [43m_read[49m[43m([49m[43mfilepath_or_buffer[49m[43m,[49m[43m [49m[43mkwds[49m[43m)[49m

File [0;32m/opt/hostedtoolcache/Python/3.10.18/x64/lib/python3.10/site-packages/pandas/io/parsers/readers.py:620[0m, in [0;36m_read[0;34m(filepath_or_buffer, kwds)[0m
[1;32m    617[0m _validate_names(kwds[38;5;241m.[39mget([38;5;124m"[39m[38;5;124mnames[39m[38;5;124m"[39m, [38;5;28;01mNone[39;00m))
[1;32m    619[0m [38;5;66;03m# Create the parser.[39;00m
[0;32m--> 620[0m parser [38;5;241m=[39m [43mTextFileReader[49m[43m([49m[43mfilepath_or_buffer[49m[43m,[49m[43m [49m[38;5;241;43m*[39;49m[38;5;241;43m*[39;49m[43mkwds[49m[43m)[49m
[1;32m    622[0m [38;5;28;01mif[39;00m chunksize [38;5;129;01mor[39;00m iterator:
[1;32m    623[0m     [38;5;28;01mreturn[39;00m parser

File [0;32m/opt/hostedtoolcache/Python/3.10.18/x64/lib/python3.10/site-packages/pandas/io/parsers/readers.py:1620[0m, in [0;36mTextFileReader.__init__[0;34m(self, f, engine, **kwds)[0m
[1;32m   1617[0m     [38;5;28mself[39m[38;5;241m.[39moptions[[38;5;124m"[39m[38;5;124mhas_index_names[39m[38;5;124m"[39m] [38;5;241m=[39m kwds[[38;5;124m"[39m[38;5;124mhas_index_names[39m[38;5;124m"[39m]
[1;32m   1619[0m [38;5;28mself[39m[38;5;241m.[39mhandles: IOHandles [38;5;241m|[39m [38;5;28;01mNone[39;00m [38;5;241m=[39m [38;5;28;01mNone[39;00m
[0;32m-> 1620[0m [38;5;28mself[39m[38;5;241m.[39m_engine [38;5;241m=[39m [38;5;28;43mself[39;49m[38;5;241;43m.[39;49m[43m_make_engine[49m[43m([49m[43mf[49m[43m,[49m[43m [49m[38;5;28;43mself[39;49m[38;5;241;43m.[39;49m[43mengine[49m[43m)[49m

File [0;32m/opt/hostedtoolcache/Python/3.10.18/x64/lib/python3.10/site-packages/pandas/io/parsers/readers.py:1880[0m, in [0;36mTextFileReader._make_engine[0;34m(self, f, engine)[0m
[1;32m   1878[0m     [38;5;28;01mif[39;00m [38;5;124m"[39m[38;5;124mb[39m[38;5;124m"[39m [38;5;129;01mnot[39;00m [38;5;129;01min[39;00m mode:
[1;32m   1879[0m         mode [38;5;241m+[39m[38;5;241m=[39m [38;5;124m"[39m[38;5;124mb[39m[38;5;124m"[39m
[0;32m-> 1880[0m [38;5;28mself[39m[38;5;241m.[39mhandles [38;5;241m=[39m [43mget_handle[49m[43m([49m
[1;32m   1881[0m [43m    [49m[43mf[49m[43m,[49m
[1;32m   1882[0m [43m    [49m[43mmode[49m[43m,[49m
[1;32m   1883[0m [43m    [49m[43mencoding[49m[38;5;241;43m=[39;49m[38;5;28;43mself[39;49m[38;5;241;43m.[39;49m[43moptions[49m[38;5;241;43m.[39;49m[43mget[49m[43m([49m[38;5;124;43m"[39;49m[38;5;124;43mencoding[39;49m[38;5;124;43m"[39;49m[43m,[49m[43m [49m[38;5;28;43;01mNone[39;49;00m[43m)[49m[43m,[49m
[1;32m   1884[0m [43m    [49m[43mcompression[49m[38;5;241;43m=[39;49m[38;5;28;43mself[39;49m[38;5;241;43m.[39;49m[43moptions[49m[38;5;241;43m.[39;49m[43mget[49m[43m([49m[38;5;124;43m"[39;49m[38;5;124;43mcompression[39;49m[38;5;124;43m"[39;49m[43m,[49m[43m [49m[38;5;28;43;01mNone[39;49;00m[43m)[49m[43m,[49m
[1;32m   1885[0m [43m    [49m[43mmemory_map[49m[38;5;241;43m=[39;49m[38;5;28;43mself[39;49m[38;5;241;43m.[39;49m[43moptions[49m[38;5;241;43m.[39;49m[43mget[49m[43m([49m[38;5;124;43m"[39;49m[38;5;124;43mmemory_map[39;49m[38;5;124;43m"[39;49m[43m,[49m[43m [49m[38;5;28;43;01mFalse[39;49;00m[43m)[49m[43m,[49m
[1;32m   1886[0m [43m    [49m[43mis_text[49m[38;5;241;43m=[39;49m[43mis_text[49m[43m,[49m
[1;32m   1887[0m [43m    [49m[43merrors[49m[38;5;241;43m=[39;49m[38;5;28;43mself[39;49m[38;5;241;43m.[39;49m[43moptions[49m[38;5;241;43m.[39;49m[43mget[49m[43m([49m[38;5;124;43m"[39;49m[38;5;124;43mencoding_errors[39;49m[38;5;124;43m"[39;49m[43m,[49m[43m [49m[38;5;124;43m"[39;49m[38;5;124;43mstrict[39;49m[38;5;124;43m"[39;49m[43m)[49m[43m,[49m
[1;32m   1888[0m [43m    [49m[43mstorage_options[49m[38;5;241;43m=[39;49m[38;5;28;43mself[39;49m[38;5;241;43m.[39;49m[43moptions[49m[38;5;241;43m.[39;49m[43mget[49m[43m([49m[38;5;124;43m"[39;49m[38;5;124;43mstorage_options[39;49m[38;5;124;43m"[39;49m[43m,[49m[43m [49m[38;5;28;43;01mNone[39;49;00m[43m)[49m[43m,[49m
[1;32m   1889[0m [43m[49m[43m)[49m
[1;32m   1890[0m [38;5;28;01massert[39;00m [38;5;28mself[39m[38;5;241m.[39mhandles [38;5;129;01mis[39;00m [38;5;129;01mnot[39;00m [38;5;28;01mNone[39;00m
[1;32m   1891[0m f [38;5;241m=[39m [38;5;28mself[39m[38;5;241m.[39mhandles[38;5;241m.[39mhandle

File [0;32m/opt/hostedtoolcache/Python/3.10.18/x64/lib/python3.10/site-packages/pandas/io/common.py:728[0m, in [0;36mget_handle[0;34m(path_or_buf, mode, encoding, compression, memory_map, is_text, errors, storage_options)[0m
[1;32m    725[0m     codecs[38;5;241m.[39mlookup_error(errors)
[1;32m    727[0m [38;5;66;03m# open URLs[39;00m
[0;32m--> 728[0m ioargs [38;5;241m=[39m [43m_get_filepath_or_buffer[49m[43m([49m
[1;32m    729[0m [43m    [49m[43mpath_or_buf[49m[43m,[49m
[1;32m    730[0m [43m    [49m[43mencoding[49m[38;5;241;43m=[39;49m[43mencoding[49m[43m,[49m
[1;32m    731[0m [43m    [49m[43mcompression[49m[38;5;241;43m=[39;49m[43mcompression[49m[43m,[49m
[1;32m    732[0m [43m    [49m[43mmode[49m[38;5;241;43m=[39;49m[43mmode[49m[43m,[49m
[1;32m    733[0m [43m    [49m[43mstorage_options[49m[38;5;241;43m=[39;49m[43mstorage_options[49m[43m,[49m
[1;32m    734[0m [43m[49m[43m)[49m
[1;32m    736[0m handle [38;5;241m=[39m ioargs[38;5;241m.[39mfilepath_or_buffer
[1;32m    737[0m handles: [38;5;28mlist[39m[BaseBuffer]

File [0;32m/opt/hostedtoolcache/Python/3.10.18/x64/lib/python3.10/site-packages/pandas/io/common.py:384[0m, in [0;36m_get_filepath_or_buffer[0;34m(filepath_or_buffer, encoding, compression, mode, storage_options)[0m
[1;32m    382[0m [38;5;66;03m# assuming storage_options is to be interpreted as headers[39;00m
[1;32m    383[0m req_info [38;5;241m=[39m urllib[38;5;241m.[39mrequest[38;5;241m.[39mRequest(filepath_or_buffer, headers[38;5;241m=[39mstorage_options)
[0;32m--> 384[0m [38;5;28;01mwith[39;00m [43murlopen[49m[43m([49m[43mreq_info[49m[43m)[49m [38;5;28;01mas[39;00m req:
[1;32m    385[0m     content_encoding [38;5;241m=[39m req[38;5;241m.[39mheaders[38;5;241m.[39mget([38;5;124m"[39m[38;5;124mContent-Encoding[39m[38;5;124m"[39m, [38;5;28;01mNone[39;00m)
[1;32m    386[0m     [38;5;28;01mif[39;00m content_encoding [38;5;241m==[39m [38;5;124m"[39m[38;5;124mgzip[39m[38;5;124m"[39m:
[1;32m    387[0m         [38;5;66;03m# Override compression based on Content-Encoding header[39;00m

File [0;32m/opt/hostedtoolcache/Python/3.10.18/x64/lib/python3.10/site-packages/pandas/io/common.py:289[0m, in [0;36murlopen[0;34m(*args, **kwargs)[0m
[1;32m    283[0m [38;5;250m[39m[38;5;124;03m"""[39;00m
[1;32m    284[0m [38;5;124;03mLazy-import wrapper for stdlib urlopen, as that imports a big chunk of[39;00m
[1;32m    285[0m [38;5;124;03mthe stdlib.[39;00m
[1;32m    286[0m [38;5;124;03m"""[39;00m
[1;32m    287[0m [38;5;28;01mimport[39;00m[38;5;250m [39m[38;5;21;01murllib[39;00m[38;5;21;01m.[39;00m[38;5;21;01mrequest[39;00m
[0;32m--> 289[0m [38;5;28;01mreturn[39;00m [43murllib[49m[38;5;241;43m.[39;49m[43mrequest[49m[38;5;241;43m.[39;49m[43murlopen[49m[43m([49m[38;5;241;43m*[39;49m[43margs[49m[43m,[49m[43m [49m[38;5;241;43m*[39;49m[38;5;241;43m*[39;49m[43mkwargs[49m[43m)[49m

File [0;32m/opt/hostedtoolcache/Python/3.10.18/x64/lib/python3.10/urllib/request.py:216[0m, in [0;36murlopen[0;34m(url, data, timeout, cafile, capath, cadefault, context)[0m
[1;32m    214[0m [38;5;28;01melse[39;00m:
[1;32m    215[0m     opener [38;5;241m=[39m _opener
[0;32m--> 216[0m [38;5;28;01mreturn[39;00m [43mopener[49m[38;5;241;43m.[39;49m[43mopen[49m[43m([49m[43murl[49m[43m,[49m[43m [49m[43mdata[49m[43m,[49m[43m [49m[43mtimeout[49m[43m)[49m

File [0;32m/opt/hostedtoolcache/Python/3.10.18/x64/lib/python3.10/urllib/request.py:519[0m, in [0;36mOpenerDirector.open[0;34m(self, fullurl, data, timeout)[0m
[1;32m    516[0m     req [38;5;241m=[39m meth(req)
[1;32m    518[0m sys[38;5;241m.[39maudit([38;5;124m'[39m[38;5;124murllib.Request[39m[38;5;124m'[39m, req[38;5;241m.[39mfull_url, req[38;5;241m.[39mdata, req[38;5;241m.[39mheaders, req[38;5;241m.[39mget_method())
[0;32m--> 519[0m response [38;5;241m=[39m [38;5;28;43mself[39;49m[38;5;241;43m.[39;49m[43m_open[49m[43m([49m[43mreq[49m[43m,[49m[43m [49m[43mdata[49m[43m)[49m
[1;32m    521[0m [38;5;66;03m# post-process response[39;00m
[1;32m    522[0m meth_name [38;5;241m=[39m protocol[38;5;241m+[39m[38;5;124m"[39m[38;5;124m_response[39m[38;5;124m"[39m

File [0;32m/opt/hostedtoolcache/Python/3.10.18/x64/lib/python3.10/urllib/request.py:536[0m, in [0;36mOpenerDirector._open[0;34m(self, req, data)[0m
[1;32m    533[0m     [38;5;28;01mreturn[39;00m result
[1;32m    535[0m protocol [38;5;241m=[39m req[38;5;241m.[39mtype
[0;32m--> 536[0m result [38;5;241m=[39m [38;5;28;43mself[39;49m[38;5;241;43m.[39;49m[43m_call_chain[49m[43m([49m[38;5;28;43mself[39;49m[38;5;241;43m.[39;49m[43mhandle_open[49m[43m,[49m[43m [49m[43mprotocol[49m[43m,[49m[43m [49m[43mprotocol[49m[43m [49m[38;5;241;43m+[39;49m
[1;32m    537[0m [43m                          [49m[38;5;124;43m'[39;49m[38;5;124;43m_open[39;49m[38;5;124;43m'[39;49m[43m,[49m[43m [49m[43mreq[49m[43m)[49m
[1;32m    538[0m [38;5;28;01mif[39;00m result:
[1;32m    539[0m     [38;5;28;01mreturn[39;00m result

File [0;32m/opt/hostedtoolcache/Python/3.10.18/x64/lib/python3.10/urllib/request.py:496[0m, in [0;36mOpenerDirector._call_chain[0;34m(self, chain, kind, meth_name, *args)[0m
[1;32m    494[0m [38;5;28;01mfor[39;00m handler [38;5;129;01min[39;00m handlers:
[1;32m    495[0m     func [38;5;241m=[39m [38;5;28mgetattr[39m(handler, meth_name)
[0;32m--> 496[0m     result [38;5;241m=[39m [43mfunc[49m[43m([49m[38;5;241;43m*[39;49m[43margs[49m[43m)[49m
[1;32m    497[0m     [38;5;28;01mif[39;00m result [38;5;129;01mis[39;00m [38;5;129;01mnot[39;00m [38;5;28;01mNone[39;00m:
[1;32m    498[0m         [38;5;28;01mreturn[39;00m result

File [0;32m/opt/hostedtoolcache/Python/3.10.18/x64/lib/python3.10/urllib/request.py:1391[0m, in [0;36mHTTPSHandler.https_open[0;34m(self, req)[0m
[1;32m   1390[0m [38;5;28;01mdef[39;00m[38;5;250m [39m[38;5;21mhttps_open[39m([38;5;28mself[39m, req):
[0;32m-> 1391[0m     [38;5;28;01mreturn[39;00m [38;5;28;43mself[39;49m[38;5;241;43m.[39;49m[43mdo_open[49m[43m([49m[43mhttp[49m[38;5;241;43m.[39;49m[43mclient[49m[38;5;241;43m.[39;49m[43mHTTPSConnection[49m[43m,[49m[43m [49m[43mreq[49m[43m,[49m
[1;32m   1392[0m [43m        [49m[43mcontext[49m[38;5;241;43m=[39;49m[38;5;28;43mself[39;49m[38;5;241;43m.[39;49m[43m_context[49m[43m,[49m[43m [49m[43mcheck_hostname[49m[38;5;241;43m=[39;49m[38;5;28;43mself[39;49m[38;5;241;43m.[39;49m[43m_check_hostname[49m[43m)[49m

File [0;32m/opt/hostedtoolcache/Python/3.10.18/x64/lib/python3.10/urllib/request.py:1351[0m, in [0;36mAbstractHTTPHandler.do_open[0;34m(self, http_class, req, **http_conn_args)[0m
[1;32m   1348[0m         h[38;5;241m.[39mrequest(req[38;5;241m.[39mget_method(), req[38;5;241m.[39mselector, req[38;5;241m.[39mdata, headers,
[1;32m   1349[0m                   encode_chunked[38;5;241m=[39mreq[38;5;241m.[39mhas_header([38;5;124m'[39m[38;5;124mTransfer-encoding[39m[38;5;124m'[39m))
[1;32m   1350[0m     [38;5;28;01mexcept[39;00m [38;5;167;01mOSError[39;00m [38;5;28;01mas[39;00m err: [38;5;66;03m# timeout error[39;00m
[0;32m-> 1351[0m         [38;5;28;01mraise[39;00m URLError(err)
[1;32m   1352[0m     r [38;5;241m=[39m h[38;5;241m.[39mgetresponse()
[1;32m   1353[0m [38;5;28;01mexcept[39;00m:

[0;31mURLError[0m: <urlopen error [SSL: CERTIFICATE_VERIFY_FAILED] certificate verify failed: certificate has expired (_ssl.c:1017)>

