Traceback (most recent call last):
  File "/opt/hostedtoolcache/Python/3.10.18/x64/lib/python3.10/site-packages/jupyter_core/utils/__init__.py", line 154, in wrapped
    asyncio.get_running_loop()
RuntimeError: no running event loop

During handling of the above exception, another exception occurred:

Traceback (most recent call last):
  File "/opt/hostedtoolcache/Python/3.10.18/x64/lib/python3.10/site-packages/jupyter_cache/executors/utils.py", line 58, in single_nb_execution
    executenb(
  File "/opt/hostedtoolcache/Python/3.10.18/x64/lib/python3.10/site-packages/nbclient/client.py", line 1319, in execute
    return NotebookClient(nb=nb, resources=resources, km=km, **kwargs).execute()
  File "/opt/hostedtoolcache/Python/3.10.18/x64/lib/python3.10/site-packages/jupyter_core/utils/__init__.py", line 158, in wrapped
    return loop.run_until_complete(inner)
  File "/opt/hostedtoolcache/Python/3.10.18/x64/lib/python3.10/asyncio/base_events.py", line 649, in run_until_complete
    return future.result()
  File "/opt/hostedtoolcache/Python/3.10.18/x64/lib/python3.10/site-packages/nbclient/client.py", line 709, in async_execute
    await self.async_execute_cell(
  File "/opt/hostedtoolcache/Python/3.10.18/x64/lib/python3.10/site-packages/nbclient/client.py", line 1062, in async_execute_cell
    await self._check_raise_for_error(cell, cell_index, exec_reply)
  File "/opt/hostedtoolcache/Python/3.10.18/x64/lib/python3.10/site-packages/nbclient/client.py", line 918, in _check_raise_for_error
    raise CellExecutionError.from_cell_and_msg(cell, exec_reply_content)
nbclient.exceptions.CellExecutionError: An error occurred while executing the following cell:
------------------
import seaborn as sns

# load the dataframe
tips = sns.load_dataset('tips')

ax = sns.boxplot(x="day", y="total_bill", hue="smoker", data=tips, palette="GnBu", zorder=0)

# add stripplot with dodge=True
sns.stripplot(x="day", y="total_bill", hue="smoker", data=tips, palette="GnBu",
              dodge=True, ax=ax, ec='k', linewidth=1, alpha=0.6)

# remove extra legend handles
handles, labels = ax.get_legend_handles_labels()
ax.legend(handles[:2], labels[:2], title='Smoker', bbox_to_anchor=(1, 1.02), loc='upper left')


------------------


[0;31m---------------------------------------------------------------------------[0m
[0;31mTypeError[0m                                 Traceback (most recent call last)
Cell [0;32mIn[17], line 9[0m
[1;32m      6[0m ax [38;5;241m=[39m sns[38;5;241m.[39mboxplot(x[38;5;241m=[39m[38;5;124m"[39m[38;5;124mday[39m[38;5;124m"[39m, y[38;5;241m=[39m[38;5;124m"[39m[38;5;124mtotal_bill[39m[38;5;124m"[39m, hue[38;5;241m=[39m[38;5;124m"[39m[38;5;124msmoker[39m[38;5;124m"[39m, data[38;5;241m=[39mtips, palette[38;5;241m=[39m[38;5;124m"[39m[38;5;124mGnBu[39m[38;5;124m"[39m, zorder[38;5;241m=[39m[38;5;241m0[39m)
[1;32m      8[0m [38;5;66;03m# add stripplot with dodge=True[39;00m
[0;32m----> 9[0m [43msns[49m[38;5;241;43m.[39;49m[43mstripplot[49m[43m([49m[43mx[49m[38;5;241;43m=[39;49m[38;5;124;43m"[39;49m[38;5;124;43mday[39;49m[38;5;124;43m"[39;49m[43m,[49m[43m [49m[43my[49m[38;5;241;43m=[39;49m[38;5;124;43m"[39;49m[38;5;124;43mtotal_bill[39;49m[38;5;124;43m"[39;49m[43m,[49m[43m [49m[43mhue[49m[38;5;241;43m=[39;49m[38;5;124;43m"[39;49m[38;5;124;43msmoker[39;49m[38;5;124;43m"[39;49m[43m,[49m[43m [49m[43mdata[49m[38;5;241;43m=[39;49m[43mtips[49m[43m,[49m[43m [49m[43mpalette[49m[38;5;241;43m=[39;49m[38;5;124;43m"[39;49m[38;5;124;43mGnBu[39;49m[38;5;124;43m"[39;49m[43m,[49m
[1;32m     10[0m [43m              [49m[43mdodge[49m[38;5;241;43m=[39;49m[38;5;28;43;01mTrue[39;49;00m[43m,[49m[43m [49m[43max[49m[38;5;241;43m=[39;49m[43max[49m[43m,[49m[43m [49m[43mec[49m[38;5;241;43m=[39;49m[38;5;124;43m'[39;49m[38;5;124;43mk[39;49m[38;5;124;43m'[39;49m[43m,[49m[43m [49m[43mlinewidth[49m[38;5;241;43m=[39;49m[38;5;241;43m1[39;49m[43m,[49m[43m [49m[43malpha[49m[38;5;241;43m=[39;49m[38;5;241;43m0.6[39;49m[43m)[49m
[1;32m     12[0m [38;5;66;03m# remove extra legend handles[39;00m
[1;32m     13[0m handles, labels [38;5;241m=[39m ax[38;5;241m.[39mget_legend_handles_labels()

File [0;32m/opt/hostedtoolcache/Python/3.10.18/x64/lib/python3.10/site-packages/seaborn/categorical.py:2119[0m, in [0;36mstripplot[0;34m(data, x, y, hue, order, hue_order, jitter, dodge, orient, color, palette, size, edgecolor, linewidth, hue_norm, log_scale, native_scale, formatter, legend, ax, **kwargs)[0m
[1;32m   2111[0m size [38;5;241m=[39m kwargs[38;5;241m.[39mget([38;5;124m"[39m[38;5;124ms[39m[38;5;124m"[39m, size)
[1;32m   2113[0m kwargs[38;5;241m.[39mupdate(
[1;32m   2114[0m     s[38;5;241m=[39msize [38;5;241m*[39m[38;5;241m*[39m [38;5;241m2[39m,
[1;32m   2115[0m     edgecolor[38;5;241m=[39medgecolor,
[1;32m   2116[0m     linewidth[38;5;241m=[39mlinewidth,
[1;32m   2117[0m )
[0;32m-> 2119[0m [43mp[49m[38;5;241;43m.[39;49m[43mplot_strips[49m[43m([49m
[1;32m   2120[0m [43m    [49m[43mjitter[49m[38;5;241;43m=[39;49m[43mjitter[49m[43m,[49m
[1;32m   2121[0m [43m    [49m[43mdodge[49m[38;5;241;43m=[39;49m[43mdodge[49m[43m,[49m
[1;32m   2122[0m [43m    [49m[43mcolor[49m[38;5;241;43m=[39;49m[43mcolor[49m[43m,[49m
[1;32m   2123[0m [43m    [49m[43mplot_kws[49m[38;5;241;43m=[39;49m[43mkwargs[49m[43m,[49m
[1;32m   2124[0m [43m[49m[43m)[49m
[1;32m   2126[0m [38;5;66;03m# XXX this happens inside a plotting method in the distribution plots[39;00m
[1;32m   2127[0m [38;5;66;03m# but maybe it's better out here? Alternatively, we have an open issue[39;00m
[1;32m   2128[0m [38;5;66;03m# suggesting that _attach could add default axes labels, which seems smart.[39;00m
[1;32m   2129[0m p[38;5;241m.[39m_add_axis_labels(ax)

File [0;32m/opt/hostedtoolcache/Python/3.10.18/x64/lib/python3.10/site-packages/seaborn/categorical.py:511[0m, in [0;36m_CategoricalPlotter.plot_strips[0;34m(self, jitter, dodge, color, plot_kws)[0m
[1;32m    508[0m sub_data[[38;5;28mself[39m[38;5;241m.[39morient] [38;5;241m=[39m adjusted_data
[1;32m    509[0m [38;5;28mself[39m[38;5;241m.[39m_invert_scale(ax, sub_data)
[0;32m--> 511[0m points [38;5;241m=[39m [43max[49m[38;5;241;43m.[39;49m[43mscatter[49m[43m([49m[43msub_data[49m[43m[[49m[38;5;124;43m"[39;49m[38;5;124;43mx[39;49m[38;5;124;43m"[39;49m[43m][49m[43m,[49m[43m [49m[43msub_data[49m[43m[[49m[38;5;124;43m"[39;49m[38;5;124;43my[39;49m[38;5;124;43m"[39;49m[43m][49m[43m,[49m[43m [49m[43mcolor[49m[38;5;241;43m=[39;49m[43mcolor[49m[43m,[49m[43m [49m[38;5;241;43m*[39;49m[38;5;241;43m*[39;49m[43mplot_kws[49m[43m)[49m
[1;32m    512[0m [38;5;28;01mif[39;00m [38;5;124m"[39m[38;5;124mhue[39m[38;5;124m"[39m [38;5;129;01min[39;00m [38;5;28mself[39m[38;5;241m.[39mvariables:
[1;32m    513[0m     points[38;5;241m.[39mset_facecolors([38;5;28mself[39m[38;5;241m.[39m_hue_map(sub_data[[38;5;124m"[39m[38;5;124mhue[39m[38;5;124m"[39m]))

File [0;32m/opt/hostedtoolcache/Python/3.10.18/x64/lib/python3.10/site-packages/matplotlib/_api/deprecation.py:453[0m, in [0;36mmake_keyword_only.<locals>.wrapper[0;34m(*args, **kwargs)[0m
[1;32m    447[0m [38;5;28;01mif[39;00m [38;5;28mlen[39m(args) [38;5;241m>[39m name_idx:
[1;32m    448[0m     warn_deprecated(
[1;32m    449[0m         since, message[38;5;241m=[39m[38;5;124m"[39m[38;5;124mPassing the [39m[38;5;132;01m%(name)s[39;00m[38;5;124m [39m[38;5;132;01m%(obj_type)s[39;00m[38;5;124m [39m[38;5;124m"[39m
[1;32m    450[0m         [38;5;124m"[39m[38;5;124mpositionally is deprecated since Matplotlib [39m[38;5;132;01m%(since)s[39;00m[38;5;124m; the [39m[38;5;124m"[39m
[1;32m    451[0m         [38;5;124m"[39m[38;5;124mparameter will become keyword-only in [39m[38;5;132;01m%(removal)s[39;00m[38;5;124m.[39m[38;5;124m"[39m,
[1;32m    452[0m         name[38;5;241m=[39mname, obj_type[38;5;241m=[39m[38;5;124mf[39m[38;5;124m"[39m[38;5;124mparameter of [39m[38;5;132;01m{[39;00mfunc[38;5;241m.[39m[38;5;18m__name__[39m[38;5;132;01m}[39;00m[38;5;124m()[39m[38;5;124m"[39m)
[0;32m--> 453[0m [38;5;28;01mreturn[39;00m [43mfunc[49m[43m([49m[38;5;241;43m*[39;49m[43margs[49m[43m,[49m[43m [49m[38;5;241;43m*[39;49m[38;5;241;43m*[39;49m[43mkwargs[49m[43m)[49m

File [0;32m/opt/hostedtoolcache/Python/3.10.18/x64/lib/python3.10/site-packages/matplotlib/__init__.py:1524[0m, in [0;36m_preprocess_data.<locals>.inner[0;34m(ax, data, *args, **kwargs)[0m
[1;32m   1521[0m [38;5;129m@functools[39m[38;5;241m.[39mwraps(func)
[1;32m   1522[0m [38;5;28;01mdef[39;00m[38;5;250m [39m[38;5;21minner[39m(ax, [38;5;241m*[39margs, data[38;5;241m=[39m[38;5;28;01mNone[39;00m, [38;5;241m*[39m[38;5;241m*[39mkwargs):
[1;32m   1523[0m     [38;5;28;01mif[39;00m data [38;5;129;01mis[39;00m [38;5;28;01mNone[39;00m:
[0;32m-> 1524[0m         [38;5;28;01mreturn[39;00m [43mfunc[49m[43m([49m
[1;32m   1525[0m [43m            [49m[43max[49m[43m,[49m
[1;32m   1526[0m [43m            [49m[38;5;241;43m*[39;49m[38;5;28;43mmap[39;49m[43m([49m[43mcbook[49m[38;5;241;43m.[39;49m[43msanitize_sequence[49m[43m,[49m[43m [49m[43margs[49m[43m)[49m[43m,[49m
[1;32m   1527[0m [43m            [49m[38;5;241;43m*[39;49m[38;5;241;43m*[39;49m[43m{[49m[43mk[49m[43m:[49m[43m [49m[43mcbook[49m[38;5;241;43m.[39;49m[43msanitize_sequence[49m[43m([49m[43mv[49m[43m)[49m[43m [49m[38;5;28;43;01mfor[39;49;00m[43m [49m[43mk[49m[43m,[49m[43m [49m[43mv[49m[43m [49m[38;5;129;43;01min[39;49;00m[43m [49m[43mkwargs[49m[38;5;241;43m.[39;49m[43mitems[49m[43m([49m[43m)[49m[43m}[49m[43m)[49m
[1;32m   1529[0m     bound [38;5;241m=[39m new_sig[38;5;241m.[39mbind(ax, [38;5;241m*[39margs, [38;5;241m*[39m[38;5;241m*[39mkwargs)
[1;32m   1530[0m     auto_label [38;5;241m=[39m (bound[38;5;241m.[39marguments[38;5;241m.[39mget(label_namer)
[1;32m   1531[0m                   [38;5;129;01mor[39;00m bound[38;5;241m.[39mkwargs[38;5;241m.[39mget(label_namer))

File [0;32m/opt/hostedtoolcache/Python/3.10.18/x64/lib/python3.10/site-packages/matplotlib/axes/_axes.py:4924[0m, in [0;36mAxes.scatter[0;34m(self, x, y, s, c, marker, cmap, norm, vmin, vmax, alpha, linewidths, edgecolors, colorizer, plotnonfinite, **kwargs)[0m
[1;32m   4921[0m [38;5;28;01mif[39;00m linewidths [38;5;129;01mis[39;00m [38;5;129;01mnot[39;00m [38;5;28;01mNone[39;00m:
[1;32m   4922[0m     kwargs[38;5;241m.[39mupdate({[38;5;124m'[39m[38;5;124mlinewidths[39m[38;5;124m'[39m: linewidths})
[0;32m-> 4924[0m kwargs [38;5;241m=[39m [43mcbook[49m[38;5;241;43m.[39;49m[43mnormalize_kwargs[49m[43m([49m[43mkwargs[49m[43m,[49m[43m [49m[43mmcoll[49m[38;5;241;43m.[39;49m[43mCollection[49m[43m)[49m
[1;32m   4925[0m [38;5;66;03m# re direct linewidth and edgecolor so it can be[39;00m
[1;32m   4926[0m [38;5;66;03m# further processed by the rest of the function[39;00m
[1;32m   4927[0m linewidths [38;5;241m=[39m kwargs[38;5;241m.[39mpop([38;5;124m'[39m[38;5;124mlinewidth[39m[38;5;124m'[39m, [38;5;28;01mNone[39;00m)

File [0;32m/opt/hostedtoolcache/Python/3.10.18/x64/lib/python3.10/site-packages/matplotlib/cbook.py:1800[0m, in [0;36mnormalize_kwargs[0;34m(kw, alias_mapping)[0m
[1;32m   1798[0m canonical [38;5;241m=[39m to_canonical[38;5;241m.[39mget(k, k)
[1;32m   1799[0m [38;5;28;01mif[39;00m canonical [38;5;129;01min[39;00m canonical_to_seen:
[0;32m-> 1800[0m     [38;5;28;01mraise[39;00m [38;5;167;01mTypeError[39;00m([38;5;124mf[39m[38;5;124m"[39m[38;5;124mGot both [39m[38;5;132;01m{[39;00mcanonical_to_seen[canonical][38;5;132;01m!r}[39;00m[38;5;124m and [39m[38;5;124m"[39m
[1;32m   1801[0m                     [38;5;124mf[39m[38;5;124m"[39m[38;5;132;01m{[39;00mk[38;5;132;01m!r}[39;00m[38;5;124m, which are aliases of one another[39m[38;5;124m"[39m)
[1;32m   1802[0m canonical_to_seen[canonical] [38;5;241m=[39m k
[1;32m   1803[0m ret[canonical] [38;5;241m=[39m v

[0;31mTypeError[0m: Got both 'ec' and 'edgecolor', which are aliases of one another

