Traceback (most recent call last):
  File "/opt/hostedtoolcache/Python/3.12.13/x64/lib/python3.12/site-packages/jupyter_cache/executors/utils.py", line 58, in single_nb_execution
    executenb(
  File "/opt/hostedtoolcache/Python/3.12.13/x64/lib/python3.12/site-packages/nbclient/client.py", line 1323, in execute
    return NotebookClient(nb=nb, resources=resources, km=km, **kwargs).execute()
           ^^^^^^^^^^^^^^^^^^^^^^^^^^^^^^^^^^^^^^^^^^^^^^^^^^^^^^^^^^^^^^^^^^^^^
  File "/opt/hostedtoolcache/Python/3.12.13/x64/lib/python3.12/site-packages/jupyter_core/utils/__init__.py", line 165, in wrapped
    return loop.run_until_complete(inner)
           ^^^^^^^^^^^^^^^^^^^^^^^^^^^^^^
  File "/opt/hostedtoolcache/Python/3.12.13/x64/lib/python3.12/asyncio/base_events.py", line 691, in run_until_complete
    return future.result()
           ^^^^^^^^^^^^^^^
  File "/opt/hostedtoolcache/Python/3.12.13/x64/lib/python3.12/site-packages/nbclient/client.py", line 709, in async_execute
    await self.async_execute_cell(
  File "/opt/hostedtoolcache/Python/3.12.13/x64/lib/python3.12/site-packages/nbclient/client.py", line 1062, in async_execute_cell
    await self._check_raise_for_error(cell, cell_index, exec_reply)
  File "/opt/hostedtoolcache/Python/3.12.13/x64/lib/python3.12/site-packages/nbclient/client.py", line 918, in _check_raise_for_error
    raise CellExecutionError.from_cell_and_msg(cell, exec_reply_content)
nbclient.exceptions.CellExecutionError: An error occurred while executing the following cell:
------------------
iqs = [ 82.6, 105.5,  96.7,  84.0, 127.2,  98.8,  94.3,
       122.1,  86.8,  86.1, 107.9, 118.9, 116.5, 101.0,
        91.0, 130.0, 155.7, 120.8, 107.9, 117.1, 100.1,
       108.2,  99.8, 103.6, 108.1, 110.3, 101.8, 131.7,
       103.8, 116.4]

import rpy2.robjects as robjects
from rpy2.robjects import r as runr, pandas2ri
from rpy2.robjects.packages import importr
pandas2ri.activate()

# import the BayesFactor package
BayesFactor = importr('BayesFactor')

# copy the data sample into the R workspace
robjects.globalenv["iqs"] = np.array(iqs)

# compute the Bayes factor
runr('bf = ttestBF(iqs, mu=100)')
runr('print(bf)')
------------------


[31m---------------------------------------------------------------------------[39m
[31mModuleNotFoundError[39m                       Traceback (most recent call last)
[36mCell[39m[36m [39m[32mIn[23][39m[32m, line 7[39m
[32m      3[39m         [32m91.0[39m, [32m130.0[39m, [32m155.7[39m, [32m120.8[39m, [32m107.9[39m, [32m117.1[39m, [32m100.1[39m,
[32m      4[39m        [32m108.2[39m,  [32m99.8[39m, [32m103.6[39m, [32m108.1[39m, [32m110.3[39m, [32m101.8[39m, [32m131.7[39m,
[32m      5[39m        [32m103.8[39m, [32m116.4[39m]
[32m      6[39m 
[32m----> [39m[32m7[39m [38;5;28;01mimport[39;00m rpy2.robjects [38;5;28;01mas[39;00m robjects
[32m      8[39m [38;5;28;01mfrom[39;00m rpy2.robjects [38;5;28;01mimport[39;00m r [38;5;28;01mas[39;00m runr, pandas2ri
[32m      9[39m [38;5;28;01mfrom[39;00m rpy2.robjects.packages [38;5;28;01mimport[39;00m importr
[32m     10[39m pandas2ri.activate()

[31mModuleNotFoundError[39m: No module named 'rpy2'

